                                      1 ;--------------------------------------------------------
                                      2 ; File Created by SDCC : free open source ANSI-C Compiler
                                      3 ; Version 4.1.0 #12072 (Linux)
                                      4 ;--------------------------------------------------------
                                      5 	.module card
                                      6 	.optsdcc -mgbz80
                                      7 	
                                      8 ;--------------------------------------------------------
                                      9 ; Public variables in this module
                                     10 ;--------------------------------------------------------
                                     11 	.globl _card_textures
                                     12 ;--------------------------------------------------------
                                     13 ; special function registers
                                     14 ;--------------------------------------------------------
                                     15 ;--------------------------------------------------------
                                     16 ; ram data
                                     17 ;--------------------------------------------------------
                                     18 	.area _DATA
                                     19 ;--------------------------------------------------------
                                     20 ; absolute external ram data
                                     21 ;--------------------------------------------------------
                                     22 	.area _DABS (ABS)
                                     23 ;--------------------------------------------------------
                                     24 ; global & static initialisations
                                     25 ;--------------------------------------------------------
                                     26 	.area _HOME
                                     27 	.area _GSINIT
                                     28 	.area _GSFINAL
                                     29 	.area _GSINIT
                                     30 ;--------------------------------------------------------
                                     31 ; Home
                                     32 ;--------------------------------------------------------
                                     33 	.area _HOME
                                     34 	.area _HOME
                                     35 ;--------------------------------------------------------
                                     36 ; code
                                     37 ;--------------------------------------------------------
                                     38 	.area _CODE
                                     39 	.area _CODE
      000000                         40 _card_textures:
      000000 7F                      41 	.db #0x7f	; 127
      000001 7F                      42 	.db #0x7f	; 127
      000002 80                      43 	.db #0x80	; 128
      000003 80                      44 	.db #0x80	; 128
      000004 98                      45 	.db #0x98	; 152
      000005 98                      46 	.db #0x98	; 152
      000006 A4                      47 	.db #0xa4	; 164
      000007 A4                      48 	.db #0xa4	; 164
      000008 BC                      49 	.db #0xbc	; 188
      000009 BC                      50 	.db #0xbc	; 188
      00000A A4                      51 	.db #0xa4	; 164
      00000B A4                      52 	.db #0xa4	; 164
      00000C A4                      53 	.db #0xa4	; 164
      00000D A4                      54 	.db #0xa4	; 164
      00000E 80                      55 	.db #0x80	; 128
      00000F 80                      56 	.db #0x80	; 128
      000010 7F                      57 	.db #0x7f	; 127
      000011 7F                      58 	.db #0x7f	; 127
      000012 80                      59 	.db #0x80	; 128
      000013 80                      60 	.db #0x80	; 128
      000014 98                      61 	.db #0x98	; 152
      000015 98                      62 	.db #0x98	; 152
      000016 A4                      63 	.db #0xa4	; 164
      000017 A4                      64 	.db #0xa4	; 164
      000018 88                      65 	.db #0x88	; 136
      000019 88                      66 	.db #0x88	; 136
      00001A 90                      67 	.db #0x90	; 144
      00001B 90                      68 	.db #0x90	; 144
      00001C BC                      69 	.db #0xbc	; 188
      00001D BC                      70 	.db #0xbc	; 188
      00001E 80                      71 	.db #0x80	; 128
      00001F 80                      72 	.db #0x80	; 128
      000020 7F                      73 	.db #0x7f	; 127
      000021 7F                      74 	.db #0x7f	; 127
      000022 80                      75 	.db #0x80	; 128
      000023 80                      76 	.db #0x80	; 128
      000024 B8                      77 	.db #0xb8	; 184
      000025 B8                      78 	.db #0xb8	; 184
      000026 84                      79 	.db #0x84	; 132
      000027 84                      80 	.db #0x84	; 132
      000028 98                      81 	.db #0x98	; 152
      000029 98                      82 	.db #0x98	; 152
      00002A 84                      83 	.db #0x84	; 132
      00002B 84                      84 	.db #0x84	; 132
      00002C B8                      85 	.db #0xb8	; 184
      00002D B8                      86 	.db #0xb8	; 184
      00002E 80                      87 	.db #0x80	; 128
      00002F 80                      88 	.db #0x80	; 128
      000030 7F                      89 	.db #0x7f	; 127
      000031 7F                      90 	.db #0x7f	; 127
      000032 80                      91 	.db #0x80	; 128
      000033 80                      92 	.db #0x80	; 128
      000034 88                      93 	.db #0x88	; 136
      000035 88                      94 	.db #0x88	; 136
      000036 98                      95 	.db #0x98	; 152
      000037 98                      96 	.db #0x98	; 152
      000038 A8                      97 	.db #0xa8	; 168
      000039 A8                      98 	.db #0xa8	; 168
      00003A BC                      99 	.db #0xbc	; 188
      00003B BC                     100 	.db #0xbc	; 188
      00003C 88                     101 	.db #0x88	; 136
      00003D 88                     102 	.db #0x88	; 136
      00003E 80                     103 	.db #0x80	; 128
      00003F 80                     104 	.db #0x80	; 128
      000040 7F                     105 	.db #0x7f	; 127
      000041 7F                     106 	.db #0x7f	; 127
      000042 80                     107 	.db #0x80	; 128
      000043 80                     108 	.db #0x80	; 128
      000044 BC                     109 	.db #0xbc	; 188
      000045 BC                     110 	.db #0xbc	; 188
      000046 A0                     111 	.db #0xa0	; 160
      000047 A0                     112 	.db #0xa0	; 160
      000048 B8                     113 	.db #0xb8	; 184
      000049 B8                     114 	.db #0xb8	; 184
      00004A 84                     115 	.db #0x84	; 132
      00004B 84                     116 	.db #0x84	; 132
      00004C B8                     117 	.db #0xb8	; 184
      00004D B8                     118 	.db #0xb8	; 184
      00004E 80                     119 	.db #0x80	; 128
      00004F 80                     120 	.db #0x80	; 128
      000050 7F                     121 	.db #0x7f	; 127
      000051 7F                     122 	.db #0x7f	; 127
      000052 80                     123 	.db #0x80	; 128
      000053 80                     124 	.db #0x80	; 128
      000054 98                     125 	.db #0x98	; 152
      000055 98                     126 	.db #0x98	; 152
      000056 A0                     127 	.db #0xa0	; 160
      000057 A0                     128 	.db #0xa0	; 160
      000058 B8                     129 	.db #0xb8	; 184
      000059 B8                     130 	.db #0xb8	; 184
      00005A A4                     131 	.db #0xa4	; 164
      00005B A4                     132 	.db #0xa4	; 164
      00005C 98                     133 	.db #0x98	; 152
      00005D 98                     134 	.db #0x98	; 152
      00005E 80                     135 	.db #0x80	; 128
      00005F 80                     136 	.db #0x80	; 128
      000060 7F                     137 	.db #0x7f	; 127
      000061 7F                     138 	.db #0x7f	; 127
      000062 80                     139 	.db #0x80	; 128
      000063 80                     140 	.db #0x80	; 128
      000064 B8                     141 	.db #0xb8	; 184
      000065 B8                     142 	.db #0xb8	; 184
      000066 88                     143 	.db #0x88	; 136
      000067 88                     144 	.db #0x88	; 136
      000068 90                     145 	.db #0x90	; 144
      000069 90                     146 	.db #0x90	; 144
      00006A 90                     147 	.db #0x90	; 144
      00006B 90                     148 	.db #0x90	; 144
      00006C 90                     149 	.db #0x90	; 144
      00006D 90                     150 	.db #0x90	; 144
      00006E 80                     151 	.db #0x80	; 128
      00006F 80                     152 	.db #0x80	; 128
      000070 7F                     153 	.db #0x7f	; 127
      000071 7F                     154 	.db #0x7f	; 127
      000072 80                     155 	.db #0x80	; 128
      000073 80                     156 	.db #0x80	; 128
      000074 B8                     157 	.db #0xb8	; 184
      000075 B8                     158 	.db #0xb8	; 184
      000076 A8                     159 	.db #0xa8	; 168
      000077 A8                     160 	.db #0xa8	; 168
      000078 B8                     161 	.db #0xb8	; 184
      000079 B8                     162 	.db #0xb8	; 184
      00007A A8                     163 	.db #0xa8	; 168
      00007B A8                     164 	.db #0xa8	; 168
      00007C B8                     165 	.db #0xb8	; 184
      00007D B8                     166 	.db #0xb8	; 184
      00007E 80                     167 	.db #0x80	; 128
      00007F 80                     168 	.db #0x80	; 128
      000080 7F                     169 	.db #0x7f	; 127
      000081 7F                     170 	.db #0x7f	; 127
      000082 80                     171 	.db #0x80	; 128
      000083 80                     172 	.db #0x80	; 128
      000084 B8                     173 	.db #0xb8	; 184
      000085 B8                     174 	.db #0xb8	; 184
      000086 A8                     175 	.db #0xa8	; 168
      000087 A8                     176 	.db #0xa8	; 168
      000088 B8                     177 	.db #0xb8	; 184
      000089 B8                     178 	.db #0xb8	; 184
      00008A 88                     179 	.db #0x88	; 136
      00008B 88                     180 	.db #0x88	; 136
      00008C 88                     181 	.db #0x88	; 136
      00008D 88                     182 	.db #0x88	; 136
      00008E 80                     183 	.db #0x80	; 128
      00008F 80                     184 	.db #0x80	; 128
      000090 7F                     185 	.db #0x7f	; 127
      000091 7F                     186 	.db #0x7f	; 127
      000092 80                     187 	.db #0x80	; 128
      000093 80                     188 	.db #0x80	; 128
      000094 AE                     189 	.db #0xae	; 174
      000095 AE                     190 	.db #0xae	; 174
      000096 AA                     191 	.db #0xaa	; 170
      000097 AA                     192 	.db #0xaa	; 170
      000098 AA                     193 	.db #0xaa	; 170
      000099 AA                     194 	.db #0xaa	; 170
      00009A AA                     195 	.db #0xaa	; 170
      00009B AA                     196 	.db #0xaa	; 170
      00009C AE                     197 	.db #0xae	; 174
      00009D AE                     198 	.db #0xae	; 174
      00009E 80                     199 	.db #0x80	; 128
      00009F 80                     200 	.db #0x80	; 128
      0000A0 7F                     201 	.db #0x7f	; 127
      0000A1 7F                     202 	.db #0x7f	; 127
      0000A2 80                     203 	.db #0x80	; 128
      0000A3 80                     204 	.db #0x80	; 128
      0000A4 BC                     205 	.db #0xbc	; 188
      0000A5 BC                     206 	.db #0xbc	; 188
      0000A6 88                     207 	.db #0x88	; 136
      0000A7 88                     208 	.db #0x88	; 136
      0000A8 88                     209 	.db #0x88	; 136
      0000A9 88                     210 	.db #0x88	; 136
      0000AA A8                     211 	.db #0xa8	; 168
      0000AB A8                     212 	.db #0xa8	; 168
      0000AC B8                     213 	.db #0xb8	; 184
      0000AD B8                     214 	.db #0xb8	; 184
      0000AE 80                     215 	.db #0x80	; 128
      0000AF 80                     216 	.db #0x80	; 128
      0000B0 7F                     217 	.db #0x7f	; 127
      0000B1 7F                     218 	.db #0x7f	; 127
      0000B2 80                     219 	.db #0x80	; 128
      0000B3 80                     220 	.db #0x80	; 128
      0000B4 BC                     221 	.db #0xbc	; 188
      0000B5 BC                     222 	.db #0xbc	; 188
      0000B6 A4                     223 	.db #0xa4	; 164
      0000B7 A4                     224 	.db #0xa4	; 164
      0000B8 A4                     225 	.db #0xa4	; 164
      0000B9 A4                     226 	.db #0xa4	; 164
      0000BA AC                     227 	.db #0xac	; 172
      0000BB AC                     228 	.db #0xac	; 172
      0000BC BC                     229 	.db #0xbc	; 188
      0000BD BC                     230 	.db #0xbc	; 188
      0000BE 80                     231 	.db #0x80	; 128
      0000BF 80                     232 	.db #0x80	; 128
      0000C0 7F                     233 	.db #0x7f	; 127
      0000C1 7F                     234 	.db #0x7f	; 127
      0000C2 80                     235 	.db #0x80	; 128
      0000C3 80                     236 	.db #0x80	; 128
      0000C4 A8                     237 	.db #0xa8	; 168
      0000C5 A8                     238 	.db #0xa8	; 168
      0000C6 A8                     239 	.db #0xa8	; 168
      0000C7 A8                     240 	.db #0xa8	; 168
      0000C8 B0                     241 	.db #0xb0	; 176
      0000C9 B0                     242 	.db #0xb0	; 176
      0000CA A8                     243 	.db #0xa8	; 168
      0000CB A8                     244 	.db #0xa8	; 168
      0000CC A8                     245 	.db #0xa8	; 168
      0000CD A8                     246 	.db #0xa8	; 168
      0000CE 80                     247 	.db #0x80	; 128
      0000CF 80                     248 	.db #0x80	; 128
      0000D0 FE                     249 	.db #0xfe	; 254
      0000D1 FE                     250 	.db #0xfe	; 254
      0000D2 01                     251 	.db #0x01	; 1
      0000D3 01                     252 	.db #0x01	; 1
      0000D4 11                     253 	.db #0x11	; 17
      0000D5 11                     254 	.db #0x11	; 17
      0000D6 39                     255 	.db #0x39	; 57	'9'
      0000D7 39                     256 	.db #0x39	; 57	'9'
      0000D8 7D                     257 	.db #0x7d	; 125
      0000D9 7D                     258 	.db #0x7d	; 125
      0000DA 7D                     259 	.db #0x7d	; 125
      0000DB 7D                     260 	.db #0x7d	; 125
      0000DC 11                     261 	.db #0x11	; 17
      0000DD 11                     262 	.db #0x11	; 17
      0000DE 39                     263 	.db #0x39	; 57	'9'
      0000DF 39                     264 	.db #0x39	; 57	'9'
      0000E0 FE                     265 	.db #0xfe	; 254
      0000E1 FE                     266 	.db #0xfe	; 254
      0000E2 01                     267 	.db #0x01	; 1
      0000E3 01                     268 	.db #0x01	; 1
      0000E4 39                     269 	.db #0x39	; 57	'9'
      0000E5 39                     270 	.db #0x39	; 57	'9'
      0000E6 55                     271 	.db #0x55	; 85	'U'
      0000E7 55                     272 	.db #0x55	; 85	'U'
      0000E8 7D                     273 	.db #0x7d	; 125
      0000E9 7D                     274 	.db #0x7d	; 125
      0000EA 55                     275 	.db #0x55	; 85	'U'
      0000EB 55                     276 	.db #0x55	; 85	'U'
      0000EC 11                     277 	.db #0x11	; 17
      0000ED 11                     278 	.db #0x11	; 17
      0000EE 01                     279 	.db #0x01	; 1
      0000EF 01                     280 	.db #0x01	; 1
      0000F0 FE                     281 	.db #0xfe	; 254
      0000F1 FE                     282 	.db #0xfe	; 254
      0000F2 01                     283 	.db #0x01	; 1
      0000F3 01                     284 	.db #0x01	; 1
      0000F4 11                     285 	.db #0x11	; 17
      0000F5 11                     286 	.db #0x11	; 17
      0000F6 29                     287 	.db #0x29	; 41
      0000F7 29                     288 	.db #0x29	; 41
      0000F8 45                     289 	.db #0x45	; 69	'E'
      0000F9 45                     290 	.db #0x45	; 69	'E'
      0000FA 29                     291 	.db #0x29	; 41
      0000FB 29                     292 	.db #0x29	; 41
      0000FC 11                     293 	.db #0x11	; 17
      0000FD 11                     294 	.db #0x11	; 17
      0000FE 01                     295 	.db #0x01	; 1
      0000FF 01                     296 	.db #0x01	; 1
      000100 FE                     297 	.db #0xfe	; 254
      000101 FE                     298 	.db #0xfe	; 254
      000102 01                     299 	.db #0x01	; 1
      000103 01                     300 	.db #0x01	; 1
      000104 29                     301 	.db #0x29	; 41
      000105 29                     302 	.db #0x29	; 41
      000106 55                     303 	.db #0x55	; 85	'U'
      000107 55                     304 	.db #0x55	; 85	'U'
      000108 45                     305 	.db #0x45	; 69	'E'
      000109 45                     306 	.db #0x45	; 69	'E'
      00010A 29                     307 	.db #0x29	; 41
      00010B 29                     308 	.db #0x29	; 41
      00010C 11                     309 	.db #0x11	; 17
      00010D 11                     310 	.db #0x11	; 17
      00010E 01                     311 	.db #0x01	; 1
      00010F 01                     312 	.db #0x01	; 1
      000110 7F                     313 	.db #0x7f	; 127
      000111 7F                     314 	.db #0x7f	; 127
      000112 80                     315 	.db #0x80	; 128
      000113 80                     316 	.db #0x80	; 128
      000114 80                     317 	.db #0x80	; 128
      000115 80                     318 	.db #0x80	; 128
      000116 80                     319 	.db #0x80	; 128
      000117 80                     320 	.db #0x80	; 128
      000118 80                     321 	.db #0x80	; 128
      000119 80                     322 	.db #0x80	; 128
      00011A 80                     323 	.db #0x80	; 128
      00011B 80                     324 	.db #0x80	; 128
      00011C 80                     325 	.db #0x80	; 128
      00011D 80                     326 	.db #0x80	; 128
      00011E 80                     327 	.db #0x80	; 128
      00011F 80                     328 	.db #0x80	; 128
      000120 FE                     329 	.db #0xfe	; 254
      000121 FE                     330 	.db #0xfe	; 254
      000122 01                     331 	.db #0x01	; 1
      000123 01                     332 	.db #0x01	; 1
      000124 01                     333 	.db #0x01	; 1
      000125 01                     334 	.db #0x01	; 1
      000126 01                     335 	.db #0x01	; 1
      000127 01                     336 	.db #0x01	; 1
      000128 01                     337 	.db #0x01	; 1
      000129 01                     338 	.db #0x01	; 1
      00012A 01                     339 	.db #0x01	; 1
      00012B 01                     340 	.db #0x01	; 1
      00012C 01                     341 	.db #0x01	; 1
      00012D 01                     342 	.db #0x01	; 1
      00012E 01                     343 	.db #0x01	; 1
      00012F 01                     344 	.db #0x01	; 1
      000130 80                     345 	.db #0x80	; 128
      000131 80                     346 	.db #0x80	; 128
      000132 80                     347 	.db #0x80	; 128
      000133 80                     348 	.db #0x80	; 128
      000134 80                     349 	.db #0x80	; 128
      000135 80                     350 	.db #0x80	; 128
      000136 80                     351 	.db #0x80	; 128
      000137 80                     352 	.db #0x80	; 128
      000138 80                     353 	.db #0x80	; 128
      000139 80                     354 	.db #0x80	; 128
      00013A 80                     355 	.db #0x80	; 128
      00013B 80                     356 	.db #0x80	; 128
      00013C 80                     357 	.db #0x80	; 128
      00013D 80                     358 	.db #0x80	; 128
      00013E 80                     359 	.db #0x80	; 128
      00013F 80                     360 	.db #0x80	; 128
      000140 01                     361 	.db #0x01	; 1
      000141 01                     362 	.db #0x01	; 1
      000142 01                     363 	.db #0x01	; 1
      000143 01                     364 	.db #0x01	; 1
      000144 01                     365 	.db #0x01	; 1
      000145 01                     366 	.db #0x01	; 1
      000146 01                     367 	.db #0x01	; 1
      000147 01                     368 	.db #0x01	; 1
      000148 01                     369 	.db #0x01	; 1
      000149 01                     370 	.db #0x01	; 1
      00014A 01                     371 	.db #0x01	; 1
      00014B 01                     372 	.db #0x01	; 1
      00014C 01                     373 	.db #0x01	; 1
      00014D 01                     374 	.db #0x01	; 1
      00014E 01                     375 	.db #0x01	; 1
      00014F 01                     376 	.db #0x01	; 1
      000150 80                     377 	.db #0x80	; 128
      000151 80                     378 	.db #0x80	; 128
      000152 80                     379 	.db #0x80	; 128
      000153 80                     380 	.db #0x80	; 128
      000154 80                     381 	.db #0x80	; 128
      000155 80                     382 	.db #0x80	; 128
      000156 80                     383 	.db #0x80	; 128
      000157 80                     384 	.db #0x80	; 128
      000158 80                     385 	.db #0x80	; 128
      000159 80                     386 	.db #0x80	; 128
      00015A 80                     387 	.db #0x80	; 128
      00015B 80                     388 	.db #0x80	; 128
      00015C 80                     389 	.db #0x80	; 128
      00015D 80                     390 	.db #0x80	; 128
      00015E 7F                     391 	.db #0x7f	; 127
      00015F 7F                     392 	.db #0x7f	; 127
      000160 01                     393 	.db #0x01	; 1
      000161 01                     394 	.db #0x01	; 1
      000162 01                     395 	.db #0x01	; 1
      000163 01                     396 	.db #0x01	; 1
      000164 01                     397 	.db #0x01	; 1
      000165 01                     398 	.db #0x01	; 1
      000166 01                     399 	.db #0x01	; 1
      000167 01                     400 	.db #0x01	; 1
      000168 01                     401 	.db #0x01	; 1
      000169 01                     402 	.db #0x01	; 1
      00016A 01                     403 	.db #0x01	; 1
      00016B 01                     404 	.db #0x01	; 1
      00016C 01                     405 	.db #0x01	; 1
      00016D 01                     406 	.db #0x01	; 1
      00016E FE                     407 	.db #0xfe	; 254
      00016F FE                     408 	.db #0xfe	; 254
      000170 7F                     409 	.db #0x7f	; 127
      000171 7F                     410 	.db #0x7f	; 127
      000172 FF                     411 	.db #0xff	; 255
      000173 80                     412 	.db #0x80	; 128
      000174 D5                     413 	.db #0xd5	; 213
      000175 AA                     414 	.db #0xaa	; 170
      000176 EA                     415 	.db #0xea	; 234
      000177 95                     416 	.db #0x95	; 149
      000178 D5                     417 	.db #0xd5	; 213
      000179 AA                     418 	.db #0xaa	; 170
      00017A EA                     419 	.db #0xea	; 234
      00017B 95                     420 	.db #0x95	; 149
      00017C D5                     421 	.db #0xd5	; 213
      00017D AA                     422 	.db #0xaa	; 170
      00017E EA                     423 	.db #0xea	; 234
      00017F 95                     424 	.db #0x95	; 149
      000180 FE                     425 	.db #0xfe	; 254
      000181 FE                     426 	.db #0xfe	; 254
      000182 FF                     427 	.db #0xff	; 255
      000183 01                     428 	.db #0x01	; 1
      000184 57                     429 	.db #0x57	; 87	'W'
      000185 A9                     430 	.db #0xa9	; 169
      000186 AB                     431 	.db #0xab	; 171
      000187 55                     432 	.db #0x55	; 85	'U'
      000188 57                     433 	.db #0x57	; 87	'W'
      000189 A9                     434 	.db #0xa9	; 169
      00018A AB                     435 	.db #0xab	; 171
      00018B 55                     436 	.db #0x55	; 85	'U'
      00018C 57                     437 	.db #0x57	; 87	'W'
      00018D A9                     438 	.db #0xa9	; 169
      00018E AB                     439 	.db #0xab	; 171
      00018F 55                     440 	.db #0x55	; 85	'U'
      000190 D5                     441 	.db #0xd5	; 213
      000191 AA                     442 	.db #0xaa	; 170
      000192 EA                     443 	.db #0xea	; 234
      000193 95                     444 	.db #0x95	; 149
      000194 D5                     445 	.db #0xd5	; 213
      000195 AA                     446 	.db #0xaa	; 170
      000196 EA                     447 	.db #0xea	; 234
      000197 95                     448 	.db #0x95	; 149
      000198 D5                     449 	.db #0xd5	; 213
      000199 AA                     450 	.db #0xaa	; 170
      00019A EA                     451 	.db #0xea	; 234
      00019B 95                     452 	.db #0x95	; 149
      00019C D5                     453 	.db #0xd5	; 213
      00019D AA                     454 	.db #0xaa	; 170
      00019E EA                     455 	.db #0xea	; 234
      00019F 95                     456 	.db #0x95	; 149
      0001A0 57                     457 	.db #0x57	; 87	'W'
      0001A1 A9                     458 	.db #0xa9	; 169
      0001A2 AB                     459 	.db #0xab	; 171
      0001A3 55                     460 	.db #0x55	; 85	'U'
      0001A4 57                     461 	.db #0x57	; 87	'W'
      0001A5 A9                     462 	.db #0xa9	; 169
      0001A6 AB                     463 	.db #0xab	; 171
      0001A7 55                     464 	.db #0x55	; 85	'U'
      0001A8 57                     465 	.db #0x57	; 87	'W'
      0001A9 A9                     466 	.db #0xa9	; 169
      0001AA AB                     467 	.db #0xab	; 171
      0001AB 55                     468 	.db #0x55	; 85	'U'
      0001AC 57                     469 	.db #0x57	; 87	'W'
      0001AD A9                     470 	.db #0xa9	; 169
      0001AE AB                     471 	.db #0xab	; 171
      0001AF 55                     472 	.db #0x55	; 85	'U'
      0001B0 D5                     473 	.db #0xd5	; 213
      0001B1 AA                     474 	.db #0xaa	; 170
      0001B2 EA                     475 	.db #0xea	; 234
      0001B3 95                     476 	.db #0x95	; 149
      0001B4 D5                     477 	.db #0xd5	; 213
      0001B5 AA                     478 	.db #0xaa	; 170
      0001B6 EA                     479 	.db #0xea	; 234
      0001B7 95                     480 	.db #0x95	; 149
      0001B8 D5                     481 	.db #0xd5	; 213
      0001B9 AA                     482 	.db #0xaa	; 170
      0001BA EA                     483 	.db #0xea	; 234
      0001BB 95                     484 	.db #0x95	; 149
      0001BC FF                     485 	.db #0xff	; 255
      0001BD 80                     486 	.db #0x80	; 128
      0001BE 7F                     487 	.db #0x7f	; 127
      0001BF 7F                     488 	.db #0x7f	; 127
      0001C0 57                     489 	.db #0x57	; 87	'W'
      0001C1 A9                     490 	.db #0xa9	; 169
      0001C2 AB                     491 	.db #0xab	; 171
      0001C3 55                     492 	.db #0x55	; 85	'U'
      0001C4 57                     493 	.db #0x57	; 87	'W'
      0001C5 A9                     494 	.db #0xa9	; 169
      0001C6 AB                     495 	.db #0xab	; 171
      0001C7 55                     496 	.db #0x55	; 85	'U'
      0001C8 57                     497 	.db #0x57	; 87	'W'
      0001C9 A9                     498 	.db #0xa9	; 169
      0001CA AB                     499 	.db #0xab	; 171
      0001CB 55                     500 	.db #0x55	; 85	'U'
      0001CC FF                     501 	.db #0xff	; 255
      0001CD 01                     502 	.db #0x01	; 1
      0001CE FE                     503 	.db #0xfe	; 254
      0001CF FE                     504 	.db #0xfe	; 254
      0001D0 01                     505 	.db #0x01	; 1
      0001D1 01                     506 	.db #0x01	; 1
      0001D2 25                     507 	.db #0x25	; 37
      0001D3 25                     508 	.db #0x25	; 37
      0001D4 25                     509 	.db #0x25	; 37
      0001D5 25                     510 	.db #0x25	; 37
      0001D6 3D                     511 	.db #0x3d	; 61
      0001D7 3D                     512 	.db #0x3d	; 61
      0001D8 25                     513 	.db #0x25	; 37
      0001D9 25                     514 	.db #0x25	; 37
      0001DA 19                     515 	.db #0x19	; 25
      0001DB 19                     516 	.db #0x19	; 25
      0001DC 01                     517 	.db #0x01	; 1
      0001DD 01                     518 	.db #0x01	; 1
      0001DE FE                     519 	.db #0xfe	; 254
      0001DF FE                     520 	.db #0xfe	; 254
      0001E0 01                     521 	.db #0x01	; 1
      0001E1 01                     522 	.db #0x01	; 1
      0001E2 3D                     523 	.db #0x3d	; 61
      0001E3 3D                     524 	.db #0x3d	; 61
      0001E4 09                     525 	.db #0x09	; 9
      0001E5 09                     526 	.db #0x09	; 9
      0001E6 11                     527 	.db #0x11	; 17
      0001E7 11                     528 	.db #0x11	; 17
      0001E8 25                     529 	.db #0x25	; 37
      0001E9 25                     530 	.db #0x25	; 37
      0001EA 19                     531 	.db #0x19	; 25
      0001EB 19                     532 	.db #0x19	; 25
      0001EC 01                     533 	.db #0x01	; 1
      0001ED 01                     534 	.db #0x01	; 1
      0001EE FE                     535 	.db #0xfe	; 254
      0001EF FE                     536 	.db #0xfe	; 254
      0001F0 01                     537 	.db #0x01	; 1
      0001F1 01                     538 	.db #0x01	; 1
      0001F2 1D                     539 	.db #0x1d	; 29
      0001F3 1D                     540 	.db #0x1d	; 29
      0001F4 21                     541 	.db #0x21	; 33
      0001F5 21                     542 	.db #0x21	; 33
      0001F6 19                     543 	.db #0x19	; 25
      0001F7 19                     544 	.db #0x19	; 25
      0001F8 21                     545 	.db #0x21	; 33
      0001F9 21                     546 	.db #0x21	; 33
      0001FA 1D                     547 	.db #0x1d	; 29
      0001FB 1D                     548 	.db #0x1d	; 29
      0001FC 01                     549 	.db #0x01	; 1
      0001FD 01                     550 	.db #0x01	; 1
      0001FE FE                     551 	.db #0xfe	; 254
      0001FF FE                     552 	.db #0xfe	; 254
      000200 01                     553 	.db #0x01	; 1
      000201 01                     554 	.db #0x01	; 1
      000202 11                     555 	.db #0x11	; 17
      000203 11                     556 	.db #0x11	; 17
      000204 3D                     557 	.db #0x3d	; 61
      000205 3D                     558 	.db #0x3d	; 61
      000206 15                     559 	.db #0x15	; 21
      000207 15                     560 	.db #0x15	; 21
      000208 19                     561 	.db #0x19	; 25
      000209 19                     562 	.db #0x19	; 25
      00020A 11                     563 	.db #0x11	; 17
      00020B 11                     564 	.db #0x11	; 17
      00020C 01                     565 	.db #0x01	; 1
      00020D 01                     566 	.db #0x01	; 1
      00020E FE                     567 	.db #0xfe	; 254
      00020F FE                     568 	.db #0xfe	; 254
      000210 01                     569 	.db #0x01	; 1
      000211 01                     570 	.db #0x01	; 1
      000212 1D                     571 	.db #0x1d	; 29
      000213 1D                     572 	.db #0x1d	; 29
      000214 21                     573 	.db #0x21	; 33
      000215 21                     574 	.db #0x21	; 33
      000216 1D                     575 	.db #0x1d	; 29
      000217 1D                     576 	.db #0x1d	; 29
      000218 05                     577 	.db #0x05	; 5
      000219 05                     578 	.db #0x05	; 5
      00021A 3D                     579 	.db #0x3d	; 61
      00021B 3D                     580 	.db #0x3d	; 61
      00021C 01                     581 	.db #0x01	; 1
      00021D 01                     582 	.db #0x01	; 1
      00021E FE                     583 	.db #0xfe	; 254
      00021F FE                     584 	.db #0xfe	; 254
      000220 01                     585 	.db #0x01	; 1
      000221 01                     586 	.db #0x01	; 1
      000222 19                     587 	.db #0x19	; 25
      000223 19                     588 	.db #0x19	; 25
      000224 25                     589 	.db #0x25	; 37
      000225 25                     590 	.db #0x25	; 37
      000226 1D                     591 	.db #0x1d	; 29
      000227 1D                     592 	.db #0x1d	; 29
      000228 05                     593 	.db #0x05	; 5
      000229 05                     594 	.db #0x05	; 5
      00022A 19                     595 	.db #0x19	; 25
      00022B 19                     596 	.db #0x19	; 25
      00022C 01                     597 	.db #0x01	; 1
      00022D 01                     598 	.db #0x01	; 1
      00022E FE                     599 	.db #0xfe	; 254
      00022F FE                     600 	.db #0xfe	; 254
      000230 01                     601 	.db #0x01	; 1
      000231 01                     602 	.db #0x01	; 1
      000232 09                     603 	.db #0x09	; 9
      000233 09                     604 	.db #0x09	; 9
      000234 09                     605 	.db #0x09	; 9
      000235 09                     606 	.db #0x09	; 9
      000236 09                     607 	.db #0x09	; 9
      000237 09                     608 	.db #0x09	; 9
      000238 11                     609 	.db #0x11	; 17
      000239 11                     610 	.db #0x11	; 17
      00023A 1D                     611 	.db #0x1d	; 29
      00023B 1D                     612 	.db #0x1d	; 29
      00023C 01                     613 	.db #0x01	; 1
      00023D 01                     614 	.db #0x01	; 1
      00023E FE                     615 	.db #0xfe	; 254
      00023F FE                     616 	.db #0xfe	; 254
      000240 01                     617 	.db #0x01	; 1
      000241 01                     618 	.db #0x01	; 1
      000242 1D                     619 	.db #0x1d	; 29
      000243 1D                     620 	.db #0x1d	; 29
      000244 15                     621 	.db #0x15	; 21
      000245 15                     622 	.db #0x15	; 21
      000246 1D                     623 	.db #0x1d	; 29
      000247 1D                     624 	.db #0x1d	; 29
      000248 15                     625 	.db #0x15	; 21
      000249 15                     626 	.db #0x15	; 21
      00024A 1D                     627 	.db #0x1d	; 29
      00024B 1D                     628 	.db #0x1d	; 29
      00024C 01                     629 	.db #0x01	; 1
      00024D 01                     630 	.db #0x01	; 1
      00024E FE                     631 	.db #0xfe	; 254
      00024F FE                     632 	.db #0xfe	; 254
      000250 01                     633 	.db #0x01	; 1
      000251 01                     634 	.db #0x01	; 1
      000252 11                     635 	.db #0x11	; 17
      000253 11                     636 	.db #0x11	; 17
      000254 11                     637 	.db #0x11	; 17
      000255 11                     638 	.db #0x11	; 17
      000256 1D                     639 	.db #0x1d	; 29
      000257 1D                     640 	.db #0x1d	; 29
      000258 15                     641 	.db #0x15	; 21
      000259 15                     642 	.db #0x15	; 21
      00025A 1D                     643 	.db #0x1d	; 29
      00025B 1D                     644 	.db #0x1d	; 29
      00025C 01                     645 	.db #0x01	; 1
      00025D 01                     646 	.db #0x01	; 1
      00025E FE                     647 	.db #0xfe	; 254
      00025F FE                     648 	.db #0xfe	; 254
      000260 01                     649 	.db #0x01	; 1
      000261 01                     650 	.db #0x01	; 1
      000262 75                     651 	.db #0x75	; 117	'u'
      000263 75                     652 	.db #0x75	; 117	'u'
      000264 55                     653 	.db #0x55	; 85	'U'
      000265 55                     654 	.db #0x55	; 85	'U'
      000266 55                     655 	.db #0x55	; 85	'U'
      000267 55                     656 	.db #0x55	; 85	'U'
      000268 55                     657 	.db #0x55	; 85	'U'
      000269 55                     658 	.db #0x55	; 85	'U'
      00026A 75                     659 	.db #0x75	; 117	'u'
      00026B 75                     660 	.db #0x75	; 117	'u'
      00026C 01                     661 	.db #0x01	; 1
      00026D 01                     662 	.db #0x01	; 1
      00026E FE                     663 	.db #0xfe	; 254
      00026F FE                     664 	.db #0xfe	; 254
      000270 01                     665 	.db #0x01	; 1
      000271 01                     666 	.db #0x01	; 1
      000272 1D                     667 	.db #0x1d	; 29
      000273 1D                     668 	.db #0x1d	; 29
      000274 15                     669 	.db #0x15	; 21
      000275 15                     670 	.db #0x15	; 21
      000276 11                     671 	.db #0x11	; 17
      000277 11                     672 	.db #0x11	; 17
      000278 11                     673 	.db #0x11	; 17
      000279 11                     674 	.db #0x11	; 17
      00027A 3D                     675 	.db #0x3d	; 61
      00027B 3D                     676 	.db #0x3d	; 61
      00027C 01                     677 	.db #0x01	; 1
      00027D 01                     678 	.db #0x01	; 1
      00027E FE                     679 	.db #0xfe	; 254
      00027F FE                     680 	.db #0xfe	; 254
      000280 01                     681 	.db #0x01	; 1
      000281 01                     682 	.db #0x01	; 1
      000282 3D                     683 	.db #0x3d	; 61
      000283 3D                     684 	.db #0x3d	; 61
      000284 35                     685 	.db #0x35	; 53	'5'
      000285 35                     686 	.db #0x35	; 53	'5'
      000286 25                     687 	.db #0x25	; 37
      000287 25                     688 	.db #0x25	; 37
      000288 25                     689 	.db #0x25	; 37
      000289 25                     690 	.db #0x25	; 37
      00028A 3D                     691 	.db #0x3d	; 61
      00028B 3D                     692 	.db #0x3d	; 61
      00028C 01                     693 	.db #0x01	; 1
      00028D 01                     694 	.db #0x01	; 1
      00028E FE                     695 	.db #0xfe	; 254
      00028F FE                     696 	.db #0xfe	; 254
      000290 01                     697 	.db #0x01	; 1
      000291 01                     698 	.db #0x01	; 1
      000292 15                     699 	.db #0x15	; 21
      000293 15                     700 	.db #0x15	; 21
      000294 15                     701 	.db #0x15	; 21
      000295 15                     702 	.db #0x15	; 21
      000296 0D                     703 	.db #0x0d	; 13
      000297 0D                     704 	.db #0x0d	; 13
      000298 15                     705 	.db #0x15	; 21
      000299 15                     706 	.db #0x15	; 21
      00029A 15                     707 	.db #0x15	; 21
      00029B 15                     708 	.db #0x15	; 21
      00029C 01                     709 	.db #0x01	; 1
      00029D 01                     710 	.db #0x01	; 1
      00029E FE                     711 	.db #0xfe	; 254
      00029F FE                     712 	.db #0xfe	; 254
      0002A0 9C                     713 	.db #0x9c	; 156
      0002A1 9C                     714 	.db #0x9c	; 156
      0002A2 88                     715 	.db #0x88	; 136
      0002A3 88                     716 	.db #0x88	; 136
      0002A4 BE                     717 	.db #0xbe	; 190
      0002A5 BE                     718 	.db #0xbe	; 190
      0002A6 BE                     719 	.db #0xbe	; 190
      0002A7 BE                     720 	.db #0xbe	; 190
      0002A8 9C                     721 	.db #0x9c	; 156
      0002A9 9C                     722 	.db #0x9c	; 156
      0002AA 88                     723 	.db #0x88	; 136
      0002AB 88                     724 	.db #0x88	; 136
      0002AC 80                     725 	.db #0x80	; 128
      0002AD 80                     726 	.db #0x80	; 128
      0002AE 7F                     727 	.db #0x7f	; 127
      0002AF 7F                     728 	.db #0x7f	; 127
      0002B0 80                     729 	.db #0x80	; 128
      0002B1 80                     730 	.db #0x80	; 128
      0002B2 88                     731 	.db #0x88	; 136
      0002B3 88                     732 	.db #0x88	; 136
      0002B4 AA                     733 	.db #0xaa	; 170
      0002B5 AA                     734 	.db #0xaa	; 170
      0002B6 BE                     735 	.db #0xbe	; 190
      0002B7 BE                     736 	.db #0xbe	; 190
      0002B8 AA                     737 	.db #0xaa	; 170
      0002B9 AA                     738 	.db #0xaa	; 170
      0002BA 9C                     739 	.db #0x9c	; 156
      0002BB 9C                     740 	.db #0x9c	; 156
      0002BC 80                     741 	.db #0x80	; 128
      0002BD 80                     742 	.db #0x80	; 128
      0002BE 7F                     743 	.db #0x7f	; 127
      0002BF 7F                     744 	.db #0x7f	; 127
      0002C0 80                     745 	.db #0x80	; 128
      0002C1 80                     746 	.db #0x80	; 128
      0002C2 88                     747 	.db #0x88	; 136
      0002C3 88                     748 	.db #0x88	; 136
      0002C4 94                     749 	.db #0x94	; 148
      0002C5 94                     750 	.db #0x94	; 148
      0002C6 A2                     751 	.db #0xa2	; 162
      0002C7 A2                     752 	.db #0xa2	; 162
      0002C8 94                     753 	.db #0x94	; 148
      0002C9 94                     754 	.db #0x94	; 148
      0002CA 88                     755 	.db #0x88	; 136
      0002CB 88                     756 	.db #0x88	; 136
      0002CC 80                     757 	.db #0x80	; 128
      0002CD 80                     758 	.db #0x80	; 128
      0002CE 7F                     759 	.db #0x7f	; 127
      0002CF 7F                     760 	.db #0x7f	; 127
      0002D0 80                     761 	.db #0x80	; 128
      0002D1 80                     762 	.db #0x80	; 128
      0002D2 88                     763 	.db #0x88	; 136
      0002D3 88                     764 	.db #0x88	; 136
      0002D4 94                     765 	.db #0x94	; 148
      0002D5 94                     766 	.db #0x94	; 148
      0002D6 A2                     767 	.db #0xa2	; 162
      0002D7 A2                     768 	.db #0xa2	; 162
      0002D8 AA                     769 	.db #0xaa	; 170
      0002D9 AA                     770 	.db #0xaa	; 170
      0002DA 94                     771 	.db #0x94	; 148
      0002DB 94                     772 	.db #0x94	; 148
      0002DC 80                     773 	.db #0x80	; 128
      0002DD 80                     774 	.db #0x80	; 128
      0002DE 7F                     775 	.db #0x7f	; 127
      0002DF 7F                     776 	.db #0x7f	; 127
                                    777 	.area _CABS (ABS)
