                                      1 ;--------------------------------------------------------
                                      2 ; File Created by SDCC : free open source ANSI-C Compiler
                                      3 ; Version 4.1.0 #12072 (Linux)
                                      4 ;--------------------------------------------------------
                                      5 	.module cards
                                      6 	.optsdcc -mgbz80
                                      7 	
                                      8 ;--------------------------------------------------------
                                      9 ; Public variables in this module
                                     10 ;--------------------------------------------------------
                                     11 	.globl _card_textures
                                     12 ;--------------------------------------------------------
                                     13 ; special function registers
                                     14 ;--------------------------------------------------------
                                     15 ;--------------------------------------------------------
                                     16 ; ram data
                                     17 ;--------------------------------------------------------
                                     18 	.area _DATA
                                     19 ;--------------------------------------------------------
                                     20 ; absolute external ram data
                                     21 ;--------------------------------------------------------
                                     22 	.area _DABS (ABS)
                                     23 ;--------------------------------------------------------
                                     24 ; global & static initialisations
                                     25 ;--------------------------------------------------------
                                     26 	.area _HOME
                                     27 	.area _GSINIT
                                     28 	.area _GSFINAL
                                     29 	.area _GSINIT
                                     30 ;--------------------------------------------------------
                                     31 ; Home
                                     32 ;--------------------------------------------------------
                                     33 	.area _HOME
                                     34 	.area _HOME
                                     35 ;--------------------------------------------------------
                                     36 ; code
                                     37 ;--------------------------------------------------------
                                     38 	.area _CODE
                                     39 	.area _CODE
      000000                         40 _card_textures:
      000000 00                      41 	.db #0x00	; 0
      000001 00                      42 	.db #0x00	; 0
      000002 00                      43 	.db #0x00	; 0
      000003 00                      44 	.db #0x00	; 0
      000004 00                      45 	.db #0x00	; 0
      000005 00                      46 	.db #0x00	; 0
      000006 00                      47 	.db #0x00	; 0
      000007 00                      48 	.db #0x00	; 0
      000008 00                      49 	.db #0x00	; 0
      000009 00                      50 	.db #0x00	; 0
      00000A 00                      51 	.db #0x00	; 0
      00000B 00                      52 	.db #0x00	; 0
      00000C 00                      53 	.db #0x00	; 0
      00000D 00                      54 	.db #0x00	; 0
      00000E 00                      55 	.db #0x00	; 0
      00000F 00                      56 	.db #0x00	; 0
      000010 7F                      57 	.db #0x7f	; 127
      000011 7F                      58 	.db #0x7f	; 127
      000012 80                      59 	.db #0x80	; 128
      000013 80                      60 	.db #0x80	; 128
      000014 98                      61 	.db #0x98	; 152
      000015 98                      62 	.db #0x98	; 152
      000016 A4                      63 	.db #0xa4	; 164
      000017 A4                      64 	.db #0xa4	; 164
      000018 BC                      65 	.db #0xbc	; 188
      000019 BC                      66 	.db #0xbc	; 188
      00001A A4                      67 	.db #0xa4	; 164
      00001B A4                      68 	.db #0xa4	; 164
      00001C A4                      69 	.db #0xa4	; 164
      00001D A4                      70 	.db #0xa4	; 164
      00001E 80                      71 	.db #0x80	; 128
      00001F 80                      72 	.db #0x80	; 128
      000020 7F                      73 	.db #0x7f	; 127
      000021 7F                      74 	.db #0x7f	; 127
      000022 80                      75 	.db #0x80	; 128
      000023 80                      76 	.db #0x80	; 128
      000024 98                      77 	.db #0x98	; 152
      000025 98                      78 	.db #0x98	; 152
      000026 A4                      79 	.db #0xa4	; 164
      000027 A4                      80 	.db #0xa4	; 164
      000028 88                      81 	.db #0x88	; 136
      000029 88                      82 	.db #0x88	; 136
      00002A 90                      83 	.db #0x90	; 144
      00002B 90                      84 	.db #0x90	; 144
      00002C BC                      85 	.db #0xbc	; 188
      00002D BC                      86 	.db #0xbc	; 188
      00002E 80                      87 	.db #0x80	; 128
      00002F 80                      88 	.db #0x80	; 128
      000030 7F                      89 	.db #0x7f	; 127
      000031 7F                      90 	.db #0x7f	; 127
      000032 80                      91 	.db #0x80	; 128
      000033 80                      92 	.db #0x80	; 128
      000034 B8                      93 	.db #0xb8	; 184
      000035 B8                      94 	.db #0xb8	; 184
      000036 84                      95 	.db #0x84	; 132
      000037 84                      96 	.db #0x84	; 132
      000038 98                      97 	.db #0x98	; 152
      000039 98                      98 	.db #0x98	; 152
      00003A 84                      99 	.db #0x84	; 132
      00003B 84                     100 	.db #0x84	; 132
      00003C B8                     101 	.db #0xb8	; 184
      00003D B8                     102 	.db #0xb8	; 184
      00003E 80                     103 	.db #0x80	; 128
      00003F 80                     104 	.db #0x80	; 128
      000040 7F                     105 	.db #0x7f	; 127
      000041 7F                     106 	.db #0x7f	; 127
      000042 80                     107 	.db #0x80	; 128
      000043 80                     108 	.db #0x80	; 128
      000044 88                     109 	.db #0x88	; 136
      000045 88                     110 	.db #0x88	; 136
      000046 98                     111 	.db #0x98	; 152
      000047 98                     112 	.db #0x98	; 152
      000048 A8                     113 	.db #0xa8	; 168
      000049 A8                     114 	.db #0xa8	; 168
      00004A BC                     115 	.db #0xbc	; 188
      00004B BC                     116 	.db #0xbc	; 188
      00004C 88                     117 	.db #0x88	; 136
      00004D 88                     118 	.db #0x88	; 136
      00004E 80                     119 	.db #0x80	; 128
      00004F 80                     120 	.db #0x80	; 128
      000050 7F                     121 	.db #0x7f	; 127
      000051 7F                     122 	.db #0x7f	; 127
      000052 80                     123 	.db #0x80	; 128
      000053 80                     124 	.db #0x80	; 128
      000054 BC                     125 	.db #0xbc	; 188
      000055 BC                     126 	.db #0xbc	; 188
      000056 A0                     127 	.db #0xa0	; 160
      000057 A0                     128 	.db #0xa0	; 160
      000058 B8                     129 	.db #0xb8	; 184
      000059 B8                     130 	.db #0xb8	; 184
      00005A 84                     131 	.db #0x84	; 132
      00005B 84                     132 	.db #0x84	; 132
      00005C B8                     133 	.db #0xb8	; 184
      00005D B8                     134 	.db #0xb8	; 184
      00005E 80                     135 	.db #0x80	; 128
      00005F 80                     136 	.db #0x80	; 128
      000060 7F                     137 	.db #0x7f	; 127
      000061 7F                     138 	.db #0x7f	; 127
      000062 80                     139 	.db #0x80	; 128
      000063 80                     140 	.db #0x80	; 128
      000064 98                     141 	.db #0x98	; 152
      000065 98                     142 	.db #0x98	; 152
      000066 A0                     143 	.db #0xa0	; 160
      000067 A0                     144 	.db #0xa0	; 160
      000068 B8                     145 	.db #0xb8	; 184
      000069 B8                     146 	.db #0xb8	; 184
      00006A A4                     147 	.db #0xa4	; 164
      00006B A4                     148 	.db #0xa4	; 164
      00006C 98                     149 	.db #0x98	; 152
      00006D 98                     150 	.db #0x98	; 152
      00006E 80                     151 	.db #0x80	; 128
      00006F 80                     152 	.db #0x80	; 128
      000070 7F                     153 	.db #0x7f	; 127
      000071 7F                     154 	.db #0x7f	; 127
      000072 80                     155 	.db #0x80	; 128
      000073 80                     156 	.db #0x80	; 128
      000074 B8                     157 	.db #0xb8	; 184
      000075 B8                     158 	.db #0xb8	; 184
      000076 88                     159 	.db #0x88	; 136
      000077 88                     160 	.db #0x88	; 136
      000078 90                     161 	.db #0x90	; 144
      000079 90                     162 	.db #0x90	; 144
      00007A 90                     163 	.db #0x90	; 144
      00007B 90                     164 	.db #0x90	; 144
      00007C 90                     165 	.db #0x90	; 144
      00007D 90                     166 	.db #0x90	; 144
      00007E 80                     167 	.db #0x80	; 128
      00007F 80                     168 	.db #0x80	; 128
      000080 7F                     169 	.db #0x7f	; 127
      000081 7F                     170 	.db #0x7f	; 127
      000082 80                     171 	.db #0x80	; 128
      000083 80                     172 	.db #0x80	; 128
      000084 B8                     173 	.db #0xb8	; 184
      000085 B8                     174 	.db #0xb8	; 184
      000086 A8                     175 	.db #0xa8	; 168
      000087 A8                     176 	.db #0xa8	; 168
      000088 B8                     177 	.db #0xb8	; 184
      000089 B8                     178 	.db #0xb8	; 184
      00008A A8                     179 	.db #0xa8	; 168
      00008B A8                     180 	.db #0xa8	; 168
      00008C B8                     181 	.db #0xb8	; 184
      00008D B8                     182 	.db #0xb8	; 184
      00008E 80                     183 	.db #0x80	; 128
      00008F 80                     184 	.db #0x80	; 128
      000090 7F                     185 	.db #0x7f	; 127
      000091 7F                     186 	.db #0x7f	; 127
      000092 80                     187 	.db #0x80	; 128
      000093 80                     188 	.db #0x80	; 128
      000094 B8                     189 	.db #0xb8	; 184
      000095 B8                     190 	.db #0xb8	; 184
      000096 A8                     191 	.db #0xa8	; 168
      000097 A8                     192 	.db #0xa8	; 168
      000098 B8                     193 	.db #0xb8	; 184
      000099 B8                     194 	.db #0xb8	; 184
      00009A 88                     195 	.db #0x88	; 136
      00009B 88                     196 	.db #0x88	; 136
      00009C 88                     197 	.db #0x88	; 136
      00009D 88                     198 	.db #0x88	; 136
      00009E 80                     199 	.db #0x80	; 128
      00009F 80                     200 	.db #0x80	; 128
      0000A0 7F                     201 	.db #0x7f	; 127
      0000A1 7F                     202 	.db #0x7f	; 127
      0000A2 80                     203 	.db #0x80	; 128
      0000A3 80                     204 	.db #0x80	; 128
      0000A4 AE                     205 	.db #0xae	; 174
      0000A5 AE                     206 	.db #0xae	; 174
      0000A6 AA                     207 	.db #0xaa	; 170
      0000A7 AA                     208 	.db #0xaa	; 170
      0000A8 AA                     209 	.db #0xaa	; 170
      0000A9 AA                     210 	.db #0xaa	; 170
      0000AA AA                     211 	.db #0xaa	; 170
      0000AB AA                     212 	.db #0xaa	; 170
      0000AC AE                     213 	.db #0xae	; 174
      0000AD AE                     214 	.db #0xae	; 174
      0000AE 80                     215 	.db #0x80	; 128
      0000AF 80                     216 	.db #0x80	; 128
      0000B0 7F                     217 	.db #0x7f	; 127
      0000B1 7F                     218 	.db #0x7f	; 127
      0000B2 80                     219 	.db #0x80	; 128
      0000B3 80                     220 	.db #0x80	; 128
      0000B4 BC                     221 	.db #0xbc	; 188
      0000B5 BC                     222 	.db #0xbc	; 188
      0000B6 88                     223 	.db #0x88	; 136
      0000B7 88                     224 	.db #0x88	; 136
      0000B8 88                     225 	.db #0x88	; 136
      0000B9 88                     226 	.db #0x88	; 136
      0000BA A8                     227 	.db #0xa8	; 168
      0000BB A8                     228 	.db #0xa8	; 168
      0000BC B8                     229 	.db #0xb8	; 184
      0000BD B8                     230 	.db #0xb8	; 184
      0000BE 80                     231 	.db #0x80	; 128
      0000BF 80                     232 	.db #0x80	; 128
      0000C0 7F                     233 	.db #0x7f	; 127
      0000C1 7F                     234 	.db #0x7f	; 127
      0000C2 80                     235 	.db #0x80	; 128
      0000C3 80                     236 	.db #0x80	; 128
      0000C4 BC                     237 	.db #0xbc	; 188
      0000C5 BC                     238 	.db #0xbc	; 188
      0000C6 A4                     239 	.db #0xa4	; 164
      0000C7 A4                     240 	.db #0xa4	; 164
      0000C8 A4                     241 	.db #0xa4	; 164
      0000C9 A4                     242 	.db #0xa4	; 164
      0000CA AC                     243 	.db #0xac	; 172
      0000CB AC                     244 	.db #0xac	; 172
      0000CC BC                     245 	.db #0xbc	; 188
      0000CD BC                     246 	.db #0xbc	; 188
      0000CE 80                     247 	.db #0x80	; 128
      0000CF 80                     248 	.db #0x80	; 128
      0000D0 7F                     249 	.db #0x7f	; 127
      0000D1 7F                     250 	.db #0x7f	; 127
      0000D2 80                     251 	.db #0x80	; 128
      0000D3 80                     252 	.db #0x80	; 128
      0000D4 A8                     253 	.db #0xa8	; 168
      0000D5 A8                     254 	.db #0xa8	; 168
      0000D6 A8                     255 	.db #0xa8	; 168
      0000D7 A8                     256 	.db #0xa8	; 168
      0000D8 B0                     257 	.db #0xb0	; 176
      0000D9 B0                     258 	.db #0xb0	; 176
      0000DA A8                     259 	.db #0xa8	; 168
      0000DB A8                     260 	.db #0xa8	; 168
      0000DC A8                     261 	.db #0xa8	; 168
      0000DD A8                     262 	.db #0xa8	; 168
      0000DE 80                     263 	.db #0x80	; 128
      0000DF 80                     264 	.db #0x80	; 128
      0000E0 FE                     265 	.db #0xfe	; 254
      0000E1 FE                     266 	.db #0xfe	; 254
      0000E2 01                     267 	.db #0x01	; 1
      0000E3 01                     268 	.db #0x01	; 1
      0000E4 11                     269 	.db #0x11	; 17
      0000E5 11                     270 	.db #0x11	; 17
      0000E6 39                     271 	.db #0x39	; 57	'9'
      0000E7 39                     272 	.db #0x39	; 57	'9'
      0000E8 7D                     273 	.db #0x7d	; 125
      0000E9 7D                     274 	.db #0x7d	; 125
      0000EA 7D                     275 	.db #0x7d	; 125
      0000EB 7D                     276 	.db #0x7d	; 125
      0000EC 11                     277 	.db #0x11	; 17
      0000ED 11                     278 	.db #0x11	; 17
      0000EE 39                     279 	.db #0x39	; 57	'9'
      0000EF 39                     280 	.db #0x39	; 57	'9'
      0000F0 FE                     281 	.db #0xfe	; 254
      0000F1 FE                     282 	.db #0xfe	; 254
      0000F2 01                     283 	.db #0x01	; 1
      0000F3 01                     284 	.db #0x01	; 1
      0000F4 39                     285 	.db #0x39	; 57	'9'
      0000F5 39                     286 	.db #0x39	; 57	'9'
      0000F6 55                     287 	.db #0x55	; 85	'U'
      0000F7 55                     288 	.db #0x55	; 85	'U'
      0000F8 7D                     289 	.db #0x7d	; 125
      0000F9 7D                     290 	.db #0x7d	; 125
      0000FA 55                     291 	.db #0x55	; 85	'U'
      0000FB 55                     292 	.db #0x55	; 85	'U'
      0000FC 11                     293 	.db #0x11	; 17
      0000FD 11                     294 	.db #0x11	; 17
      0000FE 01                     295 	.db #0x01	; 1
      0000FF 01                     296 	.db #0x01	; 1
      000100 FE                     297 	.db #0xfe	; 254
      000101 FE                     298 	.db #0xfe	; 254
      000102 01                     299 	.db #0x01	; 1
      000103 01                     300 	.db #0x01	; 1
      000104 11                     301 	.db #0x11	; 17
      000105 11                     302 	.db #0x11	; 17
      000106 29                     303 	.db #0x29	; 41
      000107 29                     304 	.db #0x29	; 41
      000108 45                     305 	.db #0x45	; 69	'E'
      000109 45                     306 	.db #0x45	; 69	'E'
      00010A 29                     307 	.db #0x29	; 41
      00010B 29                     308 	.db #0x29	; 41
      00010C 11                     309 	.db #0x11	; 17
      00010D 11                     310 	.db #0x11	; 17
      00010E 01                     311 	.db #0x01	; 1
      00010F 01                     312 	.db #0x01	; 1
      000110 FE                     313 	.db #0xfe	; 254
      000111 FE                     314 	.db #0xfe	; 254
      000112 01                     315 	.db #0x01	; 1
      000113 01                     316 	.db #0x01	; 1
      000114 29                     317 	.db #0x29	; 41
      000115 29                     318 	.db #0x29	; 41
      000116 55                     319 	.db #0x55	; 85	'U'
      000117 55                     320 	.db #0x55	; 85	'U'
      000118 45                     321 	.db #0x45	; 69	'E'
      000119 45                     322 	.db #0x45	; 69	'E'
      00011A 29                     323 	.db #0x29	; 41
      00011B 29                     324 	.db #0x29	; 41
      00011C 11                     325 	.db #0x11	; 17
      00011D 11                     326 	.db #0x11	; 17
      00011E 01                     327 	.db #0x01	; 1
      00011F 01                     328 	.db #0x01	; 1
      000120 7F                     329 	.db #0x7f	; 127
      000121 7F                     330 	.db #0x7f	; 127
      000122 80                     331 	.db #0x80	; 128
      000123 80                     332 	.db #0x80	; 128
      000124 80                     333 	.db #0x80	; 128
      000125 80                     334 	.db #0x80	; 128
      000126 80                     335 	.db #0x80	; 128
      000127 80                     336 	.db #0x80	; 128
      000128 80                     337 	.db #0x80	; 128
      000129 80                     338 	.db #0x80	; 128
      00012A 80                     339 	.db #0x80	; 128
      00012B 80                     340 	.db #0x80	; 128
      00012C 80                     341 	.db #0x80	; 128
      00012D 80                     342 	.db #0x80	; 128
      00012E 80                     343 	.db #0x80	; 128
      00012F 80                     344 	.db #0x80	; 128
      000130 FE                     345 	.db #0xfe	; 254
      000131 FE                     346 	.db #0xfe	; 254
      000132 01                     347 	.db #0x01	; 1
      000133 01                     348 	.db #0x01	; 1
      000134 01                     349 	.db #0x01	; 1
      000135 01                     350 	.db #0x01	; 1
      000136 01                     351 	.db #0x01	; 1
      000137 01                     352 	.db #0x01	; 1
      000138 01                     353 	.db #0x01	; 1
      000139 01                     354 	.db #0x01	; 1
      00013A 01                     355 	.db #0x01	; 1
      00013B 01                     356 	.db #0x01	; 1
      00013C 01                     357 	.db #0x01	; 1
      00013D 01                     358 	.db #0x01	; 1
      00013E 01                     359 	.db #0x01	; 1
      00013F 01                     360 	.db #0x01	; 1
      000140 80                     361 	.db #0x80	; 128
      000141 80                     362 	.db #0x80	; 128
      000142 80                     363 	.db #0x80	; 128
      000143 80                     364 	.db #0x80	; 128
      000144 80                     365 	.db #0x80	; 128
      000145 80                     366 	.db #0x80	; 128
      000146 80                     367 	.db #0x80	; 128
      000147 80                     368 	.db #0x80	; 128
      000148 80                     369 	.db #0x80	; 128
      000149 80                     370 	.db #0x80	; 128
      00014A 80                     371 	.db #0x80	; 128
      00014B 80                     372 	.db #0x80	; 128
      00014C 80                     373 	.db #0x80	; 128
      00014D 80                     374 	.db #0x80	; 128
      00014E 80                     375 	.db #0x80	; 128
      00014F 80                     376 	.db #0x80	; 128
      000150 01                     377 	.db #0x01	; 1
      000151 01                     378 	.db #0x01	; 1
      000152 01                     379 	.db #0x01	; 1
      000153 01                     380 	.db #0x01	; 1
      000154 01                     381 	.db #0x01	; 1
      000155 01                     382 	.db #0x01	; 1
      000156 01                     383 	.db #0x01	; 1
      000157 01                     384 	.db #0x01	; 1
      000158 01                     385 	.db #0x01	; 1
      000159 01                     386 	.db #0x01	; 1
      00015A 01                     387 	.db #0x01	; 1
      00015B 01                     388 	.db #0x01	; 1
      00015C 01                     389 	.db #0x01	; 1
      00015D 01                     390 	.db #0x01	; 1
      00015E 01                     391 	.db #0x01	; 1
      00015F 01                     392 	.db #0x01	; 1
      000160 80                     393 	.db #0x80	; 128
      000161 80                     394 	.db #0x80	; 128
      000162 80                     395 	.db #0x80	; 128
      000163 80                     396 	.db #0x80	; 128
      000164 80                     397 	.db #0x80	; 128
      000165 80                     398 	.db #0x80	; 128
      000166 80                     399 	.db #0x80	; 128
      000167 80                     400 	.db #0x80	; 128
      000168 80                     401 	.db #0x80	; 128
      000169 80                     402 	.db #0x80	; 128
      00016A 80                     403 	.db #0x80	; 128
      00016B 80                     404 	.db #0x80	; 128
      00016C 80                     405 	.db #0x80	; 128
      00016D 80                     406 	.db #0x80	; 128
      00016E 7F                     407 	.db #0x7f	; 127
      00016F 7F                     408 	.db #0x7f	; 127
      000170 01                     409 	.db #0x01	; 1
      000171 01                     410 	.db #0x01	; 1
      000172 01                     411 	.db #0x01	; 1
      000173 01                     412 	.db #0x01	; 1
      000174 01                     413 	.db #0x01	; 1
      000175 01                     414 	.db #0x01	; 1
      000176 01                     415 	.db #0x01	; 1
      000177 01                     416 	.db #0x01	; 1
      000178 01                     417 	.db #0x01	; 1
      000179 01                     418 	.db #0x01	; 1
      00017A 01                     419 	.db #0x01	; 1
      00017B 01                     420 	.db #0x01	; 1
      00017C 01                     421 	.db #0x01	; 1
      00017D 01                     422 	.db #0x01	; 1
      00017E FE                     423 	.db #0xfe	; 254
      00017F FE                     424 	.db #0xfe	; 254
      000180 7F                     425 	.db #0x7f	; 127
      000181 7F                     426 	.db #0x7f	; 127
      000182 FF                     427 	.db #0xff	; 255
      000183 80                     428 	.db #0x80	; 128
      000184 D5                     429 	.db #0xd5	; 213
      000185 AA                     430 	.db #0xaa	; 170
      000186 EA                     431 	.db #0xea	; 234
      000187 95                     432 	.db #0x95	; 149
      000188 D5                     433 	.db #0xd5	; 213
      000189 AA                     434 	.db #0xaa	; 170
      00018A EA                     435 	.db #0xea	; 234
      00018B 95                     436 	.db #0x95	; 149
      00018C D5                     437 	.db #0xd5	; 213
      00018D AA                     438 	.db #0xaa	; 170
      00018E EA                     439 	.db #0xea	; 234
      00018F 95                     440 	.db #0x95	; 149
      000190 FE                     441 	.db #0xfe	; 254
      000191 FE                     442 	.db #0xfe	; 254
      000192 FF                     443 	.db #0xff	; 255
      000193 01                     444 	.db #0x01	; 1
      000194 57                     445 	.db #0x57	; 87	'W'
      000195 A9                     446 	.db #0xa9	; 169
      000196 AB                     447 	.db #0xab	; 171
      000197 55                     448 	.db #0x55	; 85	'U'
      000198 57                     449 	.db #0x57	; 87	'W'
      000199 A9                     450 	.db #0xa9	; 169
      00019A AB                     451 	.db #0xab	; 171
      00019B 55                     452 	.db #0x55	; 85	'U'
      00019C 57                     453 	.db #0x57	; 87	'W'
      00019D A9                     454 	.db #0xa9	; 169
      00019E AB                     455 	.db #0xab	; 171
      00019F 55                     456 	.db #0x55	; 85	'U'
      0001A0 D5                     457 	.db #0xd5	; 213
      0001A1 AA                     458 	.db #0xaa	; 170
      0001A2 EA                     459 	.db #0xea	; 234
      0001A3 95                     460 	.db #0x95	; 149
      0001A4 D5                     461 	.db #0xd5	; 213
      0001A5 AA                     462 	.db #0xaa	; 170
      0001A6 EA                     463 	.db #0xea	; 234
      0001A7 95                     464 	.db #0x95	; 149
      0001A8 D5                     465 	.db #0xd5	; 213
      0001A9 AA                     466 	.db #0xaa	; 170
      0001AA EA                     467 	.db #0xea	; 234
      0001AB 95                     468 	.db #0x95	; 149
      0001AC D5                     469 	.db #0xd5	; 213
      0001AD AA                     470 	.db #0xaa	; 170
      0001AE EA                     471 	.db #0xea	; 234
      0001AF 95                     472 	.db #0x95	; 149
      0001B0 57                     473 	.db #0x57	; 87	'W'
      0001B1 A9                     474 	.db #0xa9	; 169
      0001B2 AB                     475 	.db #0xab	; 171
      0001B3 55                     476 	.db #0x55	; 85	'U'
      0001B4 57                     477 	.db #0x57	; 87	'W'
      0001B5 A9                     478 	.db #0xa9	; 169
      0001B6 AB                     479 	.db #0xab	; 171
      0001B7 55                     480 	.db #0x55	; 85	'U'
      0001B8 57                     481 	.db #0x57	; 87	'W'
      0001B9 A9                     482 	.db #0xa9	; 169
      0001BA AB                     483 	.db #0xab	; 171
      0001BB 55                     484 	.db #0x55	; 85	'U'
      0001BC 57                     485 	.db #0x57	; 87	'W'
      0001BD A9                     486 	.db #0xa9	; 169
      0001BE AB                     487 	.db #0xab	; 171
      0001BF 55                     488 	.db #0x55	; 85	'U'
      0001C0 D5                     489 	.db #0xd5	; 213
      0001C1 AA                     490 	.db #0xaa	; 170
      0001C2 EA                     491 	.db #0xea	; 234
      0001C3 95                     492 	.db #0x95	; 149
      0001C4 D5                     493 	.db #0xd5	; 213
      0001C5 AA                     494 	.db #0xaa	; 170
      0001C6 EA                     495 	.db #0xea	; 234
      0001C7 95                     496 	.db #0x95	; 149
      0001C8 D5                     497 	.db #0xd5	; 213
      0001C9 AA                     498 	.db #0xaa	; 170
      0001CA EA                     499 	.db #0xea	; 234
      0001CB 95                     500 	.db #0x95	; 149
      0001CC FF                     501 	.db #0xff	; 255
      0001CD 80                     502 	.db #0x80	; 128
      0001CE 7F                     503 	.db #0x7f	; 127
      0001CF 7F                     504 	.db #0x7f	; 127
      0001D0 57                     505 	.db #0x57	; 87	'W'
      0001D1 A9                     506 	.db #0xa9	; 169
      0001D2 AB                     507 	.db #0xab	; 171
      0001D3 55                     508 	.db #0x55	; 85	'U'
      0001D4 57                     509 	.db #0x57	; 87	'W'
      0001D5 A9                     510 	.db #0xa9	; 169
      0001D6 AB                     511 	.db #0xab	; 171
      0001D7 55                     512 	.db #0x55	; 85	'U'
      0001D8 57                     513 	.db #0x57	; 87	'W'
      0001D9 A9                     514 	.db #0xa9	; 169
      0001DA AB                     515 	.db #0xab	; 171
      0001DB 55                     516 	.db #0x55	; 85	'U'
      0001DC FF                     517 	.db #0xff	; 255
      0001DD 01                     518 	.db #0x01	; 1
      0001DE FE                     519 	.db #0xfe	; 254
      0001DF FE                     520 	.db #0xfe	; 254
      0001E0 01                     521 	.db #0x01	; 1
      0001E1 01                     522 	.db #0x01	; 1
      0001E2 25                     523 	.db #0x25	; 37
      0001E3 25                     524 	.db #0x25	; 37
      0001E4 25                     525 	.db #0x25	; 37
      0001E5 25                     526 	.db #0x25	; 37
      0001E6 3D                     527 	.db #0x3d	; 61
      0001E7 3D                     528 	.db #0x3d	; 61
      0001E8 25                     529 	.db #0x25	; 37
      0001E9 25                     530 	.db #0x25	; 37
      0001EA 19                     531 	.db #0x19	; 25
      0001EB 19                     532 	.db #0x19	; 25
      0001EC 01                     533 	.db #0x01	; 1
      0001ED 01                     534 	.db #0x01	; 1
      0001EE FE                     535 	.db #0xfe	; 254
      0001EF FE                     536 	.db #0xfe	; 254
      0001F0 01                     537 	.db #0x01	; 1
      0001F1 01                     538 	.db #0x01	; 1
      0001F2 3D                     539 	.db #0x3d	; 61
      0001F3 3D                     540 	.db #0x3d	; 61
      0001F4 09                     541 	.db #0x09	; 9
      0001F5 09                     542 	.db #0x09	; 9
      0001F6 11                     543 	.db #0x11	; 17
      0001F7 11                     544 	.db #0x11	; 17
      0001F8 25                     545 	.db #0x25	; 37
      0001F9 25                     546 	.db #0x25	; 37
      0001FA 19                     547 	.db #0x19	; 25
      0001FB 19                     548 	.db #0x19	; 25
      0001FC 01                     549 	.db #0x01	; 1
      0001FD 01                     550 	.db #0x01	; 1
      0001FE FE                     551 	.db #0xfe	; 254
      0001FF FE                     552 	.db #0xfe	; 254
      000200 01                     553 	.db #0x01	; 1
      000201 01                     554 	.db #0x01	; 1
      000202 1D                     555 	.db #0x1d	; 29
      000203 1D                     556 	.db #0x1d	; 29
      000204 21                     557 	.db #0x21	; 33
      000205 21                     558 	.db #0x21	; 33
      000206 19                     559 	.db #0x19	; 25
      000207 19                     560 	.db #0x19	; 25
      000208 21                     561 	.db #0x21	; 33
      000209 21                     562 	.db #0x21	; 33
      00020A 1D                     563 	.db #0x1d	; 29
      00020B 1D                     564 	.db #0x1d	; 29
      00020C 01                     565 	.db #0x01	; 1
      00020D 01                     566 	.db #0x01	; 1
      00020E FE                     567 	.db #0xfe	; 254
      00020F FE                     568 	.db #0xfe	; 254
      000210 01                     569 	.db #0x01	; 1
      000211 01                     570 	.db #0x01	; 1
      000212 11                     571 	.db #0x11	; 17
      000213 11                     572 	.db #0x11	; 17
      000214 3D                     573 	.db #0x3d	; 61
      000215 3D                     574 	.db #0x3d	; 61
      000216 15                     575 	.db #0x15	; 21
      000217 15                     576 	.db #0x15	; 21
      000218 19                     577 	.db #0x19	; 25
      000219 19                     578 	.db #0x19	; 25
      00021A 11                     579 	.db #0x11	; 17
      00021B 11                     580 	.db #0x11	; 17
      00021C 01                     581 	.db #0x01	; 1
      00021D 01                     582 	.db #0x01	; 1
      00021E FE                     583 	.db #0xfe	; 254
      00021F FE                     584 	.db #0xfe	; 254
      000220 01                     585 	.db #0x01	; 1
      000221 01                     586 	.db #0x01	; 1
      000222 1D                     587 	.db #0x1d	; 29
      000223 1D                     588 	.db #0x1d	; 29
      000224 21                     589 	.db #0x21	; 33
      000225 21                     590 	.db #0x21	; 33
      000226 1D                     591 	.db #0x1d	; 29
      000227 1D                     592 	.db #0x1d	; 29
      000228 05                     593 	.db #0x05	; 5
      000229 05                     594 	.db #0x05	; 5
      00022A 3D                     595 	.db #0x3d	; 61
      00022B 3D                     596 	.db #0x3d	; 61
      00022C 01                     597 	.db #0x01	; 1
      00022D 01                     598 	.db #0x01	; 1
      00022E FE                     599 	.db #0xfe	; 254
      00022F FE                     600 	.db #0xfe	; 254
      000230 01                     601 	.db #0x01	; 1
      000231 01                     602 	.db #0x01	; 1
      000232 19                     603 	.db #0x19	; 25
      000233 19                     604 	.db #0x19	; 25
      000234 25                     605 	.db #0x25	; 37
      000235 25                     606 	.db #0x25	; 37
      000236 1D                     607 	.db #0x1d	; 29
      000237 1D                     608 	.db #0x1d	; 29
      000238 05                     609 	.db #0x05	; 5
      000239 05                     610 	.db #0x05	; 5
      00023A 19                     611 	.db #0x19	; 25
      00023B 19                     612 	.db #0x19	; 25
      00023C 01                     613 	.db #0x01	; 1
      00023D 01                     614 	.db #0x01	; 1
      00023E FE                     615 	.db #0xfe	; 254
      00023F FE                     616 	.db #0xfe	; 254
      000240 01                     617 	.db #0x01	; 1
      000241 01                     618 	.db #0x01	; 1
      000242 09                     619 	.db #0x09	; 9
      000243 09                     620 	.db #0x09	; 9
      000244 09                     621 	.db #0x09	; 9
      000245 09                     622 	.db #0x09	; 9
      000246 09                     623 	.db #0x09	; 9
      000247 09                     624 	.db #0x09	; 9
      000248 11                     625 	.db #0x11	; 17
      000249 11                     626 	.db #0x11	; 17
      00024A 1D                     627 	.db #0x1d	; 29
      00024B 1D                     628 	.db #0x1d	; 29
      00024C 01                     629 	.db #0x01	; 1
      00024D 01                     630 	.db #0x01	; 1
      00024E FE                     631 	.db #0xfe	; 254
      00024F FE                     632 	.db #0xfe	; 254
      000250 01                     633 	.db #0x01	; 1
      000251 01                     634 	.db #0x01	; 1
      000252 1D                     635 	.db #0x1d	; 29
      000253 1D                     636 	.db #0x1d	; 29
      000254 15                     637 	.db #0x15	; 21
      000255 15                     638 	.db #0x15	; 21
      000256 1D                     639 	.db #0x1d	; 29
      000257 1D                     640 	.db #0x1d	; 29
      000258 15                     641 	.db #0x15	; 21
      000259 15                     642 	.db #0x15	; 21
      00025A 1D                     643 	.db #0x1d	; 29
      00025B 1D                     644 	.db #0x1d	; 29
      00025C 01                     645 	.db #0x01	; 1
      00025D 01                     646 	.db #0x01	; 1
      00025E FE                     647 	.db #0xfe	; 254
      00025F FE                     648 	.db #0xfe	; 254
      000260 01                     649 	.db #0x01	; 1
      000261 01                     650 	.db #0x01	; 1
      000262 11                     651 	.db #0x11	; 17
      000263 11                     652 	.db #0x11	; 17
      000264 11                     653 	.db #0x11	; 17
      000265 11                     654 	.db #0x11	; 17
      000266 1D                     655 	.db #0x1d	; 29
      000267 1D                     656 	.db #0x1d	; 29
      000268 15                     657 	.db #0x15	; 21
      000269 15                     658 	.db #0x15	; 21
      00026A 1D                     659 	.db #0x1d	; 29
      00026B 1D                     660 	.db #0x1d	; 29
      00026C 01                     661 	.db #0x01	; 1
      00026D 01                     662 	.db #0x01	; 1
      00026E FE                     663 	.db #0xfe	; 254
      00026F FE                     664 	.db #0xfe	; 254
      000270 01                     665 	.db #0x01	; 1
      000271 01                     666 	.db #0x01	; 1
      000272 75                     667 	.db #0x75	; 117	'u'
      000273 75                     668 	.db #0x75	; 117	'u'
      000274 55                     669 	.db #0x55	; 85	'U'
      000275 55                     670 	.db #0x55	; 85	'U'
      000276 55                     671 	.db #0x55	; 85	'U'
      000277 55                     672 	.db #0x55	; 85	'U'
      000278 55                     673 	.db #0x55	; 85	'U'
      000279 55                     674 	.db #0x55	; 85	'U'
      00027A 75                     675 	.db #0x75	; 117	'u'
      00027B 75                     676 	.db #0x75	; 117	'u'
      00027C 01                     677 	.db #0x01	; 1
      00027D 01                     678 	.db #0x01	; 1
      00027E FE                     679 	.db #0xfe	; 254
      00027F FE                     680 	.db #0xfe	; 254
      000280 01                     681 	.db #0x01	; 1
      000281 01                     682 	.db #0x01	; 1
      000282 1D                     683 	.db #0x1d	; 29
      000283 1D                     684 	.db #0x1d	; 29
      000284 15                     685 	.db #0x15	; 21
      000285 15                     686 	.db #0x15	; 21
      000286 11                     687 	.db #0x11	; 17
      000287 11                     688 	.db #0x11	; 17
      000288 11                     689 	.db #0x11	; 17
      000289 11                     690 	.db #0x11	; 17
      00028A 3D                     691 	.db #0x3d	; 61
      00028B 3D                     692 	.db #0x3d	; 61
      00028C 01                     693 	.db #0x01	; 1
      00028D 01                     694 	.db #0x01	; 1
      00028E FE                     695 	.db #0xfe	; 254
      00028F FE                     696 	.db #0xfe	; 254
      000290 01                     697 	.db #0x01	; 1
      000291 01                     698 	.db #0x01	; 1
      000292 3D                     699 	.db #0x3d	; 61
      000293 3D                     700 	.db #0x3d	; 61
      000294 35                     701 	.db #0x35	; 53	'5'
      000295 35                     702 	.db #0x35	; 53	'5'
      000296 25                     703 	.db #0x25	; 37
      000297 25                     704 	.db #0x25	; 37
      000298 25                     705 	.db #0x25	; 37
      000299 25                     706 	.db #0x25	; 37
      00029A 3D                     707 	.db #0x3d	; 61
      00029B 3D                     708 	.db #0x3d	; 61
      00029C 01                     709 	.db #0x01	; 1
      00029D 01                     710 	.db #0x01	; 1
      00029E FE                     711 	.db #0xfe	; 254
      00029F FE                     712 	.db #0xfe	; 254
      0002A0 01                     713 	.db #0x01	; 1
      0002A1 01                     714 	.db #0x01	; 1
      0002A2 15                     715 	.db #0x15	; 21
      0002A3 15                     716 	.db #0x15	; 21
      0002A4 15                     717 	.db #0x15	; 21
      0002A5 15                     718 	.db #0x15	; 21
      0002A6 0D                     719 	.db #0x0d	; 13
      0002A7 0D                     720 	.db #0x0d	; 13
      0002A8 15                     721 	.db #0x15	; 21
      0002A9 15                     722 	.db #0x15	; 21
      0002AA 15                     723 	.db #0x15	; 21
      0002AB 15                     724 	.db #0x15	; 21
      0002AC 01                     725 	.db #0x01	; 1
      0002AD 01                     726 	.db #0x01	; 1
      0002AE FE                     727 	.db #0xfe	; 254
      0002AF FE                     728 	.db #0xfe	; 254
      0002B0 9C                     729 	.db #0x9c	; 156
      0002B1 9C                     730 	.db #0x9c	; 156
      0002B2 88                     731 	.db #0x88	; 136
      0002B3 88                     732 	.db #0x88	; 136
      0002B4 BE                     733 	.db #0xbe	; 190
      0002B5 BE                     734 	.db #0xbe	; 190
      0002B6 BE                     735 	.db #0xbe	; 190
      0002B7 BE                     736 	.db #0xbe	; 190
      0002B8 9C                     737 	.db #0x9c	; 156
      0002B9 9C                     738 	.db #0x9c	; 156
      0002BA 88                     739 	.db #0x88	; 136
      0002BB 88                     740 	.db #0x88	; 136
      0002BC 80                     741 	.db #0x80	; 128
      0002BD 80                     742 	.db #0x80	; 128
      0002BE 7F                     743 	.db #0x7f	; 127
      0002BF 7F                     744 	.db #0x7f	; 127
      0002C0 80                     745 	.db #0x80	; 128
      0002C1 80                     746 	.db #0x80	; 128
      0002C2 88                     747 	.db #0x88	; 136
      0002C3 88                     748 	.db #0x88	; 136
      0002C4 AA                     749 	.db #0xaa	; 170
      0002C5 AA                     750 	.db #0xaa	; 170
      0002C6 BE                     751 	.db #0xbe	; 190
      0002C7 BE                     752 	.db #0xbe	; 190
      0002C8 AA                     753 	.db #0xaa	; 170
      0002C9 AA                     754 	.db #0xaa	; 170
      0002CA 9C                     755 	.db #0x9c	; 156
      0002CB 9C                     756 	.db #0x9c	; 156
      0002CC 80                     757 	.db #0x80	; 128
      0002CD 80                     758 	.db #0x80	; 128
      0002CE 7F                     759 	.db #0x7f	; 127
      0002CF 7F                     760 	.db #0x7f	; 127
      0002D0 80                     761 	.db #0x80	; 128
      0002D1 80                     762 	.db #0x80	; 128
      0002D2 88                     763 	.db #0x88	; 136
      0002D3 88                     764 	.db #0x88	; 136
      0002D4 94                     765 	.db #0x94	; 148
      0002D5 94                     766 	.db #0x94	; 148
      0002D6 A2                     767 	.db #0xa2	; 162
      0002D7 A2                     768 	.db #0xa2	; 162
      0002D8 94                     769 	.db #0x94	; 148
      0002D9 94                     770 	.db #0x94	; 148
      0002DA 88                     771 	.db #0x88	; 136
      0002DB 88                     772 	.db #0x88	; 136
      0002DC 80                     773 	.db #0x80	; 128
      0002DD 80                     774 	.db #0x80	; 128
      0002DE 7F                     775 	.db #0x7f	; 127
      0002DF 7F                     776 	.db #0x7f	; 127
      0002E0 80                     777 	.db #0x80	; 128
      0002E1 80                     778 	.db #0x80	; 128
      0002E2 88                     779 	.db #0x88	; 136
      0002E3 88                     780 	.db #0x88	; 136
      0002E4 94                     781 	.db #0x94	; 148
      0002E5 94                     782 	.db #0x94	; 148
      0002E6 A2                     783 	.db #0xa2	; 162
      0002E7 A2                     784 	.db #0xa2	; 162
      0002E8 AA                     785 	.db #0xaa	; 170
      0002E9 AA                     786 	.db #0xaa	; 170
      0002EA 94                     787 	.db #0x94	; 148
      0002EB 94                     788 	.db #0x94	; 148
      0002EC 80                     789 	.db #0x80	; 128
      0002ED 80                     790 	.db #0x80	; 128
      0002EE 7F                     791 	.db #0x7f	; 127
      0002EF 7F                     792 	.db #0x7f	; 127
                                    793 	.area _CABS (ABS)
