                                      1 ;--------------------------------------------------------
                                      2 ; File Created by SDCC : free open source ANSI-C Compiler
                                      3 ; Version 4.1.0 #12072 (Linux)
                                      4 ;--------------------------------------------------------
                                      5 	.module copyright
                                      6 	.optsdcc -mgbz80
                                      7 	
                                      8 ;--------------------------------------------------------
                                      9 ; Public variables in this module
                                     10 ;--------------------------------------------------------
                                     11 	.globl _copyright
                                     12 	.globl _font_addon
                                     13 ;--------------------------------------------------------
                                     14 ; special function registers
                                     15 ;--------------------------------------------------------
                                     16 ;--------------------------------------------------------
                                     17 ; ram data
                                     18 ;--------------------------------------------------------
                                     19 	.area _DATA
                                     20 ;--------------------------------------------------------
                                     21 ; absolute external ram data
                                     22 ;--------------------------------------------------------
                                     23 	.area _DABS (ABS)
                                     24 ;--------------------------------------------------------
                                     25 ; global & static initialisations
                                     26 ;--------------------------------------------------------
                                     27 	.area _HOME
                                     28 	.area _GSINIT
                                     29 	.area _GSFINAL
                                     30 	.area _GSINIT
                                     31 ;--------------------------------------------------------
                                     32 ; Home
                                     33 ;--------------------------------------------------------
                                     34 	.area _HOME
                                     35 	.area _HOME
                                     36 ;--------------------------------------------------------
                                     37 ; code
                                     38 ;--------------------------------------------------------
                                     39 	.area _CODE
                                     40 	.area _CODE
      000000                         41 _font_addon:
      000000 7E                      42 	.db #0x7e	; 126
      000001 7E                      43 	.db #0x7e	; 126
      000002 81                      44 	.db #0x81	; 129
      000003 81                      45 	.db #0x81	; 129
      000004 BD                      46 	.db #0xbd	; 189
      000005 BD                      47 	.db #0xbd	; 189
      000006 A1                      48 	.db #0xa1	; 161
      000007 A1                      49 	.db #0xa1	; 161
      000008 A1                      50 	.db #0xa1	; 161
      000009 A1                      51 	.db #0xa1	; 161
      00000A BD                      52 	.db #0xbd	; 189
      00000B BD                      53 	.db #0xbd	; 189
      00000C 81                      54 	.db #0x81	; 129
      00000D 81                      55 	.db #0x81	; 129
      00000E 7E                      56 	.db #0x7e	; 126
      00000F 7E                      57 	.db #0x7e	; 126
      000010                         58 _copyright:
      000010 25                      59 	.db #0x25	; 37
      000011 00                      60 	.db #0x00	; 0
      000012 03                      61 	.db #0x03	; 3
      000013 01                      62 	.db #0x01	; 1
      000014 03                      63 	.db #0x03	; 3
      000015 02                      64 	.db #0x02	; 2
      000016 00                      65 	.db #0x00	; 0
      000017 21                      66 	.db #0x21	; 33
      000018 19                      67 	.db #0x19	; 25
      000019 14                      68 	.db #0x14	; 20
      00001A 0D                      69 	.db #0x0d	; 13
      00001B 13                      70 	.db #0x13	; 19
      00001C 0F                      71 	.db #0x0f	; 15
      00001D 0D                      72 	.db #0x0d	; 13
      00001E 12                      73 	.db #0x12	; 18
      00001F 00                      74 	.db #0x00	; 0
      000020 11                      75 	.db #0x11	; 17
      000021 1C                      76 	.db #0x1c	; 28
      000022 0B                      77 	.db #0x0b	; 11
      000023 14                      78 	.db #0x14	; 20
                                     79 	.area _CABS (ABS)
