                                      1 ;--------------------------------------------------------
                                      2 ; File Created by SDCC : free open source ANSI-C Compiler
                                      3 ; Version 4.1.0 #12072 (Linux)
                                      4 ;--------------------------------------------------------
                                      5 	.module menu
                                      6 	.optsdcc -mgbz80
                                      7 	
                                      8 ;--------------------------------------------------------
                                      9 ; Public variables in this module
                                     10 ;--------------------------------------------------------
                                     11 	.globl _speed_text
                                     12 	.globl _music_text
                                     13 	.globl _suits_text
                                     14 	.globl _leaderboard_text
                                     15 	.globl _select_text
                                     16 	.globl _start_text
                                     17 	.globl _copyright_text
                                     18 	.globl _button_textures
                                     19 	.globl _card_addon
                                     20 	.globl _font_addon
                                     21 	.globl _title_textures
                                     22 ;--------------------------------------------------------
                                     23 ; special function registers
                                     24 ;--------------------------------------------------------
                                     25 ;--------------------------------------------------------
                                     26 ; ram data
                                     27 ;--------------------------------------------------------
                                     28 	.area _DATA
                                     29 ;--------------------------------------------------------
                                     30 ; absolute external ram data
                                     31 ;--------------------------------------------------------
                                     32 	.area _DABS (ABS)
                                     33 ;--------------------------------------------------------
                                     34 ; global & static initialisations
                                     35 ;--------------------------------------------------------
                                     36 	.area _HOME
                                     37 	.area _GSINIT
                                     38 	.area _GSFINAL
                                     39 	.area _GSINIT
                                     40 ;--------------------------------------------------------
                                     41 ; Home
                                     42 ;--------------------------------------------------------
                                     43 	.area _HOME
                                     44 	.area _HOME
                                     45 ;--------------------------------------------------------
                                     46 ; code
                                     47 ;--------------------------------------------------------
                                     48 	.area _CODE
                                     49 	.area _CODE
      000000                         50 _title_textures:
      000000 7F                      51 	.db #0x7f	; 127
      000001 7F                      52 	.db #0x7f	; 127
      000002 FF                      53 	.db #0xff	; 255
      000003 80                      54 	.db #0x80	; 128
      000004 FF                      55 	.db #0xff	; 255
      000005 87                      56 	.db #0x87	; 135
      000006 FF                      57 	.db #0xff	; 255
      000007 9E                      58 	.db #0x9e	; 158
      000008 FF                      59 	.db #0xff	; 255
      000009 B8                      60 	.db #0xb8	; 184
      00000A FF                      61 	.db #0xff	; 255
      00000B B8                      62 	.db #0xb8	; 184
      00000C FF                      63 	.db #0xff	; 255
      00000D B8                      64 	.db #0xb8	; 184
      00000E FF                      65 	.db #0xff	; 255
      00000F B8                      66 	.db #0xb8	; 184
      000010 FE                      67 	.db #0xfe	; 254
      000011 FE                      68 	.db #0xfe	; 254
      000012 FF                      69 	.db #0xff	; 255
      000013 01                      70 	.db #0x01	; 1
      000014 FF                      71 	.db #0xff	; 255
      000015 F1                      72 	.db #0xf1	; 241
      000016 FF                      73 	.db #0xff	; 255
      000017 39                      74 	.db #0x39	; 57	'9'
      000018 FF                      75 	.db #0xff	; 255
      000019 09                      76 	.db #0x09	; 9
      00001A FF                      77 	.db #0xff	; 255
      00001B 09                      78 	.db #0x09	; 9
      00001C FF                      79 	.db #0xff	; 255
      00001D 09                      80 	.db #0x09	; 9
      00001E FF                      81 	.db #0xff	; 255
      00001F 09                      82 	.db #0x09	; 9
      000020 FF                      83 	.db #0xff	; 255
      000021 B8                      84 	.db #0xb8	; 184
      000022 FF                      85 	.db #0xff	; 255
      000023 BC                      86 	.db #0xbc	; 188
      000024 FF                      87 	.db #0xff	; 255
      000025 BF                      88 	.db #0xbf	; 191
      000026 FF                      89 	.db #0xff	; 255
      000027 9F                      90 	.db #0x9f	; 159
      000028 FF                      91 	.db #0xff	; 255
      000029 8F                      92 	.db #0x8f	; 143
      00002A FF                      93 	.db #0xff	; 255
      00002B 81                      94 	.db #0x81	; 129
      00002C FF                      95 	.db #0xff	; 255
      00002D 80                      96 	.db #0x80	; 128
      00002E FF                      97 	.db #0xff	; 255
      00002F 80                      98 	.db #0x80	; 128
      000030 FF                      99 	.db #0xff	; 255
      000031 01                     100 	.db #0x01	; 1
      000032 FF                     101 	.db #0xff	; 255
      000033 01                     102 	.db #0x01	; 1
      000034 FF                     103 	.db #0xff	; 255
      000035 C1                     104 	.db #0xc1	; 193
      000036 FF                     105 	.db #0xff	; 255
      000037 F1                     106 	.db #0xf1	; 241
      000038 FF                     107 	.db #0xff	; 255
      000039 FD                     108 	.db #0xfd	; 253
      00003A FF                     109 	.db #0xff	; 255
      00003B FD                     110 	.db #0xfd	; 253
      00003C FF                     111 	.db #0xff	; 255
      00003D 3D                     112 	.db #0x3d	; 61
      00003E FF                     113 	.db #0xff	; 255
      00003F 1D                     114 	.db #0x1d	; 29
      000040 FF                     115 	.db #0xff	; 255
      000041 A0                     116 	.db #0xa0	; 160
      000042 FF                     117 	.db #0xff	; 255
      000043 A0                     118 	.db #0xa0	; 160
      000044 FF                     119 	.db #0xff	; 255
      000045 A0                     120 	.db #0xa0	; 160
      000046 FF                     121 	.db #0xff	; 255
      000047 A0                     122 	.db #0xa0	; 160
      000048 FF                     123 	.db #0xff	; 255
      000049 B8                     124 	.db #0xb8	; 184
      00004A FF                     125 	.db #0xff	; 255
      00004B BF                     126 	.db #0xbf	; 191
      00004C FF                     127 	.db #0xff	; 255
      00004D 80                     128 	.db #0x80	; 128
      00004E 7F                     129 	.db #0x7f	; 127
      00004F 7F                     130 	.db #0x7f	; 127
      000050 FF                     131 	.db #0xff	; 255
      000051 1D                     132 	.db #0x1d	; 29
      000052 FF                     133 	.db #0xff	; 255
      000053 1D                     134 	.db #0x1d	; 29
      000054 FF                     135 	.db #0xff	; 255
      000055 1D                     136 	.db #0x1d	; 29
      000056 FF                     137 	.db #0xff	; 255
      000057 1D                     138 	.db #0x1d	; 29
      000058 FF                     139 	.db #0xff	; 255
      000059 79                     140 	.db #0x79	; 121	'y'
      00005A FF                     141 	.db #0xff	; 255
      00005B E1                     142 	.db #0xe1	; 225
      00005C FF                     143 	.db #0xff	; 255
      00005D 01                     144 	.db #0x01	; 1
      00005E FE                     145 	.db #0xfe	; 254
      00005F FE                     146 	.db #0xfe	; 254
      000060 7F                     147 	.db #0x7f	; 127
      000061 7F                     148 	.db #0x7f	; 127
      000062 FF                     149 	.db #0xff	; 255
      000063 80                     150 	.db #0x80	; 128
      000064 FF                     151 	.db #0xff	; 255
      000065 87                     152 	.db #0x87	; 135
      000066 FF                     153 	.db #0xff	; 255
      000067 8E                     154 	.db #0x8e	; 142
      000068 FF                     155 	.db #0xff	; 255
      000069 8C                     156 	.db #0x8c	; 140
      00006A FF                     157 	.db #0xff	; 255
      00006B 98                     158 	.db #0x98	; 152
      00006C FF                     159 	.db #0xff	; 255
      00006D 98                     160 	.db #0x98	; 152
      00006E FF                     161 	.db #0xff	; 255
      00006F 98                     162 	.db #0x98	; 152
      000070 FE                     163 	.db #0xfe	; 254
      000071 FE                     164 	.db #0xfe	; 254
      000072 FF                     165 	.db #0xff	; 255
      000073 01                     166 	.db #0x01	; 1
      000074 FF                     167 	.db #0xff	; 255
      000075 E1                     168 	.db #0xe1	; 225
      000076 FF                     169 	.db #0xff	; 255
      000077 71                     170 	.db #0x71	; 113	'q'
      000078 FF                     171 	.db #0xff	; 255
      000079 31                     172 	.db #0x31	; 49	'1'
      00007A FF                     173 	.db #0xff	; 255
      00007B 19                     174 	.db #0x19	; 25
      00007C FF                     175 	.db #0xff	; 255
      00007D 19                     176 	.db #0x19	; 25
      00007E FF                     177 	.db #0xff	; 255
      00007F 19                     178 	.db #0x19	; 25
      000080 FF                     179 	.db #0xff	; 255
      000081 98                     180 	.db #0x98	; 152
      000082 FF                     181 	.db #0xff	; 255
      000083 B8                     182 	.db #0xb8	; 184
      000084 FF                     183 	.db #0xff	; 255
      000085 B8                     184 	.db #0xb8	; 184
      000086 FF                     185 	.db #0xff	; 255
      000087 B8                     186 	.db #0xb8	; 184
      000088 FF                     187 	.db #0xff	; 255
      000089 B8                     188 	.db #0xb8	; 184
      00008A FF                     189 	.db #0xff	; 255
      00008B B8                     190 	.db #0xb8	; 184
      00008C FF                     191 	.db #0xff	; 255
      00008D B8                     192 	.db #0xb8	; 184
      00008E FF                     193 	.db #0xff	; 255
      00008F 98                     194 	.db #0x98	; 152
      000090 FF                     195 	.db #0xff	; 255
      000091 19                     196 	.db #0x19	; 25
      000092 FF                     197 	.db #0xff	; 255
      000093 1D                     198 	.db #0x1d	; 29
      000094 FF                     199 	.db #0xff	; 255
      000095 1D                     200 	.db #0x1d	; 29
      000096 FF                     201 	.db #0xff	; 255
      000097 1D                     202 	.db #0x1d	; 29
      000098 FF                     203 	.db #0xff	; 255
      000099 1D                     204 	.db #0x1d	; 29
      00009A FF                     205 	.db #0xff	; 255
      00009B 1D                     206 	.db #0x1d	; 29
      00009C FF                     207 	.db #0xff	; 255
      00009D 1D                     208 	.db #0x1d	; 29
      00009E FF                     209 	.db #0xff	; 255
      00009F 19                     210 	.db #0x19	; 25
      0000A0 FF                     211 	.db #0xff	; 255
      0000A1 98                     212 	.db #0x98	; 152
      0000A2 FF                     213 	.db #0xff	; 255
      0000A3 98                     214 	.db #0x98	; 152
      0000A4 FF                     215 	.db #0xff	; 255
      0000A5 98                     216 	.db #0x98	; 152
      0000A6 FF                     217 	.db #0xff	; 255
      0000A7 8C                     218 	.db #0x8c	; 140
      0000A8 FF                     219 	.db #0xff	; 255
      0000A9 8E                     220 	.db #0x8e	; 142
      0000AA FF                     221 	.db #0xff	; 255
      0000AB 87                     222 	.db #0x87	; 135
      0000AC FF                     223 	.db #0xff	; 255
      0000AD 80                     224 	.db #0x80	; 128
      0000AE 7F                     225 	.db #0x7f	; 127
      0000AF 7F                     226 	.db #0x7f	; 127
      0000B0 FF                     227 	.db #0xff	; 255
      0000B1 19                     228 	.db #0x19	; 25
      0000B2 FF                     229 	.db #0xff	; 255
      0000B3 19                     230 	.db #0x19	; 25
      0000B4 FF                     231 	.db #0xff	; 255
      0000B5 19                     232 	.db #0x19	; 25
      0000B6 FF                     233 	.db #0xff	; 255
      0000B7 31                     234 	.db #0x31	; 49	'1'
      0000B8 FF                     235 	.db #0xff	; 255
      0000B9 71                     236 	.db #0x71	; 113	'q'
      0000BA FF                     237 	.db #0xff	; 255
      0000BB E1                     238 	.db #0xe1	; 225
      0000BC FF                     239 	.db #0xff	; 255
      0000BD 01                     240 	.db #0x01	; 1
      0000BE FE                     241 	.db #0xfe	; 254
      0000BF FE                     242 	.db #0xfe	; 254
      0000C0 7F                     243 	.db #0x7f	; 127
      0000C1 7F                     244 	.db #0x7f	; 127
      0000C2 FF                     245 	.db #0xff	; 255
      0000C3 80                     246 	.db #0x80	; 128
      0000C4 FF                     247 	.db #0xff	; 255
      0000C5 BF                     248 	.db #0xbf	; 191
      0000C6 FF                     249 	.db #0xff	; 255
      0000C7 9F                     250 	.db #0x9f	; 159
      0000C8 FF                     251 	.db #0xff	; 255
      0000C9 8E                     252 	.db #0x8e	; 142
      0000CA FF                     253 	.db #0xff	; 255
      0000CB 8E                     254 	.db #0x8e	; 142
      0000CC FF                     255 	.db #0xff	; 255
      0000CD 8E                     256 	.db #0x8e	; 142
      0000CE FF                     257 	.db #0xff	; 255
      0000CF 8E                     258 	.db #0x8e	; 142
      0000D0 FE                     259 	.db #0xfe	; 254
      0000D1 FE                     260 	.db #0xfe	; 254
      0000D2 FF                     261 	.db #0xff	; 255
      0000D3 01                     262 	.db #0x01	; 1
      0000D4 FF                     263 	.db #0xff	; 255
      0000D5 81                     264 	.db #0x81	; 129
      0000D6 FF                     265 	.db #0xff	; 255
      0000D7 01                     266 	.db #0x01	; 1
      0000D8 FF                     267 	.db #0xff	; 255
      0000D9 01                     268 	.db #0x01	; 1
      0000DA FF                     269 	.db #0xff	; 255
      0000DB 01                     270 	.db #0x01	; 1
      0000DC FF                     271 	.db #0xff	; 255
      0000DD 01                     272 	.db #0x01	; 1
      0000DE FF                     273 	.db #0xff	; 255
      0000DF 01                     274 	.db #0x01	; 1
      0000E0 FF                     275 	.db #0xff	; 255
      0000E1 8E                     276 	.db #0x8e	; 142
      0000E2 FF                     277 	.db #0xff	; 255
      0000E3 8E                     278 	.db #0x8e	; 142
      0000E4 FF                     279 	.db #0xff	; 255
      0000E5 8E                     280 	.db #0x8e	; 142
      0000E6 FF                     281 	.db #0xff	; 255
      0000E7 8E                     282 	.db #0x8e	; 142
      0000E8 FF                     283 	.db #0xff	; 255
      0000E9 8E                     284 	.db #0x8e	; 142
      0000EA FF                     285 	.db #0xff	; 255
      0000EB 8E                     286 	.db #0x8e	; 142
      0000EC FF                     287 	.db #0xff	; 255
      0000ED 8E                     288 	.db #0x8e	; 142
      0000EE FF                     289 	.db #0xff	; 255
      0000EF 8E                     290 	.db #0x8e	; 142
      0000F0 FF                     291 	.db #0xff	; 255
      0000F1 01                     292 	.db #0x01	; 1
      0000F2 FF                     293 	.db #0xff	; 255
      0000F3 01                     294 	.db #0x01	; 1
      0000F4 FF                     295 	.db #0xff	; 255
      0000F5 01                     296 	.db #0x01	; 1
      0000F6 FF                     297 	.db #0xff	; 255
      0000F7 01                     298 	.db #0x01	; 1
      0000F8 FF                     299 	.db #0xff	; 255
      0000F9 01                     300 	.db #0x01	; 1
      0000FA FF                     301 	.db #0xff	; 255
      0000FB 01                     302 	.db #0x01	; 1
      0000FC FF                     303 	.db #0xff	; 255
      0000FD 01                     304 	.db #0x01	; 1
      0000FE FF                     305 	.db #0xff	; 255
      0000FF 01                     306 	.db #0x01	; 1
      000100 FF                     307 	.db #0xff	; 255
      000101 8E                     308 	.db #0x8e	; 142
      000102 FF                     309 	.db #0xff	; 255
      000103 8E                     310 	.db #0x8e	; 142
      000104 FF                     311 	.db #0xff	; 255
      000105 8E                     312 	.db #0x8e	; 142
      000106 FF                     313 	.db #0xff	; 255
      000107 8E                     314 	.db #0x8e	; 142
      000108 FF                     315 	.db #0xff	; 255
      000109 9F                     316 	.db #0x9f	; 159
      00010A FF                     317 	.db #0xff	; 255
      00010B BF                     318 	.db #0xbf	; 191
      00010C FF                     319 	.db #0xff	; 255
      00010D 80                     320 	.db #0x80	; 128
      00010E 7F                     321 	.db #0x7f	; 127
      00010F 7F                     322 	.db #0x7f	; 127
      000110 FF                     323 	.db #0xff	; 255
      000111 01                     324 	.db #0x01	; 1
      000112 FF                     325 	.db #0xff	; 255
      000113 0D                     326 	.db #0x0d	; 13
      000114 FF                     327 	.db #0xff	; 255
      000115 0D                     328 	.db #0x0d	; 13
      000116 FF                     329 	.db #0xff	; 255
      000117 0D                     330 	.db #0x0d	; 13
      000118 FF                     331 	.db #0xff	; 255
      000119 F9                     332 	.db #0xf9	; 249
      00011A FF                     333 	.db #0xff	; 255
      00011B F9                     334 	.db #0xf9	; 249
      00011C FF                     335 	.db #0xff	; 255
      00011D 01                     336 	.db #0x01	; 1
      00011E FE                     337 	.db #0xfe	; 254
      00011F FE                     338 	.db #0xfe	; 254
      000120 7F                     339 	.db #0x7f	; 127
      000121 7F                     340 	.db #0x7f	; 127
      000122 FF                     341 	.db #0xff	; 255
      000123 80                     342 	.db #0x80	; 128
      000124 FF                     343 	.db #0xff	; 255
      000125 9F                     344 	.db #0x9f	; 159
      000126 FF                     345 	.db #0xff	; 255
      000127 8F                     346 	.db #0x8f	; 143
      000128 FF                     347 	.db #0xff	; 255
      000129 83                     348 	.db #0x83	; 131
      00012A FF                     349 	.db #0xff	; 255
      00012B 83                     350 	.db #0x83	; 131
      00012C FF                     351 	.db #0xff	; 255
      00012D 83                     352 	.db #0x83	; 131
      00012E FF                     353 	.db #0xff	; 255
      00012F 83                     354 	.db #0x83	; 131
      000130 FE                     355 	.db #0xfe	; 254
      000131 FE                     356 	.db #0xfe	; 254
      000132 FF                     357 	.db #0xff	; 255
      000133 01                     358 	.db #0x01	; 1
      000134 FF                     359 	.db #0xff	; 255
      000135 F1                     360 	.db #0xf1	; 241
      000136 FF                     361 	.db #0xff	; 255
      000137 E1                     362 	.db #0xe1	; 225
      000138 FF                     363 	.db #0xff	; 255
      000139 81                     364 	.db #0x81	; 129
      00013A FF                     365 	.db #0xff	; 255
      00013B 81                     366 	.db #0x81	; 129
      00013C FF                     367 	.db #0xff	; 255
      00013D 81                     368 	.db #0x81	; 129
      00013E FF                     369 	.db #0xff	; 255
      00013F 81                     370 	.db #0x81	; 129
      000140 FF                     371 	.db #0xff	; 255
      000141 83                     372 	.db #0x83	; 131
      000142 FF                     373 	.db #0xff	; 255
      000143 83                     374 	.db #0x83	; 131
      000144 FF                     375 	.db #0xff	; 255
      000145 83                     376 	.db #0x83	; 131
      000146 FF                     377 	.db #0xff	; 255
      000147 83                     378 	.db #0x83	; 131
      000148 FF                     379 	.db #0xff	; 255
      000149 83                     380 	.db #0x83	; 131
      00014A FF                     381 	.db #0xff	; 255
      00014B 83                     382 	.db #0x83	; 131
      00014C FF                     383 	.db #0xff	; 255
      00014D 83                     384 	.db #0x83	; 131
      00014E FF                     385 	.db #0xff	; 255
      00014F 83                     386 	.db #0x83	; 131
      000150 FF                     387 	.db #0xff	; 255
      000151 81                     388 	.db #0x81	; 129
      000152 FF                     389 	.db #0xff	; 255
      000153 81                     390 	.db #0x81	; 129
      000154 FF                     391 	.db #0xff	; 255
      000155 81                     392 	.db #0x81	; 129
      000156 FF                     393 	.db #0xff	; 255
      000157 81                     394 	.db #0x81	; 129
      000158 FF                     395 	.db #0xff	; 255
      000159 81                     396 	.db #0x81	; 129
      00015A FF                     397 	.db #0xff	; 255
      00015B 81                     398 	.db #0x81	; 129
      00015C FF                     399 	.db #0xff	; 255
      00015D 81                     400 	.db #0x81	; 129
      00015E FF                     401 	.db #0xff	; 255
      00015F 81                     402 	.db #0x81	; 129
      000160 FF                     403 	.db #0xff	; 255
      000161 83                     404 	.db #0x83	; 131
      000162 FF                     405 	.db #0xff	; 255
      000163 83                     406 	.db #0x83	; 131
      000164 FF                     407 	.db #0xff	; 255
      000165 83                     408 	.db #0x83	; 131
      000166 FF                     409 	.db #0xff	; 255
      000167 83                     410 	.db #0x83	; 131
      000168 FF                     411 	.db #0xff	; 255
      000169 8F                     412 	.db #0x8f	; 143
      00016A FF                     413 	.db #0xff	; 255
      00016B 9F                     414 	.db #0x9f	; 159
      00016C FF                     415 	.db #0xff	; 255
      00016D 80                     416 	.db #0x80	; 128
      00016E 7F                     417 	.db #0x7f	; 127
      00016F 7F                     418 	.db #0x7f	; 127
      000170 FF                     419 	.db #0xff	; 255
      000171 81                     420 	.db #0x81	; 129
      000172 FF                     421 	.db #0xff	; 255
      000173 81                     422 	.db #0x81	; 129
      000174 FF                     423 	.db #0xff	; 255
      000175 81                     424 	.db #0x81	; 129
      000176 FF                     425 	.db #0xff	; 255
      000177 81                     426 	.db #0x81	; 129
      000178 FF                     427 	.db #0xff	; 255
      000179 E1                     428 	.db #0xe1	; 225
      00017A FF                     429 	.db #0xff	; 255
      00017B F1                     430 	.db #0xf1	; 241
      00017C FF                     431 	.db #0xff	; 255
      00017D 01                     432 	.db #0x01	; 1
      00017E FE                     433 	.db #0xfe	; 254
      00017F FE                     434 	.db #0xfe	; 254
      000180 7F                     435 	.db #0x7f	; 127
      000181 7F                     436 	.db #0x7f	; 127
      000182 FF                     437 	.db #0xff	; 255
      000183 80                     438 	.db #0x80	; 128
      000184 FF                     439 	.db #0xff	; 255
      000185 BF                     440 	.db #0xbf	; 191
      000186 FF                     441 	.db #0xff	; 255
      000187 BF                     442 	.db #0xbf	; 191
      000188 FF                     443 	.db #0xff	; 255
      000189 A3                     444 	.db #0xa3	; 163
      00018A FF                     445 	.db #0xff	; 255
      00018B A3                     446 	.db #0xa3	; 163
      00018C FF                     447 	.db #0xff	; 255
      00018D 83                     448 	.db #0x83	; 131
      00018E FF                     449 	.db #0xff	; 255
      00018F 83                     450 	.db #0x83	; 131
      000190 FE                     451 	.db #0xfe	; 254
      000191 FE                     452 	.db #0xfe	; 254
      000192 FF                     453 	.db #0xff	; 255
      000193 01                     454 	.db #0x01	; 1
      000194 FF                     455 	.db #0xff	; 255
      000195 F9                     456 	.db #0xf9	; 249
      000196 FF                     457 	.db #0xff	; 255
      000197 F9                     458 	.db #0xf9	; 249
      000198 FF                     459 	.db #0xff	; 255
      000199 89                     460 	.db #0x89	; 137
      00019A FF                     461 	.db #0xff	; 255
      00019B 89                     462 	.db #0x89	; 137
      00019C FF                     463 	.db #0xff	; 255
      00019D 81                     464 	.db #0x81	; 129
      00019E FF                     465 	.db #0xff	; 255
      00019F 81                     466 	.db #0x81	; 129
      0001A0 FF                     467 	.db #0xff	; 255
      0001A1 83                     468 	.db #0x83	; 131
      0001A2 FF                     469 	.db #0xff	; 255
      0001A3 83                     470 	.db #0x83	; 131
      0001A4 FF                     471 	.db #0xff	; 255
      0001A5 83                     472 	.db #0x83	; 131
      0001A6 FF                     473 	.db #0xff	; 255
      0001A7 83                     474 	.db #0x83	; 131
      0001A8 FF                     475 	.db #0xff	; 255
      0001A9 83                     476 	.db #0x83	; 131
      0001AA FF                     477 	.db #0xff	; 255
      0001AB 83                     478 	.db #0x83	; 131
      0001AC FF                     479 	.db #0xff	; 255
      0001AD 83                     480 	.db #0x83	; 131
      0001AE FF                     481 	.db #0xff	; 255
      0001AF 83                     482 	.db #0x83	; 131
      0001B0 FF                     483 	.db #0xff	; 255
      0001B1 81                     484 	.db #0x81	; 129
      0001B2 FF                     485 	.db #0xff	; 255
      0001B3 81                     486 	.db #0x81	; 129
      0001B4 FF                     487 	.db #0xff	; 255
      0001B5 81                     488 	.db #0x81	; 129
      0001B6 FF                     489 	.db #0xff	; 255
      0001B7 81                     490 	.db #0x81	; 129
      0001B8 FF                     491 	.db #0xff	; 255
      0001B9 81                     492 	.db #0x81	; 129
      0001BA FF                     493 	.db #0xff	; 255
      0001BB 81                     494 	.db #0x81	; 129
      0001BC FF                     495 	.db #0xff	; 255
      0001BD 81                     496 	.db #0x81	; 129
      0001BE FF                     497 	.db #0xff	; 255
      0001BF 81                     498 	.db #0x81	; 129
      0001C0 FF                     499 	.db #0xff	; 255
      0001C1 83                     500 	.db #0x83	; 131
      0001C2 FF                     501 	.db #0xff	; 255
      0001C3 83                     502 	.db #0x83	; 131
      0001C4 FF                     503 	.db #0xff	; 255
      0001C5 83                     504 	.db #0x83	; 131
      0001C6 FF                     505 	.db #0xff	; 255
      0001C7 83                     506 	.db #0x83	; 131
      0001C8 FF                     507 	.db #0xff	; 255
      0001C9 87                     508 	.db #0x87	; 135
      0001CA FF                     509 	.db #0xff	; 255
      0001CB 8F                     510 	.db #0x8f	; 143
      0001CC FF                     511 	.db #0xff	; 255
      0001CD 80                     512 	.db #0x80	; 128
      0001CE 7F                     513 	.db #0x7f	; 127
      0001CF 7F                     514 	.db #0x7f	; 127
      0001D0 FF                     515 	.db #0xff	; 255
      0001D1 81                     516 	.db #0x81	; 129
      0001D2 FF                     517 	.db #0xff	; 255
      0001D3 81                     518 	.db #0x81	; 129
      0001D4 FF                     519 	.db #0xff	; 255
      0001D5 81                     520 	.db #0x81	; 129
      0001D6 FF                     521 	.db #0xff	; 255
      0001D7 81                     522 	.db #0x81	; 129
      0001D8 FF                     523 	.db #0xff	; 255
      0001D9 C1                     524 	.db #0xc1	; 193
      0001DA FF                     525 	.db #0xff	; 255
      0001DB E1                     526 	.db #0xe1	; 225
      0001DC FF                     527 	.db #0xff	; 255
      0001DD 01                     528 	.db #0x01	; 1
      0001DE FE                     529 	.db #0xfe	; 254
      0001DF FE                     530 	.db #0xfe	; 254
      0001E0 7F                     531 	.db #0x7f	; 127
      0001E1 7F                     532 	.db #0x7f	; 127
      0001E2 FF                     533 	.db #0xff	; 255
      0001E3 80                     534 	.db #0x80	; 128
      0001E4 FF                     535 	.db #0xff	; 255
      0001E5 83                     536 	.db #0x83	; 131
      0001E6 FF                     537 	.db #0xff	; 255
      0001E7 83                     538 	.db #0x83	; 131
      0001E8 FF                     539 	.db #0xff	; 255
      0001E9 83                     540 	.db #0x83	; 131
      0001EA FF                     541 	.db #0xff	; 255
      0001EB 83                     542 	.db #0x83	; 131
      0001EC FF                     543 	.db #0xff	; 255
      0001ED 83                     544 	.db #0x83	; 131
      0001EE FF                     545 	.db #0xff	; 255
      0001EF 85                     546 	.db #0x85	; 133
      0001F0 FE                     547 	.db #0xfe	; 254
      0001F1 FE                     548 	.db #0xfe	; 254
      0001F2 FF                     549 	.db #0xff	; 255
      0001F3 01                     550 	.db #0x01	; 1
      0001F4 FF                     551 	.db #0xff	; 255
      0001F5 01                     552 	.db #0x01	; 1
      0001F6 FF                     553 	.db #0xff	; 255
      0001F7 81                     554 	.db #0x81	; 129
      0001F8 FF                     555 	.db #0xff	; 255
      0001F9 81                     556 	.db #0x81	; 129
      0001FA FF                     557 	.db #0xff	; 255
      0001FB 81                     558 	.db #0x81	; 129
      0001FC FF                     559 	.db #0xff	; 255
      0001FD 81                     560 	.db #0x81	; 129
      0001FE FF                     561 	.db #0xff	; 255
      0001FF 81                     562 	.db #0x81	; 129
      000200 FF                     563 	.db #0xff	; 255
      000201 85                     564 	.db #0x85	; 133
      000202 FF                     565 	.db #0xff	; 255
      000203 85                     566 	.db #0x85	; 133
      000204 FF                     567 	.db #0xff	; 255
      000205 8D                     568 	.db #0x8d	; 141
      000206 FF                     569 	.db #0xff	; 255
      000207 88                     570 	.db #0x88	; 136
      000208 FF                     571 	.db #0xff	; 255
      000209 88                     572 	.db #0x88	; 136
      00020A FF                     573 	.db #0xff	; 255
      00020B 88                     574 	.db #0x88	; 136
      00020C FF                     575 	.db #0xff	; 255
      00020D 9F                     576 	.db #0x9f	; 159
      00020E FF                     577 	.db #0xff	; 255
      00020F 9F                     578 	.db #0x9f	; 159
      000210 FF                     579 	.db #0xff	; 255
      000211 C1                     580 	.db #0xc1	; 193
      000212 FF                     581 	.db #0xff	; 255
      000213 C1                     582 	.db #0xc1	; 193
      000214 FF                     583 	.db #0xff	; 255
      000215 C1                     584 	.db #0xc1	; 193
      000216 FF                     585 	.db #0xff	; 255
      000217 E1                     586 	.db #0xe1	; 225
      000218 FF                     587 	.db #0xff	; 255
      000219 E1                     588 	.db #0xe1	; 225
      00021A FF                     589 	.db #0xff	; 255
      00021B E1                     590 	.db #0xe1	; 225
      00021C FF                     591 	.db #0xff	; 255
      00021D F1                     592 	.db #0xf1	; 241
      00021E FF                     593 	.db #0xff	; 255
      00021F F1                     594 	.db #0xf1	; 241
      000220 FF                     595 	.db #0xff	; 255
      000221 90                     596 	.db #0x90	; 144
      000222 FF                     597 	.db #0xff	; 255
      000223 90                     598 	.db #0x90	; 144
      000224 FF                     599 	.db #0xff	; 255
      000225 90                     600 	.db #0x90	; 144
      000226 FF                     601 	.db #0xff	; 255
      000227 90                     602 	.db #0x90	; 144
      000228 FF                     603 	.db #0xff	; 255
      000229 B8                     604 	.db #0xb8	; 184
      00022A FF                     605 	.db #0xff	; 255
      00022B B8                     606 	.db #0xb8	; 184
      00022C FF                     607 	.db #0xff	; 255
      00022D 80                     608 	.db #0x80	; 128
      00022E 7F                     609 	.db #0x7f	; 127
      00022F 7F                     610 	.db #0x7f	; 127
      000230 FF                     611 	.db #0xff	; 255
      000231 71                     612 	.db #0x71	; 113	'q'
      000232 FF                     613 	.db #0xff	; 255
      000233 71                     614 	.db #0x71	; 113	'q'
      000234 FF                     615 	.db #0xff	; 255
      000235 71                     616 	.db #0x71	; 113	'q'
      000236 FF                     617 	.db #0xff	; 255
      000237 39                     618 	.db #0x39	; 57	'9'
      000238 FF                     619 	.db #0xff	; 255
      000239 3D                     620 	.db #0x3d	; 61
      00023A FF                     621 	.db #0xff	; 255
      00023B FD                     622 	.db #0xfd	; 253
      00023C FF                     623 	.db #0xff	; 255
      00023D 01                     624 	.db #0x01	; 1
      00023E FE                     625 	.db #0xfe	; 254
      00023F FE                     626 	.db #0xfe	; 254
      000240 7F                     627 	.db #0x7f	; 127
      000241 7F                     628 	.db #0x7f	; 127
      000242 FF                     629 	.db #0xff	; 255
      000243 80                     630 	.db #0x80	; 128
      000244 FF                     631 	.db #0xff	; 255
      000245 BF                     632 	.db #0xbf	; 191
      000246 FF                     633 	.db #0xff	; 255
      000247 9F                     634 	.db #0x9f	; 159
      000248 FF                     635 	.db #0xff	; 255
      000249 9C                     636 	.db #0x9c	; 156
      00024A FF                     637 	.db #0xff	; 255
      00024B 9C                     638 	.db #0x9c	; 156
      00024C FF                     639 	.db #0xff	; 255
      00024D 9C                     640 	.db #0x9c	; 156
      00024E FF                     641 	.db #0xff	; 255
      00024F 9C                     642 	.db #0x9c	; 156
      000250 FE                     643 	.db #0xfe	; 254
      000251 FE                     644 	.db #0xfe	; 254
      000252 FF                     645 	.db #0xff	; 255
      000253 01                     646 	.db #0x01	; 1
      000254 FF                     647 	.db #0xff	; 255
      000255 E1                     648 	.db #0xe1	; 225
      000256 FF                     649 	.db #0xff	; 255
      000257 F1                     650 	.db #0xf1	; 241
      000258 FF                     651 	.db #0xff	; 255
      000259 71                     652 	.db #0x71	; 113	'q'
      00025A FF                     653 	.db #0xff	; 255
      00025B 39                     654 	.db #0x39	; 57	'9'
      00025C FF                     655 	.db #0xff	; 255
      00025D 19                     656 	.db #0x19	; 25
      00025E FF                     657 	.db #0xff	; 255
      00025F 19                     658 	.db #0x19	; 25
      000260 FF                     659 	.db #0xff	; 255
      000261 9C                     660 	.db #0x9c	; 156
      000262 FF                     661 	.db #0xff	; 255
      000263 9C                     662 	.db #0x9c	; 156
      000264 FF                     663 	.db #0xff	; 255
      000265 9C                     664 	.db #0x9c	; 156
      000266 FF                     665 	.db #0xff	; 255
      000267 9D                     666 	.db #0x9d	; 157
      000268 FF                     667 	.db #0xff	; 255
      000269 9D                     668 	.db #0x9d	; 157
      00026A FF                     669 	.db #0xff	; 255
      00026B 9D                     670 	.db #0x9d	; 157
      00026C FF                     671 	.db #0xff	; 255
      00026D 9C                     672 	.db #0x9c	; 156
      00026E FF                     673 	.db #0xff	; 255
      00026F 9C                     674 	.db #0x9c	; 156
      000270 FF                     675 	.db #0xff	; 255
      000271 19                     676 	.db #0x19	; 25
      000272 FF                     677 	.db #0xff	; 255
      000273 31                     678 	.db #0x31	; 49	'1'
      000274 FF                     679 	.db #0xff	; 255
      000275 71                     680 	.db #0x71	; 113	'q'
      000276 FF                     681 	.db #0xff	; 255
      000277 E1                     682 	.db #0xe1	; 225
      000278 FF                     683 	.db #0xff	; 255
      000279 C1                     684 	.db #0xc1	; 193
      00027A FF                     685 	.db #0xff	; 255
      00027B E1                     686 	.db #0xe1	; 225
      00027C FF                     687 	.db #0xff	; 255
      00027D E1                     688 	.db #0xe1	; 225
      00027E FF                     689 	.db #0xff	; 255
      00027F E1                     690 	.db #0xe1	; 225
      000280 FF                     691 	.db #0xff	; 255
      000281 9C                     692 	.db #0x9c	; 156
      000282 FF                     693 	.db #0xff	; 255
      000283 9C                     694 	.db #0x9c	; 156
      000284 FF                     695 	.db #0xff	; 255
      000285 9C                     696 	.db #0x9c	; 156
      000286 FF                     697 	.db #0xff	; 255
      000287 9C                     698 	.db #0x9c	; 156
      000288 FF                     699 	.db #0xff	; 255
      000289 9E                     700 	.db #0x9e	; 158
      00028A FF                     701 	.db #0xff	; 255
      00028B BF                     702 	.db #0xbf	; 191
      00028C FF                     703 	.db #0xff	; 255
      00028D 80                     704 	.db #0x80	; 128
      00028E 7F                     705 	.db #0x7f	; 127
      00028F 7F                     706 	.db #0x7f	; 127
      000290 FF                     707 	.db #0xff	; 255
      000291 71                     708 	.db #0x71	; 113	'q'
      000292 FF                     709 	.db #0xff	; 255
      000293 79                     710 	.db #0x79	; 121	'y'
      000294 FF                     711 	.db #0xff	; 255
      000295 79                     712 	.db #0x79	; 121	'y'
      000296 FF                     713 	.db #0xff	; 255
      000297 39                     714 	.db #0x39	; 57	'9'
      000298 FF                     715 	.db #0xff	; 255
      000299 1D                     716 	.db #0x1d	; 29
      00029A FF                     717 	.db #0xff	; 255
      00029B 1D                     718 	.db #0x1d	; 29
      00029C FF                     719 	.db #0xff	; 255
      00029D 01                     720 	.db #0x01	; 1
      00029E FE                     721 	.db #0xfe	; 254
      00029F FE                     722 	.db #0xfe	; 254
      0002A0 7F                     723 	.db #0x7f	; 127
      0002A1 7F                     724 	.db #0x7f	; 127
      0002A2 FF                     725 	.db #0xff	; 255
      0002A3 80                     726 	.db #0x80	; 128
      0002A4 FF                     727 	.db #0xff	; 255
      0002A5 BF                     728 	.db #0xbf	; 191
      0002A6 FF                     729 	.db #0xff	; 255
      0002A7 9E                     730 	.db #0x9e	; 158
      0002A8 FF                     731 	.db #0xff	; 255
      0002A9 8E                     732 	.db #0x8e	; 142
      0002AA FF                     733 	.db #0xff	; 255
      0002AB 8E                     734 	.db #0x8e	; 142
      0002AC FF                     735 	.db #0xff	; 255
      0002AD 8E                     736 	.db #0x8e	; 142
      0002AE FF                     737 	.db #0xff	; 255
      0002AF 8E                     738 	.db #0x8e	; 142
      0002B0 FE                     739 	.db #0xfe	; 254
      0002B1 FE                     740 	.db #0xfe	; 254
      0002B2 FF                     741 	.db #0xff	; 255
      0002B3 01                     742 	.db #0x01	; 1
      0002B4 FF                     743 	.db #0xff	; 255
      0002B5 FD                     744 	.db #0xfd	; 253
      0002B6 FF                     745 	.db #0xff	; 255
      0002B7 1D                     746 	.db #0x1d	; 29
      0002B8 FF                     747 	.db #0xff	; 255
      0002B9 05                     748 	.db #0x05	; 5
      0002BA FF                     749 	.db #0xff	; 255
      0002BB 05                     750 	.db #0x05	; 5
      0002BC FF                     751 	.db #0xff	; 255
      0002BD 01                     752 	.db #0x01	; 1
      0002BE FF                     753 	.db #0xff	; 255
      0002BF 01                     754 	.db #0x01	; 1
      0002C0 FF                     755 	.db #0xff	; 255
      0002C1 8E                     756 	.db #0x8e	; 142
      0002C2 FF                     757 	.db #0xff	; 255
      0002C3 8E                     758 	.db #0x8e	; 142
      0002C4 FF                     759 	.db #0xff	; 255
      0002C5 8F                     760 	.db #0x8f	; 143
      0002C6 FF                     761 	.db #0xff	; 255
      0002C7 8E                     762 	.db #0x8e	; 142
      0002C8 FF                     763 	.db #0xff	; 255
      0002C9 8E                     764 	.db #0x8e	; 142
      0002CA FF                     765 	.db #0xff	; 255
      0002CB 8E                     766 	.db #0x8e	; 142
      0002CC FF                     767 	.db #0xff	; 255
      0002CD 8E                     768 	.db #0x8e	; 142
      0002CE FF                     769 	.db #0xff	; 255
      0002CF 8E                     770 	.db #0x8e	; 142
      0002D0 FF                     771 	.db #0xff	; 255
      0002D1 05                     772 	.db #0x05	; 5
      0002D2 FF                     773 	.db #0xff	; 255
      0002D3 1D                     774 	.db #0x1d	; 29
      0002D4 FF                     775 	.db #0xff	; 255
      0002D5 FD                     776 	.db #0xfd	; 253
      0002D6 FF                     777 	.db #0xff	; 255
      0002D7 1D                     778 	.db #0x1d	; 29
      0002D8 FF                     779 	.db #0xff	; 255
      0002D9 05                     780 	.db #0x05	; 5
      0002DA FF                     781 	.db #0xff	; 255
      0002DB 05                     782 	.db #0x05	; 5
      0002DC FF                     783 	.db #0xff	; 255
      0002DD 01                     784 	.db #0x01	; 1
      0002DE FF                     785 	.db #0xff	; 255
      0002DF 01                     786 	.db #0x01	; 1
      0002E0 FF                     787 	.db #0xff	; 255
      0002E1 8E                     788 	.db #0x8e	; 142
      0002E2 FF                     789 	.db #0xff	; 255
      0002E3 8E                     790 	.db #0x8e	; 142
      0002E4 FF                     791 	.db #0xff	; 255
      0002E5 8E                     792 	.db #0x8e	; 142
      0002E6 FF                     793 	.db #0xff	; 255
      0002E7 8E                     794 	.db #0x8e	; 142
      0002E8 FF                     795 	.db #0xff	; 255
      0002E9 9E                     796 	.db #0x9e	; 158
      0002EA FF                     797 	.db #0xff	; 255
      0002EB BF                     798 	.db #0xbf	; 191
      0002EC FF                     799 	.db #0xff	; 255
      0002ED 80                     800 	.db #0x80	; 128
      0002EE 7F                     801 	.db #0x7f	; 127
      0002EF 7F                     802 	.db #0x7f	; 127
      0002F0 FF                     803 	.db #0xff	; 255
      0002F1 01                     804 	.db #0x01	; 1
      0002F2 FF                     805 	.db #0xff	; 255
      0002F3 01                     806 	.db #0x01	; 1
      0002F4 FF                     807 	.db #0xff	; 255
      0002F5 05                     808 	.db #0x05	; 5
      0002F6 FF                     809 	.db #0xff	; 255
      0002F7 05                     810 	.db #0x05	; 5
      0002F8 FF                     811 	.db #0xff	; 255
      0002F9 1D                     812 	.db #0x1d	; 29
      0002FA FF                     813 	.db #0xff	; 255
      0002FB FD                     814 	.db #0xfd	; 253
      0002FC FF                     815 	.db #0xff	; 255
      0002FD 01                     816 	.db #0x01	; 1
      0002FE FE                     817 	.db #0xfe	; 254
      0002FF FE                     818 	.db #0xfe	; 254
      000300                        819 _font_addon:
      000300 7E                     820 	.db #0x7e	; 126
      000301 7E                     821 	.db #0x7e	; 126
      000302 81                     822 	.db #0x81	; 129
      000303 81                     823 	.db #0x81	; 129
      000304 BD                     824 	.db #0xbd	; 189
      000305 BD                     825 	.db #0xbd	; 189
      000306 A1                     826 	.db #0xa1	; 161
      000307 A1                     827 	.db #0xa1	; 161
      000308 A1                     828 	.db #0xa1	; 161
      000309 A1                     829 	.db #0xa1	; 161
      00030A BD                     830 	.db #0xbd	; 189
      00030B BD                     831 	.db #0xbd	; 189
      00030C 81                     832 	.db #0x81	; 129
      00030D 81                     833 	.db #0x81	; 129
      00030E 7E                     834 	.db #0x7e	; 126
      00030F 7E                     835 	.db #0x7e	; 126
      000310                        836 _card_addon:
      000310 7F                     837 	.db #0x7f	; 127
      000311 7F                     838 	.db #0x7f	; 127
      000312 FF                     839 	.db #0xff	; 255
      000313 80                     840 	.db #0x80	; 128
      000314 FF                     841 	.db #0xff	; 255
      000315 9C                     842 	.db #0x9c	; 156
      000316 FF                     843 	.db #0xff	; 255
      000317 AA                     844 	.db #0xaa	; 170
      000318 FF                     845 	.db #0xff	; 255
      000319 BE                     846 	.db #0xbe	; 190
      00031A FF                     847 	.db #0xff	; 255
      00031B AA                     848 	.db #0xaa	; 170
      00031C FF                     849 	.db #0xff	; 255
      00031D 88                     850 	.db #0x88	; 136
      00031E FF                     851 	.db #0xff	; 255
      00031F 80                     852 	.db #0x80	; 128
      000320 FF                     853 	.db #0xff	; 255
      000321 01                     854 	.db #0x01	; 1
      000322 FF                     855 	.db #0xff	; 255
      000323 11                     856 	.db #0x11	; 17
      000324 EF                     857 	.db #0xef	; 239
      000325 39                     858 	.db #0x39	; 57	'9'
      000326 C7                     859 	.db #0xc7	; 199
      000327 7D                     860 	.db #0x7d	; 125
      000328 D7                     861 	.db #0xd7	; 215
      000329 7D                     862 	.db #0x7d	; 125
      00032A FF                     863 	.db #0xff	; 255
      00032B 29                     864 	.db #0x29	; 41
      00032C FF                     865 	.db #0xff	; 255
      00032D 01                     866 	.db #0x01	; 1
      00032E FE                     867 	.db #0xfe	; 254
      00032F FE                     868 	.db #0xfe	; 254
      000330 FF                     869 	.db #0xff	; 255
      000331 81                     870 	.db #0x81	; 129
      000332 FF                     871 	.db #0xff	; 255
      000333 83                     872 	.db #0x83	; 131
      000334 FF                     873 	.db #0xff	; 255
      000335 81                     874 	.db #0x81	; 129
      000336 FF                     875 	.db #0xff	; 255
      000337 81                     876 	.db #0x81	; 129
      000338 FF                     877 	.db #0xff	; 255
      000339 81                     878 	.db #0x81	; 129
      00033A FF                     879 	.db #0xff	; 255
      00033B 81                     880 	.db #0x81	; 129
      00033C FF                     881 	.db #0xff	; 255
      00033D 81                     882 	.db #0x81	; 129
      00033E FF                     883 	.db #0xff	; 255
      00033F 83                     884 	.db #0x83	; 131
      000340 FF                     885 	.db #0xff	; 255
      000341 81                     886 	.db #0x81	; 129
      000342 FF                     887 	.db #0xff	; 255
      000343 81                     888 	.db #0x81	; 129
      000344 FF                     889 	.db #0xff	; 255
      000345 81                     890 	.db #0x81	; 129
      000346 FF                     891 	.db #0xff	; 255
      000347 81                     892 	.db #0x81	; 129
      000348 FF                     893 	.db #0xff	; 255
      000349 81                     894 	.db #0x81	; 129
      00034A FF                     895 	.db #0xff	; 255
      00034B 81                     896 	.db #0x81	; 129
      00034C FF                     897 	.db #0xff	; 255
      00034D 81                     898 	.db #0x81	; 129
      00034E FF                     899 	.db #0xff	; 255
      00034F C1                     900 	.db #0xc1	; 193
      000350 FF                     901 	.db #0xff	; 255
      000351 87                     902 	.db #0x87	; 135
      000352 FF                     903 	.db #0xff	; 255
      000353 8C                     904 	.db #0x8c	; 140
      000354 FF                     905 	.db #0xff	; 255
      000355 80                     906 	.db #0x80	; 128
      000356 FF                     907 	.db #0xff	; 255
      000357 80                     908 	.db #0x80	; 128
      000358 FF                     909 	.db #0xff	; 255
      000359 87                     910 	.db #0x87	; 135
      00035A FF                     911 	.db #0xff	; 255
      00035B 8E                     912 	.db #0x8e	; 142
      00035C FF                     913 	.db #0xff	; 255
      00035D 8C                     914 	.db #0x8c	; 140
      00035E FF                     915 	.db #0xff	; 255
      00035F 8F                     916 	.db #0x8f	; 143
      000360 FF                     917 	.db #0xff	; 255
      000361 C1                     918 	.db #0xc1	; 193
      000362 FF                     919 	.db #0xff	; 255
      000363 61                     920 	.db #0x61	; 97	'a'
      000364 FF                     921 	.db #0xff	; 255
      000365 61                     922 	.db #0x61	; 97	'a'
      000366 FF                     923 	.db #0xff	; 255
      000367 61                     924 	.db #0x61	; 97	'a'
      000368 FF                     925 	.db #0xff	; 255
      000369 C1                     926 	.db #0xc1	; 193
      00036A FF                     927 	.db #0xff	; 255
      00036B 01                     928 	.db #0x01	; 1
      00036C FF                     929 	.db #0xff	; 255
      00036D 61                     930 	.db #0x61	; 97	'a'
      00036E FF                     931 	.db #0xff	; 255
      00036F E1                     932 	.db #0xe1	; 225
      000370 FF                     933 	.db #0xff	; 255
      000371 80                     934 	.db #0x80	; 128
      000372 FF                     935 	.db #0xff	; 255
      000373 81                     936 	.db #0x81	; 129
      000374 FF                     937 	.db #0xff	; 255
      000375 82                     938 	.db #0x82	; 130
      000376 FF                     939 	.db #0xff	; 255
      000377 82                     940 	.db #0x82	; 130
      000378 FF                     941 	.db #0xff	; 255
      000379 84                     942 	.db #0x84	; 132
      00037A FF                     943 	.db #0xff	; 255
      00037B 87                     944 	.db #0x87	; 135
      00037C FF                     945 	.db #0xff	; 255
      00037D 80                     946 	.db #0x80	; 128
      00037E FF                     947 	.db #0xff	; 255
      00037F 80                     948 	.db #0x80	; 128
      000380 FF                     949 	.db #0xff	; 255
      000381 C1                     950 	.db #0xc1	; 193
      000382 FF                     951 	.db #0xff	; 255
      000383 C1                     952 	.db #0xc1	; 193
      000384 FF                     953 	.db #0xff	; 255
      000385 C1                     954 	.db #0xc1	; 193
      000386 FF                     955 	.db #0xff	; 255
      000387 C1                     956 	.db #0xc1	; 193
      000388 FF                     957 	.db #0xff	; 255
      000389 C1                     958 	.db #0xc1	; 193
      00038A FF                     959 	.db #0xff	; 255
      00038B E1                     960 	.db #0xe1	; 225
      00038C FF                     961 	.db #0xff	; 255
      00038D C1                     962 	.db #0xc1	; 193
      00038E FF                     963 	.db #0xff	; 255
      00038F C1                     964 	.db #0xc1	; 193
      000390 7F                     965 	.db #0x7f	; 127
      000391 7F                     966 	.db #0x7f	; 127
      000392 FF                     967 	.db #0xff	; 255
      000393 80                     968 	.db #0x80	; 128
      000394 FF                     969 	.db #0xff	; 255
      000395 80                     970 	.db #0x80	; 128
      000396 FF                     971 	.db #0xff	; 255
      000397 80                     972 	.db #0x80	; 128
      000398 FF                     973 	.db #0xff	; 255
      000399 80                     974 	.db #0x80	; 128
      00039A FF                     975 	.db #0xff	; 255
      00039B 80                     976 	.db #0x80	; 128
      00039C FF                     977 	.db #0xff	; 255
      00039D 81                     978 	.db #0x81	; 129
      00039E FF                     979 	.db #0xff	; 255
      00039F 83                     980 	.db #0x83	; 131
      0003A0 FE                     981 	.db #0xfe	; 254
      0003A1 FE                     982 	.db #0xfe	; 254
      0003A2 FF                     983 	.db #0xff	; 255
      0003A3 01                     984 	.db #0x01	; 1
      0003A4 FF                     985 	.db #0xff	; 255
      0003A5 09                     986 	.db #0x09	; 9
      0003A6 FF                     987 	.db #0xff	; 255
      0003A7 05                     988 	.db #0x05	; 5
      0003A8 FF                     989 	.db #0xff	; 255
      0003A9 25                     990 	.db #0x25	; 37
      0003AA FF                     991 	.db #0xff	; 255
      0003AB 95                     992 	.db #0x95	; 149
      0003AC FF                     993 	.db #0xff	; 255
      0003AD 95                     994 	.db #0x95	; 149
      0003AE FF                     995 	.db #0xff	; 255
      0003AF 95                     996 	.db #0x95	; 149
      0003B0 FF                     997 	.db #0xff	; 255
      0003B1 8F                     998 	.db #0x8f	; 143
      0003B2 FF                     999 	.db #0xff	; 255
      0003B3 BF                    1000 	.db #0xbf	; 191
      0003B4 FF                    1001 	.db #0xff	; 255
      0003B5 BF                    1002 	.db #0xbf	; 191
      0003B6 FF                    1003 	.db #0xff	; 255
      0003B7 BF                    1004 	.db #0xbf	; 191
      0003B8 FF                    1005 	.db #0xff	; 255
      0003B9 BF                    1006 	.db #0xbf	; 191
      0003BA FF                    1007 	.db #0xff	; 255
      0003BB BF                    1008 	.db #0xbf	; 191
      0003BC FF                    1009 	.db #0xff	; 255
      0003BD BF                    1010 	.db #0xbf	; 191
      0003BE FF                    1011 	.db #0xff	; 255
      0003BF 8F                    1012 	.db #0x8f	; 143
      0003C0 FF                    1013 	.db #0xff	; 255
      0003C1 95                    1014 	.db #0x95	; 149
      0003C2 FF                    1015 	.db #0xff	; 255
      0003C3 95                    1016 	.db #0x95	; 149
      0003C4 FF                    1017 	.db #0xff	; 255
      0003C5 95                    1018 	.db #0x95	; 149
      0003C6 FF                    1019 	.db #0xff	; 255
      0003C7 95                    1020 	.db #0x95	; 149
      0003C8 FF                    1021 	.db #0xff	; 255
      0003C9 95                    1022 	.db #0x95	; 149
      0003CA FF                    1023 	.db #0xff	; 255
      0003CB 95                    1024 	.db #0x95	; 149
      0003CC FF                    1025 	.db #0xff	; 255
      0003CD 95                    1026 	.db #0x95	; 149
      0003CE FF                    1027 	.db #0xff	; 255
      0003CF 95                    1028 	.db #0x95	; 149
      0003D0 FF                    1029 	.db #0xff	; 255
      0003D1 83                    1030 	.db #0x83	; 131
      0003D2 FF                    1031 	.db #0xff	; 255
      0003D3 81                    1032 	.db #0x81	; 129
      0003D4 FF                    1033 	.db #0xff	; 255
      0003D5 80                    1034 	.db #0x80	; 128
      0003D6 FF                    1035 	.db #0xff	; 255
      0003D7 80                    1036 	.db #0x80	; 128
      0003D8 FF                    1037 	.db #0xff	; 255
      0003D9 80                    1038 	.db #0x80	; 128
      0003DA FF                    1039 	.db #0xff	; 255
      0003DB 80                    1040 	.db #0x80	; 128
      0003DC FF                    1041 	.db #0xff	; 255
      0003DD 80                    1042 	.db #0x80	; 128
      0003DE 7F                    1043 	.db #0x7f	; 127
      0003DF 7F                    1044 	.db #0x7f	; 127
      0003E0 FF                    1045 	.db #0xff	; 255
      0003E1 95                    1046 	.db #0x95	; 149
      0003E2 FF                    1047 	.db #0xff	; 255
      0003E3 95                    1048 	.db #0x95	; 149
      0003E4 FF                    1049 	.db #0xff	; 255
      0003E5 95                    1050 	.db #0x95	; 149
      0003E6 FF                    1051 	.db #0xff	; 255
      0003E7 25                    1052 	.db #0x25	; 37
      0003E8 FF                    1053 	.db #0xff	; 255
      0003E9 05                    1054 	.db #0x05	; 5
      0003EA FF                    1055 	.db #0xff	; 255
      0003EB 09                    1056 	.db #0x09	; 9
      0003EC FF                    1057 	.db #0xff	; 255
      0003ED 01                    1058 	.db #0x01	; 1
      0003EE FE                    1059 	.db #0xfe	; 254
      0003EF FE                    1060 	.db #0xfe	; 254
      0003F0 FE                    1061 	.db #0xfe	; 254
      0003F1 FE                    1062 	.db #0xfe	; 254
      0003F2 FF                    1063 	.db #0xff	; 255
      0003F3 01                    1064 	.db #0x01	; 1
      0003F4 FF                    1065 	.db #0xff	; 255
      0003F5 01                    1066 	.db #0x01	; 1
      0003F6 FF                    1067 	.db #0xff	; 255
      0003F7 01                    1068 	.db #0x01	; 1
      0003F8 FF                    1069 	.db #0xff	; 255
      0003F9 01                    1070 	.db #0x01	; 1
      0003FA FF                    1071 	.db #0xff	; 255
      0003FB 81                    1072 	.db #0x81	; 129
      0003FC FF                    1073 	.db #0xff	; 255
      0003FD 81                    1074 	.db #0x81	; 129
      0003FE FF                    1075 	.db #0xff	; 255
      0003FF 81                    1076 	.db #0x81	; 129
      000400 FF                    1077 	.db #0xff	; 255
      000401 81                    1078 	.db #0x81	; 129
      000402 FF                    1079 	.db #0xff	; 255
      000403 81                    1080 	.db #0x81	; 129
      000404 FF                    1081 	.db #0xff	; 255
      000405 A5                    1082 	.db #0xa5	; 165
      000406 FF                    1083 	.db #0xff	; 255
      000407 99                    1084 	.db #0x99	; 153
      000408 FF                    1085 	.db #0xff	; 255
      000409 99                    1086 	.db #0x99	; 153
      00040A FF                    1087 	.db #0xff	; 255
      00040B A5                    1088 	.db #0xa5	; 165
      00040C FF                    1089 	.db #0xff	; 255
      00040D 81                    1090 	.db #0x81	; 129
      00040E FF                    1091 	.db #0xff	; 255
      00040F 81                    1092 	.db #0x81	; 129
      000410 FF                    1093 	.db #0xff	; 255
      000411 81                    1094 	.db #0x81	; 129
      000412 FF                    1095 	.db #0xff	; 255
      000413 81                    1096 	.db #0x81	; 129
      000414 FF                    1097 	.db #0xff	; 255
      000415 81                    1098 	.db #0x81	; 129
      000416 FF                    1099 	.db #0xff	; 255
      000417 01                    1100 	.db #0x01	; 1
      000418 FF                    1101 	.db #0xff	; 255
      000419 01                    1102 	.db #0x01	; 1
      00041A FF                    1103 	.db #0xff	; 255
      00041B 01                    1104 	.db #0x01	; 1
      00041C FF                    1105 	.db #0xff	; 255
      00041D 01                    1106 	.db #0x01	; 1
      00041E FE                    1107 	.db #0xfe	; 254
      00041F FE                    1108 	.db #0xfe	; 254
      000420 FF                    1109 	.db #0xff	; 255
      000421 82                    1110 	.db #0x82	; 130
      000422 FF                    1111 	.db #0xff	; 255
      000423 83                    1112 	.db #0x83	; 131
      000424 FF                    1113 	.db #0xff	; 255
      000425 81                    1114 	.db #0x81	; 129
      000426 FF                    1115 	.db #0xff	; 255
      000427 80                    1116 	.db #0x80	; 128
      000428 FF                    1117 	.db #0xff	; 255
      000429 80                    1118 	.db #0x80	; 128
      00042A FF                    1119 	.db #0xff	; 255
      00042B 81                    1120 	.db #0x81	; 129
      00042C FF                    1121 	.db #0xff	; 255
      00042D 83                    1122 	.db #0x83	; 131
      00042E FF                    1123 	.db #0xff	; 255
      00042F 82                    1124 	.db #0x82	; 130
      000430 FF                    1125 	.db #0xff	; 255
      000431 01                    1126 	.db #0x01	; 1
      000432 FF                    1127 	.db #0xff	; 255
      000433 01                    1128 	.db #0x01	; 1
      000434 FF                    1129 	.db #0xff	; 255
      000435 81                    1130 	.db #0x81	; 129
      000436 FF                    1131 	.db #0xff	; 255
      000437 C1                    1132 	.db #0xc1	; 193
      000438 FF                    1133 	.db #0xff	; 255
      000439 C1                    1134 	.db #0xc1	; 193
      00043A FF                    1135 	.db #0xff	; 255
      00043B 81                    1136 	.db #0x81	; 129
      00043C FF                    1137 	.db #0xff	; 255
      00043D 01                    1138 	.db #0x01	; 1
      00043E FF                    1139 	.db #0xff	; 255
      00043F 01                    1140 	.db #0x01	; 1
      000440 FF                    1141 	.db #0xff	; 255
      000441 90                    1142 	.db #0x90	; 144
      000442 FF                    1143 	.db #0xff	; 255
      000443 98                    1144 	.db #0x98	; 152
      000444 FF                    1145 	.db #0xff	; 255
      000445 8C                    1146 	.db #0x8c	; 140
      000446 FF                    1147 	.db #0xff	; 255
      000447 86                    1148 	.db #0x86	; 134
      000448 FF                    1149 	.db #0xff	; 255
      000449 86                    1150 	.db #0x86	; 134
      00044A FF                    1151 	.db #0xff	; 255
      00044B 8C                    1152 	.db #0x8c	; 140
      00044C FF                    1153 	.db #0xff	; 255
      00044D 98                    1154 	.db #0x98	; 152
      00044E FF                    1155 	.db #0xff	; 255
      00044F 90                    1156 	.db #0x90	; 144
      000450 FF                    1157 	.db #0xff	; 255
      000451 41                    1158 	.db #0x41	; 65	'A'
      000452 FF                    1159 	.db #0xff	; 255
      000453 61                    1160 	.db #0x61	; 97	'a'
      000454 FF                    1161 	.db #0xff	; 255
      000455 31                    1162 	.db #0x31	; 49	'1'
      000456 FF                    1163 	.db #0xff	; 255
      000457 19                    1164 	.db #0x19	; 25
      000458 FF                    1165 	.db #0xff	; 255
      000459 19                    1166 	.db #0x19	; 25
      00045A FF                    1167 	.db #0xff	; 255
      00045B 31                    1168 	.db #0x31	; 49	'1'
      00045C FF                    1169 	.db #0xff	; 255
      00045D 61                    1170 	.db #0x61	; 97	'a'
      00045E FF                    1171 	.db #0xff	; 255
      00045F 41                    1172 	.db #0x41	; 65	'A'
      000460 FF                    1173 	.db #0xff	; 255
      000461 A2                    1174 	.db #0xa2	; 162
      000462 FF                    1175 	.db #0xff	; 255
      000463 B3                    1176 	.db #0xb3	; 179
      000464 FF                    1177 	.db #0xff	; 255
      000465 99                    1178 	.db #0x99	; 153
      000466 FF                    1179 	.db #0xff	; 255
      000467 8C                    1180 	.db #0x8c	; 140
      000468 FF                    1181 	.db #0xff	; 255
      000469 8C                    1182 	.db #0x8c	; 140
      00046A FF                    1183 	.db #0xff	; 255
      00046B 99                    1184 	.db #0x99	; 153
      00046C FF                    1185 	.db #0xff	; 255
      00046D B3                    1186 	.db #0xb3	; 179
      00046E FF                    1187 	.db #0xff	; 255
      00046F A2                    1188 	.db #0xa2	; 162
      000470 FF                    1189 	.db #0xff	; 255
      000471 21                    1190 	.db #0x21	; 33
      000472 FF                    1191 	.db #0xff	; 255
      000473 31                    1192 	.db #0x31	; 49	'1'
      000474 FF                    1193 	.db #0xff	; 255
      000475 99                    1194 	.db #0x99	; 153
      000476 FF                    1195 	.db #0xff	; 255
      000477 CD                    1196 	.db #0xcd	; 205
      000478 FF                    1197 	.db #0xff	; 255
      000479 CD                    1198 	.db #0xcd	; 205
      00047A FF                    1199 	.db #0xff	; 255
      00047B 99                    1200 	.db #0x99	; 153
      00047C FF                    1201 	.db #0xff	; 255
      00047D 31                    1202 	.db #0x31	; 49	'1'
      00047E FF                    1203 	.db #0xff	; 255
      00047F 21                    1204 	.db #0x21	; 33
      000480                       1205 _button_textures:
      000480 00                    1206 	.db #0x00	; 0
      000481 00                    1207 	.db #0x00	; 0
      000482 00                    1208 	.db #0x00	; 0
      000483 00                    1209 	.db #0x00	; 0
      000484 00                    1210 	.db #0x00	; 0
      000485 FF                    1211 	.db #0xff	; 255
      000486 00                    1212 	.db #0x00	; 0
      000487 FF                    1213 	.db #0xff	; 255
      000488 FF                    1214 	.db #0xff	; 255
      000489 FF                    1215 	.db #0xff	; 255
      00048A FF                    1216 	.db #0xff	; 255
      00048B FF                    1217 	.db #0xff	; 255
      00048C 00                    1218 	.db #0x00	; 0
      00048D 00                    1219 	.db #0x00	; 0
      00048E 00                    1220 	.db #0x00	; 0
      00048F 00                    1221 	.db #0x00	; 0
      000490 00                    1222 	.db #0x00	; 0
      000491 00                    1223 	.db #0x00	; 0
      000492 00                    1224 	.db #0x00	; 0
      000493 00                    1225 	.db #0x00	; 0
      000494 77                    1226 	.db #0x77	; 119	'w'
      000495 77                    1227 	.db #0x77	; 119	'w'
      000496 42                    1228 	.db #0x42	; 66	'B'
      000497 42                    1229 	.db #0x42	; 66	'B'
      000498 72                    1230 	.db #0x72	; 114	'r'
      000499 72                    1231 	.db #0x72	; 114	'r'
      00049A 12                    1232 	.db #0x12	; 18
      00049B 12                    1233 	.db #0x12	; 18
      00049C 72                    1234 	.db #0x72	; 114	'r'
      00049D 72                    1235 	.db #0x72	; 114	'r'
      00049E 00                    1236 	.db #0x00	; 0
      00049F 00                    1237 	.db #0x00	; 0
      0004A0 00                    1238 	.db #0x00	; 0
      0004A1 00                    1239 	.db #0x00	; 0
      0004A2 00                    1240 	.db #0x00	; 0
      0004A3 00                    1241 	.db #0x00	; 0
      0004A4 33                    1242 	.db #0x33	; 51	'3'
      0004A5 33                    1243 	.db #0x33	; 51	'3'
      0004A6 4A                    1244 	.db #0x4a	; 74	'J'
      0004A7 4A                    1245 	.db #0x4a	; 74	'J'
      0004A8 7B                    1246 	.db #0x7b	; 123
      0004A9 7B                    1247 	.db #0x7b	; 123
      0004AA 4A                    1248 	.db #0x4a	; 74	'J'
      0004AB 4A                    1249 	.db #0x4a	; 74	'J'
      0004AC 4A                    1250 	.db #0x4a	; 74	'J'
      0004AD 4A                    1251 	.db #0x4a	; 74	'J'
      0004AE 00                    1252 	.db #0x00	; 0
      0004AF 00                    1253 	.db #0x00	; 0
      0004B0 00                    1254 	.db #0x00	; 0
      0004B1 00                    1255 	.db #0x00	; 0
      0004B2 00                    1256 	.db #0x00	; 0
      0004B3 00                    1257 	.db #0x00	; 0
      0004B4 9C                    1258 	.db #0x9c	; 156
      0004B5 9C                    1259 	.db #0x9c	; 156
      0004B6 48                    1260 	.db #0x48	; 72	'H'
      0004B7 48                    1261 	.db #0x48	; 72	'H'
      0004B8 C8                    1262 	.db #0xc8	; 200
      0004B9 C8                    1263 	.db #0xc8	; 200
      0004BA 88                    1264 	.db #0x88	; 136
      0004BB 88                    1265 	.db #0x88	; 136
      0004BC 48                    1266 	.db #0x48	; 72	'H'
      0004BD 48                    1267 	.db #0x48	; 72	'H'
      0004BE 00                    1268 	.db #0x00	; 0
      0004BF 00                    1269 	.db #0x00	; 0
      0004C0 00                    1270 	.db #0x00	; 0
      0004C1 00                    1271 	.db #0x00	; 0
      0004C2 00                    1272 	.db #0x00	; 0
      0004C3 00                    1273 	.db #0x00	; 0
      0004C4 76                    1274 	.db #0x76	; 118	'v'
      0004C5 76                    1275 	.db #0x76	; 118	'v'
      0004C6 44                    1276 	.db #0x44	; 68	'D'
      0004C7 44                    1277 	.db #0x44	; 68	'D'
      0004C8 76                    1278 	.db #0x76	; 118	'v'
      0004C9 76                    1279 	.db #0x76	; 118	'v'
      0004CA 14                    1280 	.db #0x14	; 20
      0004CB 14                    1281 	.db #0x14	; 20
      0004CC 76                    1282 	.db #0x76	; 118	'v'
      0004CD 76                    1283 	.db #0x76	; 118	'v'
      0004CE 00                    1284 	.db #0x00	; 0
      0004CF 00                    1285 	.db #0x00	; 0
      0004D0 00                    1286 	.db #0x00	; 0
      0004D1 00                    1287 	.db #0x00	; 0
      0004D2 00                    1288 	.db #0x00	; 0
      0004D3 00                    1289 	.db #0x00	; 0
      0004D4 4C                    1290 	.db #0x4c	; 76	'L'
      0004D5 4C                    1291 	.db #0x4c	; 76	'L'
      0004D6 49                    1292 	.db #0x49	; 73	'I'
      0004D7 49                    1293 	.db #0x49	; 73	'I'
      0004D8 4D                    1294 	.db #0x4d	; 77	'M'
      0004D9 4D                    1295 	.db #0x4d	; 77	'M'
      0004DA 49                    1296 	.db #0x49	; 73	'I'
      0004DB 49                    1297 	.db #0x49	; 73	'I'
      0004DC 6C                    1298 	.db #0x6c	; 108	'l'
      0004DD 6C                    1299 	.db #0x6c	; 108	'l'
      0004DE 00                    1300 	.db #0x00	; 0
      0004DF 00                    1301 	.db #0x00	; 0
      0004E0 00                    1302 	.db #0x00	; 0
      0004E1 00                    1303 	.db #0x00	; 0
      0004E2 00                    1304 	.db #0x00	; 0
      0004E3 00                    1305 	.db #0x00	; 0
      0004E4 DC                    1306 	.db #0xdc	; 220
      0004E5 DC                    1307 	.db #0xdc	; 220
      0004E6 08                    1308 	.db #0x08	; 8
      0004E7 08                    1309 	.db #0x08	; 8
      0004E8 08                    1310 	.db #0x08	; 8
      0004E9 08                    1311 	.db #0x08	; 8
      0004EA 08                    1312 	.db #0x08	; 8
      0004EB 08                    1313 	.db #0x08	; 8
      0004EC C8                    1314 	.db #0xc8	; 200
      0004ED C8                    1315 	.db #0xc8	; 200
      0004EE 00                    1316 	.db #0x00	; 0
      0004EF 00                    1317 	.db #0x00	; 0
      0004F0                       1318 _copyright_text:
      0004F0 25                    1319 	.db #0x25	; 37
      0004F1 00                    1320 	.db #0x00	; 0
      0004F2 03                    1321 	.db #0x03	; 3
      0004F3 01                    1322 	.db #0x01	; 1
      0004F4 03                    1323 	.db #0x03	; 3
      0004F5 02                    1324 	.db #0x02	; 2
      0004F6 00                    1325 	.db #0x00	; 0
      0004F7 21                    1326 	.db #0x21	; 33
      0004F8 19                    1327 	.db #0x19	; 25
      0004F9 14                    1328 	.db #0x14	; 20
      0004FA 0D                    1329 	.db #0x0d	; 13
      0004FB 13                    1330 	.db #0x13	; 19
      0004FC 0F                    1331 	.db #0x0f	; 15
      0004FD 0D                    1332 	.db #0x0d	; 13
      0004FE 12                    1333 	.db #0x12	; 18
      0004FF 00                    1334 	.db #0x00	; 0
      000500 11                    1335 	.db #0x11	; 17
      000501 1C                    1336 	.db #0x1c	; 28
      000502 0B                    1337 	.db #0x0b	; 11
      000503 14                    1338 	.db #0x14	; 20
      000504                       1339 _start_text:
      000504 1D                    1340 	.db #0x1d	; 29
      000505 1E                    1341 	.db #0x1e	; 30
      000506 0B                    1342 	.db #0x0b	; 11
      000507 1C                    1343 	.db #0x1c	; 28
      000508 1E                    1344 	.db #0x1e	; 30
      000509                       1345 _select_text:
      000509 1D                    1346 	.db #0x1d	; 29
      00050A 0F                    1347 	.db #0x0f	; 15
      00050B 16                    1348 	.db #0x16	; 22
      00050C 0F                    1349 	.db #0x0f	; 15
      00050D 0D                    1350 	.db #0x0d	; 13
      00050E 1E                    1351 	.db #0x1e	; 30
      00050F                       1352 _leaderboard_text:
      00050F 16                    1353 	.db #0x16	; 22
      000510 0F                    1354 	.db #0x0f	; 15
      000511 0B                    1355 	.db #0x0b	; 11
      000512 0E                    1356 	.db #0x0e	; 14
      000513 0F                    1357 	.db #0x0f	; 15
      000514 1C                    1358 	.db #0x1c	; 28
      000515 0C                    1359 	.db #0x0c	; 12
      000516 19                    1360 	.db #0x19	; 25
      000517 0B                    1361 	.db #0x0b	; 11
      000518 1C                    1362 	.db #0x1c	; 28
      000519 0E                    1363 	.db #0x0e	; 14
      00051A                       1364 _suits_text:
      00051A 1D                    1365 	.db #0x1d	; 29
      00051B 1F                    1366 	.db #0x1f	; 31
      00051C 13                    1367 	.db #0x13	; 19
      00051D 1E                    1368 	.db #0x1e	; 30
      00051E 1D                    1369 	.db #0x1d	; 29
      00051F                       1370 _music_text:
      00051F 17                    1371 	.db #0x17	; 23
      000520 1F                    1372 	.db #0x1f	; 31
      000521 1D                    1373 	.db #0x1d	; 29
      000522 13                    1374 	.db #0x13	; 19
      000523 0D                    1375 	.db #0x0d	; 13
      000524                       1376 _speed_text:
      000524 1D                    1377 	.db #0x1d	; 29
      000525 1A                    1378 	.db #0x1a	; 26
      000526 0F                    1379 	.db #0x0f	; 15
      000527 0F                    1380 	.db #0x0f	; 15
      000528 0E                    1381 	.db #0x0e	; 14
                                   1382 	.area _CABS (ABS)
