                                      1 ;--------------------------------------------------------
                                      2 ; File Created by SDCC : free open source ANSI-C Compiler
                                      3 ; Version 4.1.0 #12072 (Linux)
                                      4 ;--------------------------------------------------------
                                      5 	.module regular_metasprite
                                      6 	.optsdcc -mgbz80
                                      7 	
                                      8 ;--------------------------------------------------------
                                      9 ; Public variables in this module
                                     10 ;--------------------------------------------------------
                                     11 	.globl _metasprite_same_2x3
                                     12 	.globl _metasprite_sequential_2x3
                                     13 	.globl _metasprite_custom_2x3
                                     14 ;--------------------------------------------------------
                                     15 ; special function registers
                                     16 ;--------------------------------------------------------
                                     17 ;--------------------------------------------------------
                                     18 ; ram data
                                     19 ;--------------------------------------------------------
                                     20 	.area _DATA
      000000                         21 _metasprite_custom_2x3::
      000000                         22 	.ds 28
                                     23 ;--------------------------------------------------------
                                     24 ; absolute external ram data
                                     25 ;--------------------------------------------------------
                                     26 	.area _DABS (ABS)
                                     27 ;--------------------------------------------------------
                                     28 ; global & static initialisations
                                     29 ;--------------------------------------------------------
                                     30 	.area _HOME
                                     31 	.area _GSINIT
                                     32 	.area _GSFINAL
                                     33 	.area _GSINIT
                                     34 ;res/regular_metasprite.c:20: metasprite_t metasprite_custom_2x3[] = {
      000000 21r00r00                35 	ld	hl, #_metasprite_custom_2x3
      000003 36 10                   36 	ld	(hl), #0x10
      000005 21r01r00                37 	ld	hl, #(_metasprite_custom_2x3 + 0x0001)
      000008 36 08                   38 	ld	(hl), #0x08
      00000A 21r02r00                39 	ld	hl, #(_metasprite_custom_2x3 + 0x0002)
      00000D 36 00                   40 	ld	(hl), #0x00
      00000F 21r03r00                41 	ld	hl, #(_metasprite_custom_2x3 + 0x0003)
      000012 36 00                   42 	ld	(hl), #0x00
      000014 21r04r00                43 	ld	hl, #(_metasprite_custom_2x3 + 0x0004)
      000017 36 00                   44 	ld	(hl), #0x00
      000019 21r05r00                45 	ld	hl, #(_metasprite_custom_2x3 + 0x0005)
      00001C 36 08                   46 	ld	(hl), #0x08
      00001E 21r06r00                47 	ld	hl, #(_metasprite_custom_2x3 + 0x0006)
      000021 36 00                   48 	ld	(hl), #0x00
      000023 21r07r00                49 	ld	hl, #(_metasprite_custom_2x3 + 0x0007)
      000026 36 00                   50 	ld	(hl), #0x00
      000028 21r08r00                51 	ld	hl, #(_metasprite_custom_2x3 + 0x0008)
      00002B 36 08                   52 	ld	(hl), #0x08
      00002D 21r09r00                53 	ld	hl, #(_metasprite_custom_2x3 + 0x0009)
      000030 36 F8                   54 	ld	(hl), #0xf8
      000032 21r0Ar00                55 	ld	hl, #(_metasprite_custom_2x3 + 0x000a)
      000035 36 00                   56 	ld	(hl), #0x00
      000037 21r0Br00                57 	ld	hl, #(_metasprite_custom_2x3 + 0x000b)
      00003A 36 00                   58 	ld	(hl), #0x00
      00003C 21r0Cr00                59 	ld	hl, #(_metasprite_custom_2x3 + 0x000c)
      00003F 36 00                   60 	ld	(hl), #0x00
      000041 21r0Dr00                61 	ld	hl, #(_metasprite_custom_2x3 + 0x000d)
      000044 36 08                   62 	ld	(hl), #0x08
      000046 21r0Er00                63 	ld	hl, #(_metasprite_custom_2x3 + 0x000e)
      000049 36 00                   64 	ld	(hl), #0x00
      00004B 21r0Fr00                65 	ld	hl, #(_metasprite_custom_2x3 + 0x000f)
      00004E 36 00                   66 	ld	(hl), #0x00
      000050 21r10r00                67 	ld	hl, #(_metasprite_custom_2x3 + 0x0010)
      000053 36 08                   68 	ld	(hl), #0x08
      000055 21r11r00                69 	ld	hl, #(_metasprite_custom_2x3 + 0x0011)
      000058 36 F8                   70 	ld	(hl), #0xf8
      00005A 21r12r00                71 	ld	hl, #(_metasprite_custom_2x3 + 0x0012)
      00005D 36 00                   72 	ld	(hl), #0x00
      00005F 21r13r00                73 	ld	hl, #(_metasprite_custom_2x3 + 0x0013)
      000062 36 00                   74 	ld	(hl), #0x00
      000064 21r14r00                75 	ld	hl, #(_metasprite_custom_2x3 + 0x0014)
      000067 36 00                   76 	ld	(hl), #0x00
      000069 21r15r00                77 	ld	hl, #(_metasprite_custom_2x3 + 0x0015)
      00006C 36 08                   78 	ld	(hl), #0x08
      00006E 21r16r00                79 	ld	hl, #(_metasprite_custom_2x3 + 0x0016)
      000071 36 00                   80 	ld	(hl), #0x00
      000073 21r17r00                81 	ld	hl, #(_metasprite_custom_2x3 + 0x0017)
      000076 36 00                   82 	ld	(hl), #0x00
      000078 21r18r00                83 	ld	hl, #(_metasprite_custom_2x3 + 0x0018)
      00007B 36 80                   84 	ld	(hl), #0x80
                                     85 ;--------------------------------------------------------
                                     86 ; Home
                                     87 ;--------------------------------------------------------
                                     88 	.area _HOME
                                     89 	.area _HOME
                                     90 ;--------------------------------------------------------
                                     91 ; code
                                     92 ;--------------------------------------------------------
                                     93 	.area _CODE
                                     94 	.area _CODE
      000000                         95 _metasprite_sequential_2x3:
      000000 10                      96 	.db #0x10	;  16
      000001 08                      97 	.db #0x08	;  8
      000002 00                      98 	.db #0x00	; 0
      000003 00                      99 	.db #0x00	; 0
      000004 00                     100 	.db #0x00	;  0
      000005 08                     101 	.db #0x08	;  8
      000006 01                     102 	.db #0x01	; 1
      000007 00                     103 	.db #0x00	; 0
      000008 08                     104 	.db #0x08	;  8
      000009 F8                     105 	.db #0xf8	; -8
      00000A 02                     106 	.db #0x02	; 2
      00000B 00                     107 	.db #0x00	; 0
      00000C 00                     108 	.db #0x00	;  0
      00000D 08                     109 	.db #0x08	;  8
      00000E 03                     110 	.db #0x03	; 3
      00000F 00                     111 	.db #0x00	; 0
      000010 08                     112 	.db #0x08	;  8
      000011 F8                     113 	.db #0xf8	; -8
      000012 04                     114 	.db #0x04	; 4
      000013 00                     115 	.db #0x00	; 0
      000014 00                     116 	.db #0x00	;  0
      000015 08                     117 	.db #0x08	;  8
      000016 05                     118 	.db #0x05	; 5
      000017 00                     119 	.db #0x00	; 0
      000018 80                     120 	.db #0x80	; -128
      000019 00                     121 	.db #0x00	;  0
      00001A 00                     122 	.db #0x00	; 0
      00001B 00                     123 	.db #0x00	; 0
      00001C                        124 _metasprite_same_2x3:
      00001C 10                     125 	.db #0x10	;  16
      00001D 08                     126 	.db #0x08	;  8
      00001E 00                     127 	.db #0x00	; 0
      00001F 00                     128 	.db #0x00	; 0
      000020 00                     129 	.db #0x00	;  0
      000021 08                     130 	.db #0x08	;  8
      000022 00                     131 	.db #0x00	; 0
      000023 00                     132 	.db #0x00	; 0
      000024 08                     133 	.db #0x08	;  8
      000025 F8                     134 	.db #0xf8	; -8
      000026 00                     135 	.db #0x00	; 0
      000027 00                     136 	.db #0x00	; 0
      000028 00                     137 	.db #0x00	;  0
      000029 08                     138 	.db #0x08	;  8
      00002A 00                     139 	.db #0x00	; 0
      00002B 00                     140 	.db #0x00	; 0
      00002C 08                     141 	.db #0x08	;  8
      00002D F8                     142 	.db #0xf8	; -8
      00002E 00                     143 	.db #0x00	; 0
      00002F 00                     144 	.db #0x00	; 0
      000030 00                     145 	.db #0x00	;  0
      000031 08                     146 	.db #0x08	;  8
      000032 00                     147 	.db #0x00	; 0
      000033 00                     148 	.db #0x00	; 0
      000034 80                     149 	.db #0x80	; -128
      000035 00                     150 	.db #0x00	;  0
      000036 00                     151 	.db #0x00	; 0
      000037 00                     152 	.db #0x00	; 0
                                    153 	.area _CABS (ABS)
