                                      1 ;--------------------------------------------------------
                                      2 ; File Created by SDCC : free open source ANSI-C Compiler
                                      3 ; Version 4.1.0 #12072 (Linux)
                                      4 ;--------------------------------------------------------
                                      5 	.module title
                                      6 	.optsdcc -mgbz80
                                      7 	
                                      8 ;--------------------------------------------------------
                                      9 ; Public variables in this module
                                     10 ;--------------------------------------------------------
                                     11 	.globl _title_textures
                                     12 ;--------------------------------------------------------
                                     13 ; special function registers
                                     14 ;--------------------------------------------------------
                                     15 ;--------------------------------------------------------
                                     16 ; ram data
                                     17 ;--------------------------------------------------------
                                     18 	.area _DATA
                                     19 ;--------------------------------------------------------
                                     20 ; absolute external ram data
                                     21 ;--------------------------------------------------------
                                     22 	.area _DABS (ABS)
                                     23 ;--------------------------------------------------------
                                     24 ; global & static initialisations
                                     25 ;--------------------------------------------------------
                                     26 	.area _HOME
                                     27 	.area _GSINIT
                                     28 	.area _GSFINAL
                                     29 	.area _GSINIT
                                     30 ;--------------------------------------------------------
                                     31 ; Home
                                     32 ;--------------------------------------------------------
                                     33 	.area _HOME
                                     34 	.area _HOME
                                     35 ;--------------------------------------------------------
                                     36 ; code
                                     37 ;--------------------------------------------------------
                                     38 	.area _CODE
                                     39 	.area _CODE
      000000                         40 _title_textures:
      000000 7F                      41 	.db #0x7f	; 127
      000001 7F                      42 	.db #0x7f	; 127
      000002 FF                      43 	.db #0xff	; 255
      000003 80                      44 	.db #0x80	; 128
      000004 FF                      45 	.db #0xff	; 255
      000005 87                      46 	.db #0x87	; 135
      000006 FF                      47 	.db #0xff	; 255
      000007 9E                      48 	.db #0x9e	; 158
      000008 FF                      49 	.db #0xff	; 255
      000009 B8                      50 	.db #0xb8	; 184
      00000A FF                      51 	.db #0xff	; 255
      00000B B8                      52 	.db #0xb8	; 184
      00000C FF                      53 	.db #0xff	; 255
      00000D B8                      54 	.db #0xb8	; 184
      00000E FF                      55 	.db #0xff	; 255
      00000F B8                      56 	.db #0xb8	; 184
      000010 FE                      57 	.db #0xfe	; 254
      000011 FE                      58 	.db #0xfe	; 254
      000012 FF                      59 	.db #0xff	; 255
      000013 01                      60 	.db #0x01	; 1
      000014 FF                      61 	.db #0xff	; 255
      000015 F1                      62 	.db #0xf1	; 241
      000016 FF                      63 	.db #0xff	; 255
      000017 39                      64 	.db #0x39	; 57	'9'
      000018 FF                      65 	.db #0xff	; 255
      000019 09                      66 	.db #0x09	; 9
      00001A FF                      67 	.db #0xff	; 255
      00001B 09                      68 	.db #0x09	; 9
      00001C FF                      69 	.db #0xff	; 255
      00001D 09                      70 	.db #0x09	; 9
      00001E FF                      71 	.db #0xff	; 255
      00001F 09                      72 	.db #0x09	; 9
      000020 FF                      73 	.db #0xff	; 255
      000021 B8                      74 	.db #0xb8	; 184
      000022 FF                      75 	.db #0xff	; 255
      000023 BC                      76 	.db #0xbc	; 188
      000024 FF                      77 	.db #0xff	; 255
      000025 BF                      78 	.db #0xbf	; 191
      000026 FF                      79 	.db #0xff	; 255
      000027 9F                      80 	.db #0x9f	; 159
      000028 FF                      81 	.db #0xff	; 255
      000029 8F                      82 	.db #0x8f	; 143
      00002A FF                      83 	.db #0xff	; 255
      00002B 81                      84 	.db #0x81	; 129
      00002C FF                      85 	.db #0xff	; 255
      00002D 80                      86 	.db #0x80	; 128
      00002E FF                      87 	.db #0xff	; 255
      00002F 80                      88 	.db #0x80	; 128
      000030 FF                      89 	.db #0xff	; 255
      000031 01                      90 	.db #0x01	; 1
      000032 FF                      91 	.db #0xff	; 255
      000033 01                      92 	.db #0x01	; 1
      000034 FF                      93 	.db #0xff	; 255
      000035 C1                      94 	.db #0xc1	; 193
      000036 FF                      95 	.db #0xff	; 255
      000037 F1                      96 	.db #0xf1	; 241
      000038 FF                      97 	.db #0xff	; 255
      000039 FD                      98 	.db #0xfd	; 253
      00003A FF                      99 	.db #0xff	; 255
      00003B FD                     100 	.db #0xfd	; 253
      00003C FF                     101 	.db #0xff	; 255
      00003D 3D                     102 	.db #0x3d	; 61
      00003E FF                     103 	.db #0xff	; 255
      00003F 1D                     104 	.db #0x1d	; 29
      000040 FF                     105 	.db #0xff	; 255
      000041 A0                     106 	.db #0xa0	; 160
      000042 FF                     107 	.db #0xff	; 255
      000043 A0                     108 	.db #0xa0	; 160
      000044 FF                     109 	.db #0xff	; 255
      000045 A0                     110 	.db #0xa0	; 160
      000046 FF                     111 	.db #0xff	; 255
      000047 A0                     112 	.db #0xa0	; 160
      000048 FF                     113 	.db #0xff	; 255
      000049 B8                     114 	.db #0xb8	; 184
      00004A FF                     115 	.db #0xff	; 255
      00004B BF                     116 	.db #0xbf	; 191
      00004C FF                     117 	.db #0xff	; 255
      00004D 80                     118 	.db #0x80	; 128
      00004E 7F                     119 	.db #0x7f	; 127
      00004F 7F                     120 	.db #0x7f	; 127
      000050 FF                     121 	.db #0xff	; 255
      000051 1D                     122 	.db #0x1d	; 29
      000052 FF                     123 	.db #0xff	; 255
      000053 1D                     124 	.db #0x1d	; 29
      000054 FF                     125 	.db #0xff	; 255
      000055 1D                     126 	.db #0x1d	; 29
      000056 FF                     127 	.db #0xff	; 255
      000057 1D                     128 	.db #0x1d	; 29
      000058 FF                     129 	.db #0xff	; 255
      000059 79                     130 	.db #0x79	; 121	'y'
      00005A FF                     131 	.db #0xff	; 255
      00005B E1                     132 	.db #0xe1	; 225
      00005C FF                     133 	.db #0xff	; 255
      00005D 01                     134 	.db #0x01	; 1
      00005E FE                     135 	.db #0xfe	; 254
      00005F FE                     136 	.db #0xfe	; 254
      000060 7F                     137 	.db #0x7f	; 127
      000061 7F                     138 	.db #0x7f	; 127
      000062 FF                     139 	.db #0xff	; 255
      000063 80                     140 	.db #0x80	; 128
      000064 FF                     141 	.db #0xff	; 255
      000065 87                     142 	.db #0x87	; 135
      000066 FF                     143 	.db #0xff	; 255
      000067 8E                     144 	.db #0x8e	; 142
      000068 FF                     145 	.db #0xff	; 255
      000069 8C                     146 	.db #0x8c	; 140
      00006A FF                     147 	.db #0xff	; 255
      00006B 98                     148 	.db #0x98	; 152
      00006C FF                     149 	.db #0xff	; 255
      00006D 98                     150 	.db #0x98	; 152
      00006E FF                     151 	.db #0xff	; 255
      00006F 98                     152 	.db #0x98	; 152
      000070 FE                     153 	.db #0xfe	; 254
      000071 FE                     154 	.db #0xfe	; 254
      000072 FF                     155 	.db #0xff	; 255
      000073 01                     156 	.db #0x01	; 1
      000074 FF                     157 	.db #0xff	; 255
      000075 E1                     158 	.db #0xe1	; 225
      000076 FF                     159 	.db #0xff	; 255
      000077 71                     160 	.db #0x71	; 113	'q'
      000078 FF                     161 	.db #0xff	; 255
      000079 31                     162 	.db #0x31	; 49	'1'
      00007A FF                     163 	.db #0xff	; 255
      00007B 19                     164 	.db #0x19	; 25
      00007C FF                     165 	.db #0xff	; 255
      00007D 19                     166 	.db #0x19	; 25
      00007E FF                     167 	.db #0xff	; 255
      00007F 19                     168 	.db #0x19	; 25
      000080 FF                     169 	.db #0xff	; 255
      000081 98                     170 	.db #0x98	; 152
      000082 FF                     171 	.db #0xff	; 255
      000083 B8                     172 	.db #0xb8	; 184
      000084 FF                     173 	.db #0xff	; 255
      000085 B8                     174 	.db #0xb8	; 184
      000086 FF                     175 	.db #0xff	; 255
      000087 B8                     176 	.db #0xb8	; 184
      000088 FF                     177 	.db #0xff	; 255
      000089 B8                     178 	.db #0xb8	; 184
      00008A FF                     179 	.db #0xff	; 255
      00008B B8                     180 	.db #0xb8	; 184
      00008C FF                     181 	.db #0xff	; 255
      00008D B8                     182 	.db #0xb8	; 184
      00008E FF                     183 	.db #0xff	; 255
      00008F 98                     184 	.db #0x98	; 152
      000090 FF                     185 	.db #0xff	; 255
      000091 19                     186 	.db #0x19	; 25
      000092 FF                     187 	.db #0xff	; 255
      000093 1D                     188 	.db #0x1d	; 29
      000094 FF                     189 	.db #0xff	; 255
      000095 1D                     190 	.db #0x1d	; 29
      000096 FF                     191 	.db #0xff	; 255
      000097 1D                     192 	.db #0x1d	; 29
      000098 FF                     193 	.db #0xff	; 255
      000099 1D                     194 	.db #0x1d	; 29
      00009A FF                     195 	.db #0xff	; 255
      00009B 1D                     196 	.db #0x1d	; 29
      00009C FF                     197 	.db #0xff	; 255
      00009D 1D                     198 	.db #0x1d	; 29
      00009E FF                     199 	.db #0xff	; 255
      00009F 19                     200 	.db #0x19	; 25
      0000A0 FF                     201 	.db #0xff	; 255
      0000A1 98                     202 	.db #0x98	; 152
      0000A2 FF                     203 	.db #0xff	; 255
      0000A3 98                     204 	.db #0x98	; 152
      0000A4 FF                     205 	.db #0xff	; 255
      0000A5 98                     206 	.db #0x98	; 152
      0000A6 FF                     207 	.db #0xff	; 255
      0000A7 8C                     208 	.db #0x8c	; 140
      0000A8 FF                     209 	.db #0xff	; 255
      0000A9 8E                     210 	.db #0x8e	; 142
      0000AA FF                     211 	.db #0xff	; 255
      0000AB 87                     212 	.db #0x87	; 135
      0000AC FF                     213 	.db #0xff	; 255
      0000AD 80                     214 	.db #0x80	; 128
      0000AE 7F                     215 	.db #0x7f	; 127
      0000AF 7F                     216 	.db #0x7f	; 127
      0000B0 FF                     217 	.db #0xff	; 255
      0000B1 19                     218 	.db #0x19	; 25
      0000B2 FF                     219 	.db #0xff	; 255
      0000B3 19                     220 	.db #0x19	; 25
      0000B4 FF                     221 	.db #0xff	; 255
      0000B5 19                     222 	.db #0x19	; 25
      0000B6 FF                     223 	.db #0xff	; 255
      0000B7 31                     224 	.db #0x31	; 49	'1'
      0000B8 FF                     225 	.db #0xff	; 255
      0000B9 71                     226 	.db #0x71	; 113	'q'
      0000BA FF                     227 	.db #0xff	; 255
      0000BB E1                     228 	.db #0xe1	; 225
      0000BC FF                     229 	.db #0xff	; 255
      0000BD 01                     230 	.db #0x01	; 1
      0000BE FE                     231 	.db #0xfe	; 254
      0000BF FE                     232 	.db #0xfe	; 254
      0000C0 7F                     233 	.db #0x7f	; 127
      0000C1 7F                     234 	.db #0x7f	; 127
      0000C2 FF                     235 	.db #0xff	; 255
      0000C3 80                     236 	.db #0x80	; 128
      0000C4 FF                     237 	.db #0xff	; 255
      0000C5 BF                     238 	.db #0xbf	; 191
      0000C6 FF                     239 	.db #0xff	; 255
      0000C7 9F                     240 	.db #0x9f	; 159
      0000C8 FF                     241 	.db #0xff	; 255
      0000C9 8E                     242 	.db #0x8e	; 142
      0000CA FF                     243 	.db #0xff	; 255
      0000CB 8E                     244 	.db #0x8e	; 142
      0000CC FF                     245 	.db #0xff	; 255
      0000CD 8E                     246 	.db #0x8e	; 142
      0000CE FF                     247 	.db #0xff	; 255
      0000CF 8E                     248 	.db #0x8e	; 142
      0000D0 FE                     249 	.db #0xfe	; 254
      0000D1 FE                     250 	.db #0xfe	; 254
      0000D2 FF                     251 	.db #0xff	; 255
      0000D3 01                     252 	.db #0x01	; 1
      0000D4 FF                     253 	.db #0xff	; 255
      0000D5 81                     254 	.db #0x81	; 129
      0000D6 FF                     255 	.db #0xff	; 255
      0000D7 01                     256 	.db #0x01	; 1
      0000D8 FF                     257 	.db #0xff	; 255
      0000D9 01                     258 	.db #0x01	; 1
      0000DA FF                     259 	.db #0xff	; 255
      0000DB 01                     260 	.db #0x01	; 1
      0000DC FF                     261 	.db #0xff	; 255
      0000DD 01                     262 	.db #0x01	; 1
      0000DE FF                     263 	.db #0xff	; 255
      0000DF 01                     264 	.db #0x01	; 1
      0000E0 FF                     265 	.db #0xff	; 255
      0000E1 8E                     266 	.db #0x8e	; 142
      0000E2 FF                     267 	.db #0xff	; 255
      0000E3 8E                     268 	.db #0x8e	; 142
      0000E4 FF                     269 	.db #0xff	; 255
      0000E5 8E                     270 	.db #0x8e	; 142
      0000E6 FF                     271 	.db #0xff	; 255
      0000E7 8E                     272 	.db #0x8e	; 142
      0000E8 FF                     273 	.db #0xff	; 255
      0000E9 8E                     274 	.db #0x8e	; 142
      0000EA FF                     275 	.db #0xff	; 255
      0000EB 8E                     276 	.db #0x8e	; 142
      0000EC FF                     277 	.db #0xff	; 255
      0000ED 8E                     278 	.db #0x8e	; 142
      0000EE FF                     279 	.db #0xff	; 255
      0000EF 8E                     280 	.db #0x8e	; 142
      0000F0 FF                     281 	.db #0xff	; 255
      0000F1 01                     282 	.db #0x01	; 1
      0000F2 FF                     283 	.db #0xff	; 255
      0000F3 01                     284 	.db #0x01	; 1
      0000F4 FF                     285 	.db #0xff	; 255
      0000F5 01                     286 	.db #0x01	; 1
      0000F6 FF                     287 	.db #0xff	; 255
      0000F7 01                     288 	.db #0x01	; 1
      0000F8 FF                     289 	.db #0xff	; 255
      0000F9 01                     290 	.db #0x01	; 1
      0000FA FF                     291 	.db #0xff	; 255
      0000FB 01                     292 	.db #0x01	; 1
      0000FC FF                     293 	.db #0xff	; 255
      0000FD 01                     294 	.db #0x01	; 1
      0000FE FF                     295 	.db #0xff	; 255
      0000FF 01                     296 	.db #0x01	; 1
      000100 FF                     297 	.db #0xff	; 255
      000101 8E                     298 	.db #0x8e	; 142
      000102 FF                     299 	.db #0xff	; 255
      000103 8E                     300 	.db #0x8e	; 142
      000104 FF                     301 	.db #0xff	; 255
      000105 8E                     302 	.db #0x8e	; 142
      000106 FF                     303 	.db #0xff	; 255
      000107 8E                     304 	.db #0x8e	; 142
      000108 FF                     305 	.db #0xff	; 255
      000109 9F                     306 	.db #0x9f	; 159
      00010A FF                     307 	.db #0xff	; 255
      00010B BF                     308 	.db #0xbf	; 191
      00010C FF                     309 	.db #0xff	; 255
      00010D 80                     310 	.db #0x80	; 128
      00010E 7F                     311 	.db #0x7f	; 127
      00010F 7F                     312 	.db #0x7f	; 127
      000110 FF                     313 	.db #0xff	; 255
      000111 01                     314 	.db #0x01	; 1
      000112 FF                     315 	.db #0xff	; 255
      000113 0D                     316 	.db #0x0d	; 13
      000114 FF                     317 	.db #0xff	; 255
      000115 0D                     318 	.db #0x0d	; 13
      000116 FF                     319 	.db #0xff	; 255
      000117 0D                     320 	.db #0x0d	; 13
      000118 FF                     321 	.db #0xff	; 255
      000119 F9                     322 	.db #0xf9	; 249
      00011A FF                     323 	.db #0xff	; 255
      00011B F9                     324 	.db #0xf9	; 249
      00011C FF                     325 	.db #0xff	; 255
      00011D 01                     326 	.db #0x01	; 1
      00011E FE                     327 	.db #0xfe	; 254
      00011F FE                     328 	.db #0xfe	; 254
      000120 7F                     329 	.db #0x7f	; 127
      000121 7F                     330 	.db #0x7f	; 127
      000122 FF                     331 	.db #0xff	; 255
      000123 80                     332 	.db #0x80	; 128
      000124 FF                     333 	.db #0xff	; 255
      000125 9F                     334 	.db #0x9f	; 159
      000126 FF                     335 	.db #0xff	; 255
      000127 8F                     336 	.db #0x8f	; 143
      000128 FF                     337 	.db #0xff	; 255
      000129 83                     338 	.db #0x83	; 131
      00012A FF                     339 	.db #0xff	; 255
      00012B 83                     340 	.db #0x83	; 131
      00012C FF                     341 	.db #0xff	; 255
      00012D 83                     342 	.db #0x83	; 131
      00012E FF                     343 	.db #0xff	; 255
      00012F 83                     344 	.db #0x83	; 131
      000130 FE                     345 	.db #0xfe	; 254
      000131 FE                     346 	.db #0xfe	; 254
      000132 FF                     347 	.db #0xff	; 255
      000133 01                     348 	.db #0x01	; 1
      000134 FF                     349 	.db #0xff	; 255
      000135 F1                     350 	.db #0xf1	; 241
      000136 FF                     351 	.db #0xff	; 255
      000137 E1                     352 	.db #0xe1	; 225
      000138 FF                     353 	.db #0xff	; 255
      000139 81                     354 	.db #0x81	; 129
      00013A FF                     355 	.db #0xff	; 255
      00013B 81                     356 	.db #0x81	; 129
      00013C FF                     357 	.db #0xff	; 255
      00013D 81                     358 	.db #0x81	; 129
      00013E FF                     359 	.db #0xff	; 255
      00013F 81                     360 	.db #0x81	; 129
      000140 FF                     361 	.db #0xff	; 255
      000141 83                     362 	.db #0x83	; 131
      000142 FF                     363 	.db #0xff	; 255
      000143 83                     364 	.db #0x83	; 131
      000144 FF                     365 	.db #0xff	; 255
      000145 83                     366 	.db #0x83	; 131
      000146 FF                     367 	.db #0xff	; 255
      000147 83                     368 	.db #0x83	; 131
      000148 FF                     369 	.db #0xff	; 255
      000149 83                     370 	.db #0x83	; 131
      00014A FF                     371 	.db #0xff	; 255
      00014B 83                     372 	.db #0x83	; 131
      00014C FF                     373 	.db #0xff	; 255
      00014D 83                     374 	.db #0x83	; 131
      00014E FF                     375 	.db #0xff	; 255
      00014F 83                     376 	.db #0x83	; 131
      000150 FF                     377 	.db #0xff	; 255
      000151 81                     378 	.db #0x81	; 129
      000152 FF                     379 	.db #0xff	; 255
      000153 81                     380 	.db #0x81	; 129
      000154 FF                     381 	.db #0xff	; 255
      000155 81                     382 	.db #0x81	; 129
      000156 FF                     383 	.db #0xff	; 255
      000157 81                     384 	.db #0x81	; 129
      000158 FF                     385 	.db #0xff	; 255
      000159 81                     386 	.db #0x81	; 129
      00015A FF                     387 	.db #0xff	; 255
      00015B 81                     388 	.db #0x81	; 129
      00015C FF                     389 	.db #0xff	; 255
      00015D 81                     390 	.db #0x81	; 129
      00015E FF                     391 	.db #0xff	; 255
      00015F 81                     392 	.db #0x81	; 129
      000160 FF                     393 	.db #0xff	; 255
      000161 83                     394 	.db #0x83	; 131
      000162 FF                     395 	.db #0xff	; 255
      000163 83                     396 	.db #0x83	; 131
      000164 FF                     397 	.db #0xff	; 255
      000165 83                     398 	.db #0x83	; 131
      000166 FF                     399 	.db #0xff	; 255
      000167 83                     400 	.db #0x83	; 131
      000168 FF                     401 	.db #0xff	; 255
      000169 8F                     402 	.db #0x8f	; 143
      00016A FF                     403 	.db #0xff	; 255
      00016B 9F                     404 	.db #0x9f	; 159
      00016C FF                     405 	.db #0xff	; 255
      00016D 80                     406 	.db #0x80	; 128
      00016E 7F                     407 	.db #0x7f	; 127
      00016F 7F                     408 	.db #0x7f	; 127
      000170 FF                     409 	.db #0xff	; 255
      000171 81                     410 	.db #0x81	; 129
      000172 FF                     411 	.db #0xff	; 255
      000173 81                     412 	.db #0x81	; 129
      000174 FF                     413 	.db #0xff	; 255
      000175 81                     414 	.db #0x81	; 129
      000176 FF                     415 	.db #0xff	; 255
      000177 81                     416 	.db #0x81	; 129
      000178 FF                     417 	.db #0xff	; 255
      000179 E1                     418 	.db #0xe1	; 225
      00017A FF                     419 	.db #0xff	; 255
      00017B F1                     420 	.db #0xf1	; 241
      00017C FF                     421 	.db #0xff	; 255
      00017D 01                     422 	.db #0x01	; 1
      00017E FE                     423 	.db #0xfe	; 254
      00017F FE                     424 	.db #0xfe	; 254
      000180 7F                     425 	.db #0x7f	; 127
      000181 7F                     426 	.db #0x7f	; 127
      000182 FF                     427 	.db #0xff	; 255
      000183 80                     428 	.db #0x80	; 128
      000184 FF                     429 	.db #0xff	; 255
      000185 BF                     430 	.db #0xbf	; 191
      000186 FF                     431 	.db #0xff	; 255
      000187 BF                     432 	.db #0xbf	; 191
      000188 FF                     433 	.db #0xff	; 255
      000189 A3                     434 	.db #0xa3	; 163
      00018A FF                     435 	.db #0xff	; 255
      00018B A3                     436 	.db #0xa3	; 163
      00018C FF                     437 	.db #0xff	; 255
      00018D 83                     438 	.db #0x83	; 131
      00018E FF                     439 	.db #0xff	; 255
      00018F 83                     440 	.db #0x83	; 131
      000190 FE                     441 	.db #0xfe	; 254
      000191 FE                     442 	.db #0xfe	; 254
      000192 FF                     443 	.db #0xff	; 255
      000193 01                     444 	.db #0x01	; 1
      000194 FF                     445 	.db #0xff	; 255
      000195 F9                     446 	.db #0xf9	; 249
      000196 FF                     447 	.db #0xff	; 255
      000197 F9                     448 	.db #0xf9	; 249
      000198 FF                     449 	.db #0xff	; 255
      000199 89                     450 	.db #0x89	; 137
      00019A FF                     451 	.db #0xff	; 255
      00019B 89                     452 	.db #0x89	; 137
      00019C FF                     453 	.db #0xff	; 255
      00019D 81                     454 	.db #0x81	; 129
      00019E FF                     455 	.db #0xff	; 255
      00019F 81                     456 	.db #0x81	; 129
      0001A0 FF                     457 	.db #0xff	; 255
      0001A1 83                     458 	.db #0x83	; 131
      0001A2 FF                     459 	.db #0xff	; 255
      0001A3 83                     460 	.db #0x83	; 131
      0001A4 FF                     461 	.db #0xff	; 255
      0001A5 83                     462 	.db #0x83	; 131
      0001A6 FF                     463 	.db #0xff	; 255
      0001A7 83                     464 	.db #0x83	; 131
      0001A8 FF                     465 	.db #0xff	; 255
      0001A9 83                     466 	.db #0x83	; 131
      0001AA FF                     467 	.db #0xff	; 255
      0001AB 83                     468 	.db #0x83	; 131
      0001AC FF                     469 	.db #0xff	; 255
      0001AD 83                     470 	.db #0x83	; 131
      0001AE FF                     471 	.db #0xff	; 255
      0001AF 83                     472 	.db #0x83	; 131
      0001B0 FF                     473 	.db #0xff	; 255
      0001B1 81                     474 	.db #0x81	; 129
      0001B2 FF                     475 	.db #0xff	; 255
      0001B3 81                     476 	.db #0x81	; 129
      0001B4 FF                     477 	.db #0xff	; 255
      0001B5 81                     478 	.db #0x81	; 129
      0001B6 FF                     479 	.db #0xff	; 255
      0001B7 81                     480 	.db #0x81	; 129
      0001B8 FF                     481 	.db #0xff	; 255
      0001B9 81                     482 	.db #0x81	; 129
      0001BA FF                     483 	.db #0xff	; 255
      0001BB 81                     484 	.db #0x81	; 129
      0001BC FF                     485 	.db #0xff	; 255
      0001BD 81                     486 	.db #0x81	; 129
      0001BE FF                     487 	.db #0xff	; 255
      0001BF 81                     488 	.db #0x81	; 129
      0001C0 FF                     489 	.db #0xff	; 255
      0001C1 83                     490 	.db #0x83	; 131
      0001C2 FF                     491 	.db #0xff	; 255
      0001C3 83                     492 	.db #0x83	; 131
      0001C4 FF                     493 	.db #0xff	; 255
      0001C5 83                     494 	.db #0x83	; 131
      0001C6 FF                     495 	.db #0xff	; 255
      0001C7 83                     496 	.db #0x83	; 131
      0001C8 FF                     497 	.db #0xff	; 255
      0001C9 87                     498 	.db #0x87	; 135
      0001CA FF                     499 	.db #0xff	; 255
      0001CB 8F                     500 	.db #0x8f	; 143
      0001CC FF                     501 	.db #0xff	; 255
      0001CD 80                     502 	.db #0x80	; 128
      0001CE 7F                     503 	.db #0x7f	; 127
      0001CF 7F                     504 	.db #0x7f	; 127
      0001D0 FF                     505 	.db #0xff	; 255
      0001D1 81                     506 	.db #0x81	; 129
      0001D2 FF                     507 	.db #0xff	; 255
      0001D3 81                     508 	.db #0x81	; 129
      0001D4 FF                     509 	.db #0xff	; 255
      0001D5 81                     510 	.db #0x81	; 129
      0001D6 FF                     511 	.db #0xff	; 255
      0001D7 81                     512 	.db #0x81	; 129
      0001D8 FF                     513 	.db #0xff	; 255
      0001D9 C1                     514 	.db #0xc1	; 193
      0001DA FF                     515 	.db #0xff	; 255
      0001DB E1                     516 	.db #0xe1	; 225
      0001DC FF                     517 	.db #0xff	; 255
      0001DD 01                     518 	.db #0x01	; 1
      0001DE FE                     519 	.db #0xfe	; 254
      0001DF FE                     520 	.db #0xfe	; 254
      0001E0 7F                     521 	.db #0x7f	; 127
      0001E1 7F                     522 	.db #0x7f	; 127
      0001E2 FF                     523 	.db #0xff	; 255
      0001E3 80                     524 	.db #0x80	; 128
      0001E4 FF                     525 	.db #0xff	; 255
      0001E5 83                     526 	.db #0x83	; 131
      0001E6 FF                     527 	.db #0xff	; 255
      0001E7 83                     528 	.db #0x83	; 131
      0001E8 FF                     529 	.db #0xff	; 255
      0001E9 83                     530 	.db #0x83	; 131
      0001EA FF                     531 	.db #0xff	; 255
      0001EB 83                     532 	.db #0x83	; 131
      0001EC FF                     533 	.db #0xff	; 255
      0001ED 83                     534 	.db #0x83	; 131
      0001EE FF                     535 	.db #0xff	; 255
      0001EF 85                     536 	.db #0x85	; 133
      0001F0 FE                     537 	.db #0xfe	; 254
      0001F1 FE                     538 	.db #0xfe	; 254
      0001F2 FF                     539 	.db #0xff	; 255
      0001F3 01                     540 	.db #0x01	; 1
      0001F4 FF                     541 	.db #0xff	; 255
      0001F5 01                     542 	.db #0x01	; 1
      0001F6 FF                     543 	.db #0xff	; 255
      0001F7 81                     544 	.db #0x81	; 129
      0001F8 FF                     545 	.db #0xff	; 255
      0001F9 81                     546 	.db #0x81	; 129
      0001FA FF                     547 	.db #0xff	; 255
      0001FB 81                     548 	.db #0x81	; 129
      0001FC FF                     549 	.db #0xff	; 255
      0001FD 81                     550 	.db #0x81	; 129
      0001FE FF                     551 	.db #0xff	; 255
      0001FF 81                     552 	.db #0x81	; 129
      000200 FF                     553 	.db #0xff	; 255
      000201 85                     554 	.db #0x85	; 133
      000202 FF                     555 	.db #0xff	; 255
      000203 85                     556 	.db #0x85	; 133
      000204 FF                     557 	.db #0xff	; 255
      000205 8D                     558 	.db #0x8d	; 141
      000206 FF                     559 	.db #0xff	; 255
      000207 88                     560 	.db #0x88	; 136
      000208 FF                     561 	.db #0xff	; 255
      000209 88                     562 	.db #0x88	; 136
      00020A FF                     563 	.db #0xff	; 255
      00020B 88                     564 	.db #0x88	; 136
      00020C FF                     565 	.db #0xff	; 255
      00020D 9F                     566 	.db #0x9f	; 159
      00020E FF                     567 	.db #0xff	; 255
      00020F 9F                     568 	.db #0x9f	; 159
      000210 FF                     569 	.db #0xff	; 255
      000211 C1                     570 	.db #0xc1	; 193
      000212 FF                     571 	.db #0xff	; 255
      000213 C1                     572 	.db #0xc1	; 193
      000214 FF                     573 	.db #0xff	; 255
      000215 C1                     574 	.db #0xc1	; 193
      000216 FF                     575 	.db #0xff	; 255
      000217 E1                     576 	.db #0xe1	; 225
      000218 FF                     577 	.db #0xff	; 255
      000219 E1                     578 	.db #0xe1	; 225
      00021A FF                     579 	.db #0xff	; 255
      00021B E1                     580 	.db #0xe1	; 225
      00021C FF                     581 	.db #0xff	; 255
      00021D F1                     582 	.db #0xf1	; 241
      00021E FF                     583 	.db #0xff	; 255
      00021F F1                     584 	.db #0xf1	; 241
      000220 FF                     585 	.db #0xff	; 255
      000221 90                     586 	.db #0x90	; 144
      000222 FF                     587 	.db #0xff	; 255
      000223 90                     588 	.db #0x90	; 144
      000224 FF                     589 	.db #0xff	; 255
      000225 90                     590 	.db #0x90	; 144
      000226 FF                     591 	.db #0xff	; 255
      000227 90                     592 	.db #0x90	; 144
      000228 FF                     593 	.db #0xff	; 255
      000229 B8                     594 	.db #0xb8	; 184
      00022A FF                     595 	.db #0xff	; 255
      00022B B8                     596 	.db #0xb8	; 184
      00022C FF                     597 	.db #0xff	; 255
      00022D 80                     598 	.db #0x80	; 128
      00022E 7F                     599 	.db #0x7f	; 127
      00022F 7F                     600 	.db #0x7f	; 127
      000230 FF                     601 	.db #0xff	; 255
      000231 71                     602 	.db #0x71	; 113	'q'
      000232 FF                     603 	.db #0xff	; 255
      000233 71                     604 	.db #0x71	; 113	'q'
      000234 FF                     605 	.db #0xff	; 255
      000235 71                     606 	.db #0x71	; 113	'q'
      000236 FF                     607 	.db #0xff	; 255
      000237 39                     608 	.db #0x39	; 57	'9'
      000238 FF                     609 	.db #0xff	; 255
      000239 3D                     610 	.db #0x3d	; 61
      00023A FF                     611 	.db #0xff	; 255
      00023B FD                     612 	.db #0xfd	; 253
      00023C FF                     613 	.db #0xff	; 255
      00023D 01                     614 	.db #0x01	; 1
      00023E FE                     615 	.db #0xfe	; 254
      00023F FE                     616 	.db #0xfe	; 254
      000240 7F                     617 	.db #0x7f	; 127
      000241 7F                     618 	.db #0x7f	; 127
      000242 FF                     619 	.db #0xff	; 255
      000243 80                     620 	.db #0x80	; 128
      000244 FF                     621 	.db #0xff	; 255
      000245 BF                     622 	.db #0xbf	; 191
      000246 FF                     623 	.db #0xff	; 255
      000247 9F                     624 	.db #0x9f	; 159
      000248 FF                     625 	.db #0xff	; 255
      000249 9C                     626 	.db #0x9c	; 156
      00024A FF                     627 	.db #0xff	; 255
      00024B 9C                     628 	.db #0x9c	; 156
      00024C FF                     629 	.db #0xff	; 255
      00024D 9C                     630 	.db #0x9c	; 156
      00024E FF                     631 	.db #0xff	; 255
      00024F 9C                     632 	.db #0x9c	; 156
      000250 FE                     633 	.db #0xfe	; 254
      000251 FE                     634 	.db #0xfe	; 254
      000252 FF                     635 	.db #0xff	; 255
      000253 01                     636 	.db #0x01	; 1
      000254 FF                     637 	.db #0xff	; 255
      000255 E1                     638 	.db #0xe1	; 225
      000256 FF                     639 	.db #0xff	; 255
      000257 F1                     640 	.db #0xf1	; 241
      000258 FF                     641 	.db #0xff	; 255
      000259 71                     642 	.db #0x71	; 113	'q'
      00025A FF                     643 	.db #0xff	; 255
      00025B 39                     644 	.db #0x39	; 57	'9'
      00025C FF                     645 	.db #0xff	; 255
      00025D 19                     646 	.db #0x19	; 25
      00025E FF                     647 	.db #0xff	; 255
      00025F 19                     648 	.db #0x19	; 25
      000260 FF                     649 	.db #0xff	; 255
      000261 9C                     650 	.db #0x9c	; 156
      000262 FF                     651 	.db #0xff	; 255
      000263 9C                     652 	.db #0x9c	; 156
      000264 FF                     653 	.db #0xff	; 255
      000265 9C                     654 	.db #0x9c	; 156
      000266 FF                     655 	.db #0xff	; 255
      000267 9D                     656 	.db #0x9d	; 157
      000268 FF                     657 	.db #0xff	; 255
      000269 9D                     658 	.db #0x9d	; 157
      00026A FF                     659 	.db #0xff	; 255
      00026B 9D                     660 	.db #0x9d	; 157
      00026C FF                     661 	.db #0xff	; 255
      00026D 9C                     662 	.db #0x9c	; 156
      00026E FF                     663 	.db #0xff	; 255
      00026F 9C                     664 	.db #0x9c	; 156
      000270 FF                     665 	.db #0xff	; 255
      000271 19                     666 	.db #0x19	; 25
      000272 FF                     667 	.db #0xff	; 255
      000273 31                     668 	.db #0x31	; 49	'1'
      000274 FF                     669 	.db #0xff	; 255
      000275 71                     670 	.db #0x71	; 113	'q'
      000276 FF                     671 	.db #0xff	; 255
      000277 E1                     672 	.db #0xe1	; 225
      000278 FF                     673 	.db #0xff	; 255
      000279 C1                     674 	.db #0xc1	; 193
      00027A FF                     675 	.db #0xff	; 255
      00027B E1                     676 	.db #0xe1	; 225
      00027C FF                     677 	.db #0xff	; 255
      00027D E1                     678 	.db #0xe1	; 225
      00027E FF                     679 	.db #0xff	; 255
      00027F E1                     680 	.db #0xe1	; 225
      000280 FF                     681 	.db #0xff	; 255
      000281 9C                     682 	.db #0x9c	; 156
      000282 FF                     683 	.db #0xff	; 255
      000283 9C                     684 	.db #0x9c	; 156
      000284 FF                     685 	.db #0xff	; 255
      000285 9C                     686 	.db #0x9c	; 156
      000286 FF                     687 	.db #0xff	; 255
      000287 9C                     688 	.db #0x9c	; 156
      000288 FF                     689 	.db #0xff	; 255
      000289 9E                     690 	.db #0x9e	; 158
      00028A FF                     691 	.db #0xff	; 255
      00028B BF                     692 	.db #0xbf	; 191
      00028C FF                     693 	.db #0xff	; 255
      00028D 80                     694 	.db #0x80	; 128
      00028E 7F                     695 	.db #0x7f	; 127
      00028F 7F                     696 	.db #0x7f	; 127
      000290 FF                     697 	.db #0xff	; 255
      000291 71                     698 	.db #0x71	; 113	'q'
      000292 FF                     699 	.db #0xff	; 255
      000293 79                     700 	.db #0x79	; 121	'y'
      000294 FF                     701 	.db #0xff	; 255
      000295 79                     702 	.db #0x79	; 121	'y'
      000296 FF                     703 	.db #0xff	; 255
      000297 39                     704 	.db #0x39	; 57	'9'
      000298 FF                     705 	.db #0xff	; 255
      000299 1D                     706 	.db #0x1d	; 29
      00029A FF                     707 	.db #0xff	; 255
      00029B 1D                     708 	.db #0x1d	; 29
      00029C FF                     709 	.db #0xff	; 255
      00029D 01                     710 	.db #0x01	; 1
      00029E FE                     711 	.db #0xfe	; 254
      00029F FE                     712 	.db #0xfe	; 254
      0002A0 7F                     713 	.db #0x7f	; 127
      0002A1 7F                     714 	.db #0x7f	; 127
      0002A2 FF                     715 	.db #0xff	; 255
      0002A3 80                     716 	.db #0x80	; 128
      0002A4 FF                     717 	.db #0xff	; 255
      0002A5 BF                     718 	.db #0xbf	; 191
      0002A6 FF                     719 	.db #0xff	; 255
      0002A7 9E                     720 	.db #0x9e	; 158
      0002A8 FF                     721 	.db #0xff	; 255
      0002A9 8E                     722 	.db #0x8e	; 142
      0002AA FF                     723 	.db #0xff	; 255
      0002AB 8E                     724 	.db #0x8e	; 142
      0002AC FF                     725 	.db #0xff	; 255
      0002AD 8E                     726 	.db #0x8e	; 142
      0002AE FF                     727 	.db #0xff	; 255
      0002AF 8E                     728 	.db #0x8e	; 142
      0002B0 FE                     729 	.db #0xfe	; 254
      0002B1 FE                     730 	.db #0xfe	; 254
      0002B2 FF                     731 	.db #0xff	; 255
      0002B3 01                     732 	.db #0x01	; 1
      0002B4 FF                     733 	.db #0xff	; 255
      0002B5 FD                     734 	.db #0xfd	; 253
      0002B6 FF                     735 	.db #0xff	; 255
      0002B7 1D                     736 	.db #0x1d	; 29
      0002B8 FF                     737 	.db #0xff	; 255
      0002B9 05                     738 	.db #0x05	; 5
      0002BA FF                     739 	.db #0xff	; 255
      0002BB 05                     740 	.db #0x05	; 5
      0002BC FF                     741 	.db #0xff	; 255
      0002BD 01                     742 	.db #0x01	; 1
      0002BE FF                     743 	.db #0xff	; 255
      0002BF 01                     744 	.db #0x01	; 1
      0002C0 FF                     745 	.db #0xff	; 255
      0002C1 8E                     746 	.db #0x8e	; 142
      0002C2 FF                     747 	.db #0xff	; 255
      0002C3 8E                     748 	.db #0x8e	; 142
      0002C4 FF                     749 	.db #0xff	; 255
      0002C5 8F                     750 	.db #0x8f	; 143
      0002C6 FF                     751 	.db #0xff	; 255
      0002C7 8E                     752 	.db #0x8e	; 142
      0002C8 FF                     753 	.db #0xff	; 255
      0002C9 8E                     754 	.db #0x8e	; 142
      0002CA FF                     755 	.db #0xff	; 255
      0002CB 8E                     756 	.db #0x8e	; 142
      0002CC FF                     757 	.db #0xff	; 255
      0002CD 8E                     758 	.db #0x8e	; 142
      0002CE FF                     759 	.db #0xff	; 255
      0002CF 8E                     760 	.db #0x8e	; 142
      0002D0 FF                     761 	.db #0xff	; 255
      0002D1 05                     762 	.db #0x05	; 5
      0002D2 FF                     763 	.db #0xff	; 255
      0002D3 1D                     764 	.db #0x1d	; 29
      0002D4 FF                     765 	.db #0xff	; 255
      0002D5 FD                     766 	.db #0xfd	; 253
      0002D6 FF                     767 	.db #0xff	; 255
      0002D7 1D                     768 	.db #0x1d	; 29
      0002D8 FF                     769 	.db #0xff	; 255
      0002D9 05                     770 	.db #0x05	; 5
      0002DA FF                     771 	.db #0xff	; 255
      0002DB 05                     772 	.db #0x05	; 5
      0002DC FF                     773 	.db #0xff	; 255
      0002DD 01                     774 	.db #0x01	; 1
      0002DE FF                     775 	.db #0xff	; 255
      0002DF 01                     776 	.db #0x01	; 1
      0002E0 FF                     777 	.db #0xff	; 255
      0002E1 8E                     778 	.db #0x8e	; 142
      0002E2 FF                     779 	.db #0xff	; 255
      0002E3 8E                     780 	.db #0x8e	; 142
      0002E4 FF                     781 	.db #0xff	; 255
      0002E5 8E                     782 	.db #0x8e	; 142
      0002E6 FF                     783 	.db #0xff	; 255
      0002E7 8E                     784 	.db #0x8e	; 142
      0002E8 FF                     785 	.db #0xff	; 255
      0002E9 9E                     786 	.db #0x9e	; 158
      0002EA FF                     787 	.db #0xff	; 255
      0002EB BF                     788 	.db #0xbf	; 191
      0002EC FF                     789 	.db #0xff	; 255
      0002ED 80                     790 	.db #0x80	; 128
      0002EE 7F                     791 	.db #0x7f	; 127
      0002EF 7F                     792 	.db #0x7f	; 127
      0002F0 FF                     793 	.db #0xff	; 255
      0002F1 01                     794 	.db #0x01	; 1
      0002F2 FF                     795 	.db #0xff	; 255
      0002F3 01                     796 	.db #0x01	; 1
      0002F4 FF                     797 	.db #0xff	; 255
      0002F5 05                     798 	.db #0x05	; 5
      0002F6 FF                     799 	.db #0xff	; 255
      0002F7 05                     800 	.db #0x05	; 5
      0002F8 FF                     801 	.db #0xff	; 255
      0002F9 1D                     802 	.db #0x1d	; 29
      0002FA FF                     803 	.db #0xff	; 255
      0002FB FD                     804 	.db #0xfd	; 253
      0002FC FF                     805 	.db #0xff	; 255
      0002FD 01                     806 	.db #0x01	; 1
      0002FE FE                     807 	.db #0xfe	; 254
      0002FF FE                     808 	.db #0xfe	; 254
                                    809 	.area _CABS (ABS)
